[INFO] Scanning for projects...
[INFO] 
[INFO] ----------------------< com.jcabi:jcabi-aspects >-----------------------
[INFO] Building jcabi-aspects 1.0-SNAPSHOT
[INFO] -------------------------------[ bundle ]-------------------------------
[INFO] 
[INFO] --- maven-clean-plugin:3.1.0:clean (default-clean) @ jcabi-aspects ---
[INFO] Deleting /home/gabsko/breaking-updates/target
[INFO] 
[INFO] --- maven-enforcer-plugin:3.0.0-M3:enforce (enforce-maven) @ jcabi-aspects ---
[INFO] 
[INFO] --- buildnumber-maven-plugin:1.4:create (jcabi-build-number) @ jcabi-aspects ---
[INFO] ShortRevision tag detected. The value is '7'.
[INFO] Executing: /bin/sh -c cd '/home/gabsko/breaking-updates' && 'git' 'rev-parse' '--verify' '--short=7' 'HEAD'
[INFO] Working directory: /home/gabsko/breaking-updates
[INFO] Storing buildNumber: 2b7a0d9 at timestamp: 2023-01-17T18:55:51
[INFO] Storing buildScmBranch: branch-jcabi/jcabi-aspects-2b7a0d9ead806697faa023baa568c025fac90b51
[INFO] 
[INFO] --- buildnumber-maven-plugin:1.4:create-timestamp (jcabi-build-number) @ jcabi-aspects ---
[INFO] 
[INFO] --- maven-resources-plugin:3.2.0:resources (default-resources) @ jcabi-aspects ---
[INFO] Using 'UTF-8' encoding to copy filtered resources.
[INFO] Using 'UTF-8' encoding to copy filtered properties files.
[INFO] skip non existing resourceDirectory /home/gabsko/breaking-updates/src/main/resources
[INFO] 
[INFO] --- templating-maven-plugin:1.0.0:filter-sources (default-cli) @ jcabi-aspects ---
[INFO] Coping files with filtering to temporary directory.
[INFO] Using 'UTF-8' encoding to copy filtered resources.
[INFO] Copying 2 resources
[INFO] Copied 2 files to output directory: /home/gabsko/breaking-updates/target/generated-sources/java-templates
[INFO] Source directory: /home/gabsko/breaking-updates/target/generated-sources/java-templates added.
[INFO] 
[INFO] --- maven-compiler-plugin:3.9.0:compile (default-compile) @ jcabi-aspects ---
[INFO] Changes detected - recompiling the module!
[INFO] Compiling 35 source files to /home/gabsko/breaking-updates/target/classes
[INFO] 
[INFO] --- aspectj-maven-plugin:1.14.0:compile (jcabi-weave-classes) @ jcabi-aspects ---
[INFO] Showing AJC message detail for messages of types: [error, warning, fail]
[WARNING] bad version number found in /home/gabsko/.m2/repository/org/aspectj/aspectjrt/1.9.9.1/aspectjrt-1.9.9.1.jar expected 1.9.7 found 1.9.9.1
	<unknown source file>:<no line information>

[INFO] Join point 'initialization(void com.jcabi.aspects.aj.Repeater.<init>())' in Type 'com.jcabi.aspects.aj.Repeater' (Repeater.java:52) advised by after advice from 'com.jcabi.aspects.aj.ImmutabilityChecker' (ImmutabilityChecker.java:67)
[INFO] Join point 'initialization(void com.jcabi.aspects.aj.ExceptionsLogger.<init>())' in Type 'com.jcabi.aspects.aj.ExceptionsLogger' (ExceptionsLogger.java:48) advised by after advice from 'com.jcabi.aspects.aj.ImmutabilityChecker' (ImmutabilityChecker.java:67)
[INFO] Join point 'initialization(void com.jcabi.aspects.aj.Parallelizer.<init>())' in Type 'com.jcabi.aspects.aj.Parallelizer' (Parallelizer.java:59) advised by after advice from 'com.jcabi.aspects.aj.ImmutabilityChecker' (ImmutabilityChecker.java:67)
[INFO] Join point 'initialization(void com.jcabi.aspects.aj.QuietExceptionsLogger.<init>())' in Type 'com.jcabi.aspects.aj.QuietExceptionsLogger' (QuietExceptionsLogger.java:49) advised by after advice from 'com.jcabi.aspects.aj.ImmutabilityChecker' (ImmutabilityChecker.java:67)
[INFO] Join point 'initialization(void com.jcabi.aspects.aj.SingleException.<init>())' in Type 'com.jcabi.aspects.aj.SingleException' (SingleException.java:50) advised by after advice from 'com.jcabi.aspects.aj.ImmutabilityChecker' (ImmutabilityChecker.java:67)
[INFO] Join point 'initialization(void com.jcabi.aspects.aj.Mnemos.<init>())' in Type 'com.jcabi.aspects.aj.Mnemos' (Mnemos.java:60) advised by after advice from 'com.jcabi.aspects.aj.ImmutabilityChecker' (ImmutabilityChecker.java:67)
[INFO] 
[INFO] --- maven-resources-plugin:3.2.0:testResources (default-testResources) @ jcabi-aspects ---
[INFO] Using 'UTF-8' encoding to copy filtered resources.
[INFO] Using 'UTF-8' encoding to copy filtered properties files.
[INFO] Copying 2 resources
[INFO] The encoding used to copy filtered properties files have not been set. This means that the same encoding will be used to copy filtered properties files as when copying other filtered resources. This might not be what you want! Run your build with --debug to see which files might be affected. Read more at https://maven.apache.org/plugins/maven-resources-plugin/examples/filtering-properties-files.html
[INFO] 
[INFO] --- maven-compiler-plugin:3.9.0:testCompile (default-testCompile) @ jcabi-aspects ---
[INFO] Changes detected - recompiling the module!
[INFO] Compiling 17 source files to /home/gabsko/breaking-updates/target/test-classes
[INFO] 
[INFO] --- aspectj-maven-plugin:1.14.0:test-compile (jcabi-weave-classes) @ jcabi-aspects ---
[INFO] Showing AJC message detail for messages of types: [error, warning, fail]
[WARNING] bad version number found in /home/gabsko/.m2/repository/org/aspectj/aspectjrt/1.9.9.1/aspectjrt-1.9.9.1.jar expected 1.9.7 found 1.9.9.1
	<unknown source file>:<no line information>

[INFO] Join point 'initialization(void com.jcabi.aspects.aj.ImmutabilityCheckerTest$NonFinal.<init>(java.lang.String))' in Type 'com.jcabi.aspects.aj.ImmutabilityCheckerTest$NonFinal' (ImmutabilityCheckerTest.java:83) advised by after advice from 'com.jcabi.aspects.aj.ImmutabilityChecker' (ImmutabilityChecker.class(from ImmutabilityChecker.java))
[INFO] Join point 'initialization(void com.jcabi.aspects.aj.ImmutabilityCheckerTest$NonFinal.<init>(java.lang.String, com.jcabi.aspects.aj.ImmutabilityCheckerTest$NonFinal))' in Type 'com.jcabi.aspects.aj.ImmutabilityCheckerTest$NonFinal' (ImmutabilityCheckerTest.java:84) advised by after advice from 'com.jcabi.aspects.aj.ImmutabilityChecker' (ImmutabilityChecker.class(from ImmutabilityChecker.java))
[INFO] Join point 'initialization(void com.jcabi.aspects.aj.ImmutabilityCheckerTest$Recursive.<init>(com.jcabi.aspects.aj.ImmutabilityCheckerTest$Recursive))' in Type 'com.jcabi.aspects.aj.ImmutabilityCheckerTest$Recursive' (ImmutabilityCheckerTest.java:103) advised by after advice from 'com.jcabi.aspects.aj.ImmutabilityChecker' (ImmutabilityChecker.class(from ImmutabilityChecker.java))
[INFO] Join point 'initialization(void com.jcabi.aspects.aj.ImmutabilityCheckerTest$Recursive.<init>(com.jcabi.aspects.aj.ImmutabilityCheckerTest$Recursive, com.jcabi.aspects.aj.ImmutabilityCheckerTest$Recursive))' in Type 'com.jcabi.aspects.aj.ImmutabilityCheckerTest$Recursive' (ImmutabilityCheckerTest.java:104) advised by after advice from 'com.jcabi.aspects.aj.ImmutabilityChecker' (ImmutabilityChecker.class(from ImmutabilityChecker.java))
[INFO] Join point 'method-execution(void com.jcabi.aspects.aj.ParallelizerTest$3.run())' in Type 'com.jcabi.aspects.aj.ParallelizerTest$3' (ParallelizerTest.java:73) advised by around advice from 'com.jcabi.aspects.aj.Parallelizer' (Parallelizer.class(from Parallelizer.java))
[INFO] Join point 'method-execution(void com.jcabi.aspects.aj.ParallelizerTest$2.run())' in Type 'com.jcabi.aspects.aj.ParallelizerTest$2' (ParallelizerTest.java:56) advised by around advice from 'com.jcabi.aspects.aj.Parallelizer' (Parallelizer.class(from Parallelizer.java))
[INFO] Join point 'method-execution(java.lang.Boolean com.jcabi.aspects.aj.RepeaterTest$7.call())' in Type 'com.jcabi.aspects.aj.RepeaterTest$7' (RepeaterTest.java:158) advised by around advice from 'com.jcabi.aspects.aj.Repeater' (Repeater.class(from Repeater.java))
[INFO] Join point 'method-execution(java.lang.Boolean com.jcabi.aspects.aj.RepeaterTest$5.call())' in Type 'com.jcabi.aspects.aj.RepeaterTest$5' (RepeaterTest.java:107) advised by around advice from 'com.jcabi.aspects.aj.Repeater' (Repeater.class(from Repeater.java))
[INFO] Join point 'method-execution(java.lang.Boolean com.jcabi.aspects.aj.RepeaterTest$6.call())' in Type 'com.jcabi.aspects.aj.RepeaterTest$6' (RepeaterTest.java:133) advised by around advice from 'com.jcabi.aspects.aj.Repeater' (Repeater.class(from Repeater.java))
[INFO] Join point 'method-execution(java.lang.Boolean com.jcabi.aspects.aj.RepeaterTest$4.call())' in Type 'com.jcabi.aspects.aj.RepeaterTest$4' (RepeaterTest.java:82) advised by around advice from 'com.jcabi.aspects.aj.Repeater' (Repeater.class(from Repeater.java))
[INFO] Join point 'method-execution(java.lang.Boolean com.jcabi.aspects.aj.RepeaterTest$3.call())' in Type 'com.jcabi.aspects.aj.RepeaterTest$3' (RepeaterTest.java:58) advised by around advice from 'com.jcabi.aspects.aj.Repeater' (Repeater.class(from Repeater.java))
[INFO] Join point 'method-execution(void com.jcabi.aspects.aj.MethodSchedulerTest$LongRun.close())' in Type 'com.jcabi.aspects.aj.MethodSchedulerTest$LongRun' (MethodSchedulerTest.java:123) advised by before advice from 'com.jcabi.aspects.aj.MethodScheduler' (MethodScheduler.class(from MethodScheduler.java))
[INFO] Join point 'initialization(void com.jcabi.aspects.aj.MethodSchedulerTest$LongRun.<init>())' in Type 'com.jcabi.aspects.aj.MethodSchedulerTest$LongRun' (MethodSchedulerTest.java:105) advised by after advice from 'com.jcabi.aspects.aj.MethodScheduler' (MethodScheduler.class(from MethodScheduler.java))
[INFO] Join point 'initialization(void com.jcabi.aspects.aj.MethodSchedulerTest$LongRun.<init>(com.jcabi.aspects.aj.MethodSchedulerTest$LongRun))' in Type 'com.jcabi.aspects.aj.MethodSchedulerTest$LongRun' (MethodSchedulerTest.java:105) advised by after advice from 'com.jcabi.aspects.aj.MethodScheduler' (MethodScheduler.class(from MethodScheduler.java))
[INFO] Join point 'method-execution(void com.jcabi.aspects.aj.MethodSchedulerTest$ShortRun.close())' in Type 'com.jcabi.aspects.aj.MethodSchedulerTest$ShortRun' (MethodSchedulerTest.java:94) advised by before advice from 'com.jcabi.aspects.aj.MethodScheduler' (MethodScheduler.class(from MethodScheduler.java))
[INFO] Join point 'initialization(void com.jcabi.aspects.aj.MethodSchedulerTest$ShortRun.<init>())' in Type 'com.jcabi.aspects.aj.MethodSchedulerTest$ShortRun' (MethodSchedulerTest.java:76) advised by after advice from 'com.jcabi.aspects.aj.MethodScheduler' (MethodScheduler.class(from MethodScheduler.java))
[INFO] Join point 'initialization(void com.jcabi.aspects.aj.MethodSchedulerTest$ShortRun.<init>(com.jcabi.aspects.aj.MethodSchedulerTest$ShortRun))' in Type 'com.jcabi.aspects.aj.MethodSchedulerTest$ShortRun' (MethodSchedulerTest.java:76) advised by after advice from 'com.jcabi.aspects.aj.MethodScheduler' (MethodScheduler.class(from MethodScheduler.java))
[INFO] Join point 'initialization(void com.jcabi.aspects.ImmutableTest$TruelyImmutableWithNonPrivateFields.<init>())' in Type 'com.jcabi.aspects.ImmutableTest$TruelyImmutableWithNonPrivateFields' (ImmutableTest.java:263) advised by after advice from 'com.jcabi.aspects.aj.ImmutabilityChecker' (ImmutabilityChecker.class(from ImmutabilityChecker.java))
[INFO] Join point 'initialization(void com.jcabi.aspects.ImmutableTest$TruelyImmutableWithNonPrivateFields.<init>(com.jcabi.aspects.ImmutableTest$TruelyImmutableWithNonPrivateFields))' in Type 'com.jcabi.aspects.ImmutableTest$TruelyImmutableWithNonPrivateFields' (ImmutableTest.java:263) advised by after advice from 'com.jcabi.aspects.aj.ImmutabilityChecker' (ImmutabilityChecker.class(from ImmutabilityChecker.java))
[INFO] Join point 'initialization(void com.jcabi.aspects.ImmutableTest$Mutable.<init>())' in Type 'com.jcabi.aspects.ImmutableTest$Mutable' (ImmutableTest.java:152) advised by after advice from 'com.jcabi.aspects.aj.ImmutabilityChecker' (ImmutabilityChecker.class(from ImmutabilityChecker.java))
[INFO] Join point 'initialization(void com.jcabi.aspects.ImmutableTest$Mutable.<init>(com.jcabi.aspects.ImmutableTest$Mutable))' in Type 'com.jcabi.aspects.ImmutableTest$Mutable' (ImmutableTest.java:152) advised by after advice from 'com.jcabi.aspects.aj.ImmutabilityChecker' (ImmutabilityChecker.class(from ImmutabilityChecker.java))
[INFO] Join point 'initialization(void com.jcabi.aspects.ImmutableTest$TruelyImmutable.<init>())' in Type 'com.jcabi.aspects.ImmutableTest$TruelyImmutable' (ImmutableTest.java:214) advised by after advice from 'com.jcabi.aspects.aj.ImmutabilityChecker' (ImmutabilityChecker.class(from ImmutabilityChecker.java))
[INFO] Join point 'initialization(void com.jcabi.aspects.ImmutableTest$TruelyImmutable.<init>(com.jcabi.aspects.ImmutableTest$TruelyImmutableWithNonPrivateFields))' in Type 'com.jcabi.aspects.ImmutableTest$TruelyImmutable' (ImmutableTest.java:223) advised by after advice from 'com.jcabi.aspects.aj.ImmutabilityChecker' (ImmutabilityChecker.class(from ImmutabilityChecker.java))
[INFO] Join point 'initialization(void com.jcabi.aspects.ImmutableTest$TruelyImmutable.<init>(java.lang.String))' in Type 'com.jcabi.aspects.ImmutableTest$TruelyImmutable' (ImmutableTest.java:233) advised by after advice from 'com.jcabi.aspects.aj.ImmutabilityChecker' (ImmutabilityChecker.class(from ImmutabilityChecker.java))
[INFO] Join point 'initialization(void com.jcabi.aspects.ImmutableTest$TruelyImmutable.<init>(com.jcabi.aspects.ImmutableTest$TruelyImmutableWithNonPrivateFields, com.jcabi.aspects.ImmutableTest$TruelyImmutable))' in Type 'com.jcabi.aspects.ImmutableTest$TruelyImmutable' (ImmutableTest.java:234) advised by after advice from 'com.jcabi.aspects.aj.ImmutabilityChecker' (ImmutabilityChecker.class(from ImmutabilityChecker.java))
[INFO] Join point 'initialization(void com.jcabi.aspects.ImmutableTest$MutableByInheritance.<init>())' in Type 'com.jcabi.aspects.ImmutableTest$MutableByInheritance' (ImmutableTest.java:294) advised by after advice from 'com.jcabi.aspects.aj.ImmutabilityChecker' (ImmutabilityChecker.class(from ImmutabilityChecker.java))
[INFO] Join point 'initialization(void com.jcabi.aspects.ImmutableTest$MutableByInheritance.<init>(com.jcabi.aspects.ImmutableTest$MutableByInheritance))' in Type 'com.jcabi.aspects.ImmutableTest$MutableByInheritance' (ImmutableTest.java:294) advised by after advice from 'com.jcabi.aspects.aj.ImmutabilityChecker' (ImmutabilityChecker.class(from ImmutabilityChecker.java))
[INFO] Join point 'initialization(void com.jcabi.aspects.ImmutableTest$MutableWithArray.<init>())' in Type 'com.jcabi.aspects.ImmutableTest$MutableWithArray' (ImmutableTest.java:165) advised by after advice from 'com.jcabi.aspects.aj.ImmutabilityChecker' (ImmutabilityChecker.class(from ImmutabilityChecker.java))
[INFO] Join point 'initialization(void com.jcabi.aspects.ImmutableTest$MutableWithArray.<init>(com.jcabi.aspects.ImmutableTest$MutableWithArray))' in Type 'com.jcabi.aspects.ImmutableTest$MutableWithArray' (ImmutableTest.java:165) advised by after advice from 'com.jcabi.aspects.aj.ImmutabilityChecker' (ImmutabilityChecker.class(from ImmutabilityChecker.java))
[INFO] Join point 'method-execution(void com.jcabi.aspects.AsyncTest$1.run())' in Type 'com.jcabi.aspects.AsyncTest$1' (AsyncTest.java:67) advised by around advice from 'com.jcabi.aspects.aj.MethodAsyncRunner' (MethodAsyncRunner.class(from MethodAsyncRunner.java))
[INFO] Join point 'method-execution(java.util.concurrent.Future com.jcabi.aspects.AsyncTest$Foo.asyncMethodWithReturnValue())' in Type 'com.jcabi.aspects.AsyncTest$Foo' (AsyncTest.java:115) advised by around advice from 'com.jcabi.aspects.aj.MethodAsyncRunner' (MethodAsyncRunner.class(from MethodAsyncRunner.java))
[INFO] Join point 'method-execution(int com.jcabi.aspects.AsyncTest$Foo.asyncMethodThatReturnsInt())' in Type 'com.jcabi.aspects.AsyncTest$Foo' (AsyncTest.java:152) advised by around advice from 'com.jcabi.aspects.aj.MethodAsyncRunner' (MethodAsyncRunner.class(from MethodAsyncRunner.java))
[INFO] Join point 'method-execution(void com.jcabi.aspects.TimeableTest.slow())' in Type 'com.jcabi.aspects.TimeableTest' (TimeableTest.java:59) advised by around advice from 'com.jcabi.aspects.aj.MethodInterrupter' (MethodInterrupter.class(from MethodInterrupter.java))
[INFO] Join point 'method-execution(void com.jcabi.aspects.RetryOnFailureTest$1.run())' in Type 'com.jcabi.aspects.RetryOnFailureTest$1' (RetryOnFailureTest.java:54) advised by around advice from 'com.jcabi.aspects.aj.Repeater' (Repeater.class(from Repeater.java))
[INFO] Join point 'method-execution(void com.jcabi.aspects.RetryOnFailureTest$2.run())' in Type 'com.jcabi.aspects.RetryOnFailureTest$2' (RetryOnFailureTest.java:74) advised by around advice from 'com.jcabi.aspects.aj.Repeater' (Repeater.class(from Repeater.java))
[INFO] Join point 'method-execution(void com.jcabi.aspects.ScheduleWithFixedDelayTest$Sample.close())' in Type 'com.jcabi.aspects.ScheduleWithFixedDelayTest$Sample' (ScheduleWithFixedDelayTest.java:104) advised by before advice from 'com.jcabi.aspects.aj.MethodScheduler' (MethodScheduler.class(from MethodScheduler.java))
[INFO] Join point 'initialization(void com.jcabi.aspects.ScheduleWithFixedDelayTest$Sample.<init>(java.util.concurrent.atomic.AtomicLong))' in Type 'com.jcabi.aspects.ScheduleWithFixedDelayTest$Sample' (ScheduleWithFixedDelayTest.java:94) advised by after advice from 'com.jcabi.aspects.aj.MethodScheduler' (MethodScheduler.class(from MethodScheduler.java))
[INFO] Join point 'method-execution(void com.jcabi.aspects.ScheduleWithFixedDelayTest$LongDelaySample.close())' in Type 'com.jcabi.aspects.ScheduleWithFixedDelayTest$LongDelaySample' (ScheduleWithFixedDelayTest.java:135) advised by before advice from 'com.jcabi.aspects.aj.MethodScheduler' (MethodScheduler.class(from MethodScheduler.java))
[INFO] Join point 'initialization(void com.jcabi.aspects.ScheduleWithFixedDelayTest$LongDelaySample.<init>(java.util.concurrent.atomic.AtomicLong))' in Type 'com.jcabi.aspects.ScheduleWithFixedDelayTest$LongDelaySample' (ScheduleWithFixedDelayTest.java:125) advised by after advice from 'com.jcabi.aspects.aj.MethodScheduler' (MethodScheduler.class(from MethodScheduler.java))
[INFO] Join point 'method-execution(void com.jcabi.aspects.JSR303Test$Bar.test(java.lang.String))' in Type 'com.jcabi.aspects.JSR303Test$Bar' (JSR303Test.java:258) advised by around advice from 'com.jcabi.aspects.aj.MethodLogger' (MethodLogger.class(from MethodLogger.java)) [with runtime test]
[INFO] Join point 'method-execution(void com.jcabi.aspects.JSR303Test$Bar.test(java.lang.String))' in Type 'com.jcabi.aspects.JSR303Test$Bar' (JSR303Test.java:258) advised by before advice from 'com.jcabi.aspects.aj.MethodValidator' (MethodValidator.class(from MethodValidator.java))
[INFO] Join point 'method-execution(int com.jcabi.aspects.JSR303Test$Foo.foo(java.lang.String))' in Type 'com.jcabi.aspects.JSR303Test$Foo' (JSR303Test.java:193) advised by around advice from 'com.jcabi.aspects.aj.MethodLogger' (MethodLogger.class(from MethodLogger.java)) [with runtime test]
[INFO] Join point 'method-execution(int com.jcabi.aspects.JSR303Test$Foo.foo(java.lang.String))' in Type 'com.jcabi.aspects.JSR303Test$Foo' (JSR303Test.java:193) advised by before advice from 'com.jcabi.aspects.aj.MethodValidator' (MethodValidator.class(from MethodValidator.java))
[INFO] Join point 'method-execution(int com.jcabi.aspects.JSR303Test$Foo.foo(java.lang.String))' in Type 'com.jcabi.aspects.JSR303Test$Foo' (JSR303Test.java:193) advised by afterReturning advice from 'com.jcabi.aspects.aj.MethodValidator' (MethodValidator.class(from MethodValidator.java))
[INFO] Join point 'method-execution(java.lang.Integer com.jcabi.aspects.JSR303Test$Foo.nullValue())' in Type 'com.jcabi.aspects.JSR303Test$Foo' (JSR303Test.java:207) advised by around advice from 'com.jcabi.aspects.aj.MethodLogger' (MethodLogger.class(from MethodLogger.java)) [with runtime test]
[INFO] Join point 'method-execution(java.lang.Integer com.jcabi.aspects.JSR303Test$Foo.nullValue())' in Type 'com.jcabi.aspects.JSR303Test$Foo' (JSR303Test.java:207) advised by afterReturning advice from 'com.jcabi.aspects.aj.MethodValidator' (MethodValidator.class(from MethodValidator.java))
[INFO] Join point 'method-execution(void com.jcabi.aspects.JSR303Test$Foo.voidAlways())' in Type 'com.jcabi.aspects.JSR303Test$Foo' (JSR303Test.java:214) advised by around advice from 'com.jcabi.aspects.aj.MethodLogger' (MethodLogger.class(from MethodLogger.java)) [with runtime test]
[INFO] Join point 'preinitialization(void com.jcabi.aspects.JSR303Test$ConstructorValidation.<init>(java.lang.String, java.lang.String))' in Type 'com.jcabi.aspects.JSR303Test$ConstructorValidation' (JSR303Test.java:233) advised by before advice from 'com.jcabi.aspects.aj.MethodValidator' (MethodValidator.class(from MethodValidator.java))
[INFO] Join point 'preinitialization(void com.jcabi.aspects.JSR303Test$ConstructorValidation.<init>(java.lang.String))' in Type 'com.jcabi.aspects.JSR303Test$ConstructorValidation' (JSR303Test.java:245) advised by before advice from 'com.jcabi.aspects.aj.MethodValidator' (MethodValidator.class(from MethodValidator.java))
[INFO] Join point 'method-execution(com.jcabi.aspects.LoggableTest$Foo com.jcabi.aspects.LoggableTest$Foo.self())' in Type 'com.jcabi.aspects.LoggableTest$Foo' (LoggableTest.java:248) advised by around advice from 'com.jcabi.aspects.aj.MethodLogger' (MethodLogger.class(from MethodLogger.java))
[INFO] Join point 'method-execution(com.jcabi.aspects.LoggableTest$Foo com.jcabi.aspects.LoggableTest$Foo.self())' in Type 'com.jcabi.aspects.LoggableTest$Foo' (LoggableTest.java:248) advised by around advice from 'com.jcabi.aspects.aj.MethodLogger' (MethodLogger.class(from MethodLogger.java)) [with runtime test]
[INFO] Join point 'method-execution(java.lang.String com.jcabi.aspects.LoggableTest$Foo.text())' in Type 'com.jcabi.aspects.LoggableTest$Foo' (LoggableTest.java:258) advised by around advice from 'com.jcabi.aspects.aj.MethodLogger' (MethodLogger.class(from MethodLogger.java)) [with runtime test]
[INFO] Join point 'method-execution(java.lang.String com.jcabi.aspects.LoggableTest$Foo.text())' in Type 'com.jcabi.aspects.LoggableTest$Foo' (LoggableTest.java:258) advised by around advice from 'com.jcabi.aspects.aj.MethodInterrupter' (MethodInterrupter.class(from MethodInterrupter.java))
[INFO] Join point 'method-execution(java.lang.String com.jcabi.aspects.LoggableTest$Foo.explicitLoggerName())' in Type 'com.jcabi.aspects.LoggableTest$Foo' (LoggableTest.java:268) advised by around advice from 'com.jcabi.aspects.aj.MethodLogger' (MethodLogger.class(from MethodLogger.java))
[INFO] Join point 'method-execution(java.lang.String com.jcabi.aspects.LoggableTest$Foo.explicitLoggerName())' in Type 'com.jcabi.aspects.LoggableTest$Foo' (LoggableTest.java:268) advised by around advice from 'com.jcabi.aspects.aj.MethodLogger' (MethodLogger.class(from MethodLogger.java)) [with runtime test]
[INFO] Join point 'method-execution(java.lang.String com.jcabi.aspects.LoggableTest$Foo.revert(java.lang.String))' in Type 'com.jcabi.aspects.LoggableTest$Foo' (LoggableTest.java:279) advised by around advice from 'com.jcabi.aspects.aj.MethodLogger' (MethodLogger.class(from MethodLogger.java))
[INFO] Join point 'method-execution(java.lang.String com.jcabi.aspects.LoggableTest$Foo.revert(java.lang.String))' in Type 'com.jcabi.aspects.LoggableTest$Foo' (LoggableTest.java:279) advised by around advice from 'com.jcabi.aspects.aj.MethodLogger' (MethodLogger.class(from MethodLogger.java)) [with runtime test]
[INFO] Join point 'method-execution(java.lang.String com.jcabi.aspects.LoggableTest$Foo.revert(java.lang.String))' in Type 'com.jcabi.aspects.LoggableTest$Foo' (LoggableTest.java:279) advised by around advice from 'com.jcabi.aspects.aj.MethodInterrupter' (MethodInterrupter.class(from MethodInterrupter.java))
[INFO] Join point 'method-execution(java.lang.String com.jcabi.aspects.LoggableTest$Foo.logsDurationInSeconds())' in Type 'com.jcabi.aspects.LoggableTest$Foo' (LoggableTest.java:289) advised by around advice from 'com.jcabi.aspects.aj.MethodLogger' (MethodLogger.class(from MethodLogger.java))
[INFO] Join point 'method-execution(java.lang.String com.jcabi.aspects.LoggableTest$Foo.logsDurationInSeconds())' in Type 'com.jcabi.aspects.LoggableTest$Foo' (LoggableTest.java:289) advised by around advice from 'com.jcabi.aspects.aj.MethodLogger' (MethodLogger.class(from MethodLogger.java)) [with runtime test]
[INFO] Join point 'method-execution(byte[] com.jcabi.aspects.LoggableTest$Foo.logsByteArray())' in Type 'com.jcabi.aspects.LoggableTest$Foo' (LoggableTest.java:299) advised by around advice from 'com.jcabi.aspects.aj.MethodLogger' (MethodLogger.class(from MethodLogger.java))
[INFO] Join point 'method-execution(byte[] com.jcabi.aspects.LoggableTest$Foo.logsByteArray())' in Type 'com.jcabi.aspects.LoggableTest$Foo' (LoggableTest.java:299) advised by around advice from 'com.jcabi.aspects.aj.MethodLogger' (MethodLogger.class(from MethodLogger.java)) [with runtime test]
[INFO] Join point 'method-execution(short[] com.jcabi.aspects.LoggableTest$Foo.logsShortArray())' in Type 'com.jcabi.aspects.LoggableTest$Foo' (LoggableTest.java:310) advised by around advice from 'com.jcabi.aspects.aj.MethodLogger' (MethodLogger.class(from MethodLogger.java))
[INFO] Join point 'method-execution(short[] com.jcabi.aspects.LoggableTest$Foo.logsShortArray())' in Type 'com.jcabi.aspects.LoggableTest$Foo' (LoggableTest.java:310) advised by around advice from 'com.jcabi.aspects.aj.MethodLogger' (MethodLogger.class(from MethodLogger.java)) [with runtime test]
[INFO] Join point 'method-execution(java.lang.String com.jcabi.aspects.LoggableTest$Foo.last(java.lang.String))' in Type 'com.jcabi.aspects.LoggableTest$Foo' (LoggableTest.java:325) advised by around advice from 'com.jcabi.aspects.aj.MethodLogger' (MethodLogger.class(from MethodLogger.java))
[INFO] Join point 'method-execution(java.lang.String com.jcabi.aspects.LoggableTest$Foo.last(java.lang.String))' in Type 'com.jcabi.aspects.LoggableTest$Foo' (LoggableTest.java:325) advised by around advice from 'com.jcabi.aspects.aj.MethodLogger' (MethodLogger.class(from MethodLogger.java)) [with runtime test]
[INFO] Join point 'method-execution(void com.jcabi.aspects.LoggableTest$Foo.doThrow())' in Type 'com.jcabi.aspects.LoggableTest$Foo' (LoggableTest.java:341) advised by around advice from 'com.jcabi.aspects.aj.MethodLogger' (MethodLogger.class(from MethodLogger.java))
[INFO] Join point 'method-execution(void com.jcabi.aspects.UnitedThrowTest$Thrower.save())' in Type 'com.jcabi.aspects.UnitedThrowTest$Thrower' (UnitedThrowTest.java:113) advised by around advice from 'com.jcabi.aspects.aj.SingleException' (SingleException.class(from SingleException.java))
[INFO] Join point 'method-execution(void com.jcabi.aspects.UnitedThrowTest$Thrower.file())' in Type 'com.jcabi.aspects.UnitedThrowTest$Thrower' (UnitedThrowTest.java:122) advised by around advice from 'com.jcabi.aspects.aj.SingleException' (SingleException.class(from SingleException.java))
[INFO] Join point 'method-execution(void com.jcabi.aspects.UnitedThrowTest$Thrower.multiple())' in Type 'com.jcabi.aspects.UnitedThrowTest$Thrower' (UnitedThrowTest.java:131) advised by around advice from 'com.jcabi.aspects.aj.SingleException' (SingleException.class(from SingleException.java))
[INFO] Join point 'method-execution(void com.jcabi.aspects.UnitedThrowTest$Thrower.def())' in Type 'com.jcabi.aspects.UnitedThrowTest$Thrower' (UnitedThrowTest.java:139) advised by around advice from 'com.jcabi.aspects.aj.SingleException' (SingleException.class(from SingleException.java))
[INFO] Join point 'method-execution(void com.jcabi.aspects.UnitedThrowTest$Thrower.encapsulate())' in Type 'com.jcabi.aspects.UnitedThrowTest$Thrower' (UnitedThrowTest.java:147) advised by around advice from 'com.jcabi.aspects.aj.SingleException' (SingleException.class(from SingleException.java))
[INFO] Join point 'method-execution(long com.jcabi.aspects.CacheableTest$Bar.get())' in Type 'com.jcabi.aspects.CacheableTest$Bar' (CacheableTest.java:292) advised by around advice from 'com.jcabi.aspects.aj.MethodCacher' (MethodCacher.class(from MethodCacher.java))
[INFO] Join point 'method-execution(java.lang.String com.jcabi.aspects.CacheableTest$Foo.toString())' in Type 'com.jcabi.aspects.CacheableTest$Foo' (CacheableTest.java:217) advised by around advice from 'com.jcabi.aspects.aj.MethodLogger' (MethodLogger.class(from MethodLogger.java))
[INFO] Join point 'method-execution(java.lang.String com.jcabi.aspects.CacheableTest$Foo.toString())' in Type 'com.jcabi.aspects.CacheableTest$Foo' (CacheableTest.java:217) advised by around advice from 'com.jcabi.aspects.aj.MethodCacher' (MethodCacher.class(from MethodCacher.java))
[INFO] Join point 'method-execution(com.jcabi.aspects.CacheableTest$Foo com.jcabi.aspects.CacheableTest$Foo.get())' in Type 'com.jcabi.aspects.CacheableTest$Foo' (CacheableTest.java:227) advised by around advice from 'com.jcabi.aspects.aj.MethodLogger' (MethodLogger.class(from MethodLogger.java))
[INFO] Join point 'method-execution(com.jcabi.aspects.CacheableTest$Foo com.jcabi.aspects.CacheableTest$Foo.get())' in Type 'com.jcabi.aspects.CacheableTest$Foo' (CacheableTest.java:227) advised by around advice from 'com.jcabi.aspects.aj.MethodCacher' (MethodCacher.class(from MethodCacher.java))
[INFO] Join point 'method-execution(com.jcabi.aspects.CacheableTest$Foo com.jcabi.aspects.CacheableTest$Foo.asyncGet())' in Type 'com.jcabi.aspects.CacheableTest$Foo' (CacheableTest.java:237) advised by around advice from 'com.jcabi.aspects.aj.MethodLogger' (MethodLogger.class(from MethodLogger.java))
[INFO] Join point 'method-execution(com.jcabi.aspects.CacheableTest$Foo com.jcabi.aspects.CacheableTest$Foo.asyncGet())' in Type 'com.jcabi.aspects.CacheableTest$Foo' (CacheableTest.java:237) advised by around advice from 'com.jcabi.aspects.aj.MethodCacher' (MethodCacher.class(from MethodCacher.java))
[INFO] Join point 'method-execution(com.jcabi.aspects.CacheableTest$Foo com.jcabi.aspects.CacheableTest$Foo.never())' in Type 'com.jcabi.aspects.CacheableTest$Foo' (CacheableTest.java:247) advised by around advice from 'com.jcabi.aspects.aj.MethodLogger' (MethodLogger.class(from MethodLogger.java))
[INFO] Join point 'method-execution(com.jcabi.aspects.CacheableTest$Foo com.jcabi.aspects.CacheableTest$Foo.never())' in Type 'com.jcabi.aspects.CacheableTest$Foo' (CacheableTest.java:247) advised by around advice from 'com.jcabi.aspects.aj.MethodCacher' (MethodCacher.class(from MethodCacher.java))
[INFO] Join point 'method-execution(void com.jcabi.aspects.CacheableTest$Foo.flush())' in Type 'com.jcabi.aspects.CacheableTest$Foo' (CacheableTest.java:260) advised by before advice from 'com.jcabi.aspects.aj.MethodCacher' (MethodCacher.class(from MethodCacher.java))
[INFO] Join point 'method-execution(java.lang.String com.jcabi.aspects.CacheableTest$Foo.staticGet())' in Type 'com.jcabi.aspects.CacheableTest$Foo' (CacheableTest.java:269) advised by around advice from 'com.jcabi.aspects.aj.MethodCacher' (MethodCacher.class(from MethodCacher.java))
[INFO] Join point 'method-execution(void com.jcabi.aspects.CacheableTest$Foo.staticFlush())' in Type 'com.jcabi.aspects.CacheableTest$Foo' (CacheableTest.java:277) advised by before advice from 'com.jcabi.aspects.aj.MethodCacher' (MethodCacher.class(from MethodCacher.java))
[INFO] 
[INFO] --- maven-surefire-plugin:3.0.0-M7:test (default-test) @ jcabi-aspects ---
[INFO] Tests will run in random order. To reproduce ordering use flag -Dsurefire.runOrder.random.seed=19968283405240658
[INFO] Using auto detected provider org.apache.maven.surefire.junitplatform.JUnitPlatformProvider
[INFO] 
[INFO] -------------------------------------------------------
[INFO]  T E S T S
[INFO] -------------------------------------------------------
[INFO] Running com.jcabi.aspects.LoggableTest
[[0;37mINFO[m] main com.jcabi.aspects.aj.NamedThreads: jcabi-aspects 1.0-SNAPSHOT/2b7a0d9 started new daemon thread jcabi-loggable for watching of @Loggable annotated methods
[[0;37mINFO[m] main com.jcabi.aspects.LoggableTest$Foo: #logsShortArray(): [32, -26575, -27213, -9736, -19319, -19079, -15959, 29832, -8204, 18845] in 714.96Âµs
[[0;37mINFO[m] main com.jcabi.aspects.LoggableTest$Foo: #logsByteArray(): [52, -105, -72, -115, 113, -14, -70, 53, -119, 115] in 23.50Âµs
[[0;37mINFO[m] main com.jcabi.aspects.LoggableTest$Foo: some text#last('TEST'): 'T' in 15.64Âµs
[[2;37mDEBUG[m] main test-logger: #explicitLoggerName(): entered
[[2;37mDEBUG[m] main test-logger: #explicitLoggerName(): 'some static text' in 255.74Âµs
[[0;37mINFO[m] main com.jcabi.aspects.aj.NamedThreads: jcabi-aspects 1.0-SNAPSHOT/2b7a0d9 started new daemon thread jcabi-timeable for interrupting of @Timeable annotated methods
[[0;37mINFO[m] main com.jcabi.aspects.LoggableTest$Foo: #revert('hello'): 'olleh' in 25.58Âµs
[[2;37mDEBUG[m] main com.jcabi.aspects.LoggableTest$Foo: #text(): entered
[[0;33mWARN[m] jcabi-loggable com.jcabi.aspects.LoggableTest$Foo: #text(): takes more than 1ms, 977ms already, thread=main/TIMED_WAITING
[[2;37mDEBUG[m] jcabi-loggable com.jcabi.aspects.LoggableTest$Foo: #text(): thread main/TIMED_WAITING stacktrace: java.lang.Thread#sleep[-2], java.lang.Thread#sleep[334], java.util.concurrent.TimeUnit#sleep[446], com.jcabi.aspects.LoggableTest$Foo#text_aroundBody4[259], com.jcabi.aspects.LoggableTest$Foo$AjcClosure5#run[1], org.aspectj.runtime.reflect.JoinPointImpl#proceed[183], com.jcabi.aspects.aj.MethodLogger#wrap[208], com.jcabi.aspects.aj.MethodLogger#ajc$inlineAccessMethod$com_jcabi_aspects_aj_MethodLogger$com_jcabi_aspects_aj_MethodLogger$wrap[1], com.jcabi.aspects.aj.MethodLogger#wrapClass[135], com.jcabi.aspects.LoggableTest$Foo#text_aroundBody6[258], com.jcabi.aspects.LoggableTest$Foo$AjcClosure7#run[1], org.aspectj.runtime.reflect.JoinPointImpl#proceed[183], com.jcabi.aspects.aj.MethodInterrupter#wrap[108], com.jcabi.aspects.LoggableTest$Foo#text[258], com.jcabi.aspects.LoggableTest#logsStaticMethods[83], jdk.internal.reflect.NativeMethodAccessorImpl#invoke0[-2], jdk.internal.reflect.NativeMethodAccessorImpl#invoke[62], jdk.internal.reflect.DelegatingMethodAccessorImpl#invoke[43], java.lang.reflect.Method#invoke[566], org.junit.platform.commons.util.ReflectionUtils#invokeMethod[686], org.junit.jupiter.engine.execution.MethodInvocation#proceed[60], org.junit.jupiter.engine.execution.InvocationInterceptorChain$ValidatingInvocation#proceed[131], org.junit.jupiter.engine.extension.TimeoutExtension#intercept[149], org.junit.jupiter.engine.extension.TimeoutExtension#interceptTestableMethod[140], org.junit.jupiter.engine.extension.TimeoutExtension#interceptTestMethod[84], org.junit.jupiter.engine.descriptor.TestMethodTestDescriptor$$Lambda$154/0x00000008400b4040#apply[-1], org.junit.jupiter.engine.execution.ExecutableInvoker$ReflectiveInterceptorCall#lambda$ofVoidMethod$0[115], org.junit.jupiter.engine.execution.ExecutableInvoker$ReflectiveInterceptorCall$$Lambda$155/0x00000008400b4440#apply[-1], org.junit.jupiter.engine.execution.ExecutableInvoker#lambda$invoke$0[105], org.junit.jupiter.engine.execution.ExecutableInvoker$$Lambda$279/0x00000008400fa040#apply[-1], org.junit.jupiter.engine.execution.InvocationInterceptorChain$InterceptedInvocation#proceed[106], org.junit.jupiter.engine.execution.InvocationInterceptorChain#proceed[64], org.junit.jupiter.engine.execution.InvocationInterceptorChain#chainAndInvoke[45], org.junit.jupiter.engine.execution.InvocationInterceptorChain#invoke[37], org.junit.jupiter.engine.execution.ExecutableInvoker#invoke[104], org.junit.jupiter.engine.execution.ExecutableInvoker#invoke[98], org.junit.jupiter.engine.descriptor.TestMethodTestDescriptor#lambda$invokeTestMethod$6[212], org.junit.jupiter.engine.descriptor.TestMethodTestDescriptor$$Lambda$301/0x0000000840100040#execute[-1], org.junit.platform.engine.support.hierarchical.ThrowableCollector#execute[73], org.junit.jupiter.engine.descriptor.TestMethodTestDescriptor#invokeTestMethod[208], org.junit.jupiter.engine.descriptor.TestMethodTestDescriptor#execute[137], org.junit.jupiter.engine.descriptor.TestMethodTestDescriptor#execute[71], org.junit.platform.engine.support.hierarchical.NodeTestTask#lambda$executeRecursively$5[135], org.junit.platform.engine.support.hierarchical.NodeTestTask$$Lambda$224/0x00000008400e2c40#execute[-1], org.junit.platform.engine.support.hierarchical.ThrowableCollector#execute[73], org.junit.platform.engine.support.hierarchical.NodeTestTask#lambda$executeRecursively$7[125], org.junit.platform.engine.support.hierarchical.NodeTestTask$$Lambda$223/0x00000008400e2840#invoke[-1], org.junit.platform.engine.support.hierarchical.Node#around[135], org.junit.platform.engine.support.hierarchical.NodeTestTask#lambda$executeRecursively$8[123], org.junit.platform.engine.support.hierarchical.NodeTestTask$$Lambda$222/0x00000008400e2440#execute[-1], org.junit.platform.engine.support.hierarchical.ThrowableCollector#execute[73], org.junit.platform.engine.support.hierarchical.NodeTestTask#executeRecursively[122], org.junit.platform.engine.support.hierarchical.NodeTestTask#execute[80], org.junit.platform.engine.support.hierarchical.SameThreadHierarchicalTestExecutorService$$Lambda$228/0x00000008400e3c40#accept[-1], java.util.ArrayList#forEach[1541], org.junit.platform.engine.support.hierarchical.SameThreadHierarchicalTestExecutorService#invokeAll[38], org.junit.platform.engine.support.hierarchical.NodeTestTask#lambda$executeRecursively$5[139], org.junit.platform.engine.support.hierarchical.NodeTestTask$$Lambda$224/0x00000008400e2c40#execute[-1], org.junit.platform.engine.support.hierarchical.ThrowableCollector#execute[73], org.junit.platform.engine.support.hierarchical.NodeTestTask#lambda$executeRecursively$7[125], org.junit.platform.engine.support.hierarchical.NodeTestTask$$Lambda$223/0x00000008400e2840#invoke[-1], org.junit.platform.engine.support.hierarchical.Node#around[135], org.junit.platform.engine.support.hierarchical.NodeTestTask#lambda$executeRecursively$8[123], org.junit.platform.engine.support.hierarchical.NodeTestTask$$Lambda$222/0x00000008400e2440#execute[-1], org.junit.platform.engine.support.hierarchical.ThrowableCollector#execute[73], org.junit.platform.engine.support.hierarchical.NodeTestTask#executeRecursively[122], org.junit.platform.engine.support.hierarchical.NodeTestTask#execute[80], org.junit.platform.engine.support.hierarchical.SameThreadHierarchicalTestExecutorService$$Lambda$228/0x00000008400e3c40#accept[-1], java.util.ArrayList#forEach[1541], org.junit.platform.engine.support.hierarchical.SameThreadHierarchicalTestExecutorService#invokeAll[38], org.junit.platform.engine.support.hierarchical.NodeTestTask#lambda$executeRecursively$5[139], org.junit.platform.engine.support.hierarchical.NodeTestTask$$Lambda$224/0x00000008400e2c40#execute[-1], org.junit.platform.engine.support.hierarchical.ThrowableCollector#execute[73], org.junit.platform.engine.support.hierarchical.NodeTestTask#lambda$executeRecursively$7[125], org.junit.platform.engine.support.hierarchical.NodeTestTask$$Lambda$223/0x00000008400e2840#invoke[-1], org.junit.platform.engine.support.hierarchical.Node#around[135], org.junit.platform.engine.support.hierarchical.NodeTestTask#lambda$executeRecursively$8[123], org.junit.platform.engine.support.hierarchical.NodeTestTask$$Lambda$222/0x00000008400e2440#execute[-1], org.junit.platform.engine.support.hierarchical.ThrowableCollector#execute[73], org.junit.platform.engine.support.hierarchical.NodeTestTask#executeRecursively[122], org.junit.platform.engine.support.hierarchical.NodeTestTask#execute[80], org.junit.platform.engine.support.hierarchical.SameThreadHierarchicalTestExecutorService#submit[32], org.junit.platform.engine.support.hierarchical.HierarchicalTestExecutor#execute[57], org.junit.platform.engine.support.hierarchical.HierarchicalTestEngine#execute[51], org.junit.platform.launcher.core.DefaultLauncher#execute[248], org.junit.platform.launcher.core.DefaultLauncher#lambda$execute$5[211], org.junit.platform.launcher.core.DefaultLauncher$$Lambda$191/0x00000008400cec40#accept[-1], org.junit.platform.launcher.core.DefaultLauncher#withInterceptedStreams[226], org.junit.platform.launcher.core.DefaultLauncher#execute[199], org.junit.platform.launcher.core.DefaultLauncher#execute[132], org.apache.maven.surefire.junitplatform.LazyLauncher#execute[55], org.apache.maven.surefire.junitplatform.JUnitPlatformProvider#execute[223], org.apache.maven.surefire.junitplatform.JUnitPlatformProvider#invokeAllTests[175], org.apache.maven.surefire.junitplatform.JUnitPlatformProvider#invoke[139], org.apache.maven.surefire.booter.ForkedBooter#runSuitesInProcess[456], org.apache.maven.surefire.booter.ForkedBooter#execute[169], org.apache.maven.surefire.booter.ForkedBooter#run[595], org.apache.maven.surefire.booter.ForkedBooter#main[581]
[[2;37mDEBUG[m] jcabi-loggable com.jcabi.aspects.aj.MethodLogger$1: Logging monitor thread interrupted
[[0;33mWARN[m] main com.jcabi.aspects.LoggableTest$Foo: #text(): 'some static text' in 2.00s (too slow!)
[[0;37mINFO[m] main com.jcabi.aspects.LoggableTest$Foo: #logsDurationInSeconds(): 'some static text' in 2.000s
[[0;37mINFO[m] main com.jcabi.aspects.LoggableTest$Foo: #self(): 'some text' in 53.87Âµs
[INFO] Tests run: 10, Failures: 0, Errors: 0, Skipped: 0, Time elapsed: 4.151 s - in com.jcabi.aspects.LoggableTest
[INFO] Running com.jcabi.aspects.ImmutableTest
[[2;37mDEBUG[m] main com.jcabi.aspects.aj.ImmutabilityChecker: #check(class com.jcabi.aspects.ImmutableTest$TruelyImmutableWithNonPrivateFields): immutability checked
[[2;37mDEBUG[m] main com.jcabi.aspects.aj.ImmutabilityChecker: #check(class com.jcabi.aspects.ImmutableTest$TruelyImmutable): immutability checked
[INFO] Tests run: 6, Failures: 0, Errors: 0, Skipped: 0, Time elapsed: 0.018 s - in com.jcabi.aspects.ImmutableTest
[INFO] Running com.jcabi.aspects.aj.QuietExceptionsLoggerTest
[[2;37mDEBUG[m] main com.jcabi.aspects.aj.ImmutabilityChecker: #check(class com.jcabi.aspects.aj.QuietExceptionsLogger): immutability checked
[[0;33mWARN[m] main java.lang.Object: java.lang.Exception
	at com.jcabi.aspects.aj.QuietExceptionsLogger.wrap(QuietExceptionsLogger.java:81)
	at com.jcabi.aspects.aj.QuietExceptionsLoggerTest.exception(QuietExceptionsLoggerTest.java:83)
	at java.base/jdk.internal.reflect.NativeMethodAccessorImpl.invoke0(Native Method)
	at java.base/jdk.internal.reflect.NativeMethodAccessorImpl.invoke(NativeMethodAccessorImpl.java:62)
	at java.base/jdk.internal.reflect.DelegatingMethodAccessorImpl.invoke(DelegatingMethodAccessorImpl.java:43)
	at java.base/java.lang.reflect.Method.invoke(Method.java:566)
	at org.junit.platform.commons.util.ReflectionUtils.invokeMethod(ReflectionUtils.java:686)
	at org.junit.jupiter.engine.execution.MethodInvocation.proceed(MethodInvocation.java:60)
	at org.junit.jupiter.engine.execution.InvocationInterceptorChain$ValidatingInvocation.proceed(InvocationInterceptorChain.java:131)
	at org.junit.jupiter.engine.extension.TimeoutExtension.intercept(TimeoutExtension.java:149)
	at org.junit.jupiter.engine.extension.TimeoutExtension.interceptTestableMethod(TimeoutExtension.java:140)
	at org.junit.jupiter.engine.extension.TimeoutExtension.interceptTestMethod(TimeoutExtension.java:84)
	at org.junit.jupiter.engine.execution.ExecutableInvoker$ReflectiveInterceptorCall.lambda$ofVoidMethod$0(ExecutableInvoker.java:115)
	at org.junit.jupiter.engine.execution.ExecutableInvoker.lambda$invoke$0(ExecutableInvoker.java:105)
	at org.junit.jupiter.engine.execution.InvocationInterceptorChain$InterceptedInvocation.proceed(InvocationInterceptorChain.java:106)
	at org.junit.jupiter.engine.execution.InvocationInterceptorChain.proceed(InvocationInterceptorChain.java:64)
	at org.junit.jupiter.engine.execution.InvocationInterceptorChain.chainAndInvoke(InvocationInterceptorChain.java:45)
	at org.junit.jupiter.engine.execution.InvocationInterceptorChain.invoke(InvocationInterceptorChain.java:37)
	at org.junit.jupiter.engine.execution.ExecutableInvoker.invoke(ExecutableInvoker.java:104)
	at org.junit.jupiter.engine.execution.ExecutableInvoker.invoke(ExecutableInvoker.java:98)
	at org.junit.jupiter.engine.descriptor.TestMethodTestDescriptor.lambda$invokeTestMethod$6(TestMethodTestDescriptor.java:212)
	at org.junit.platform.engine.support.hierarchical.ThrowableCollector.execute(ThrowableCollector.java:73)
	at org.junit.jupiter.engine.descriptor.TestMethodTestDescriptor.invokeTestMethod(TestMethodTestDescriptor.java:208)
	at org.junit.jupiter.engine.descriptor.TestMethodTestDescriptor.execute(TestMethodTestDescriptor.java:137)
	at org.junit.jupiter.engine.descriptor.TestMethodTestDescriptor.execute(TestMethodTestDescriptor.java:71)
	at org.junit.platform.engine.support.hierarchical.NodeTestTask.lambda$executeRecursively$5(NodeTestTask.java:135)
	at org.junit.platform.engine.support.hierarchical.ThrowableCollector.execute(ThrowableCollector.java:73)
	at org.junit.platform.engine.support.hierarchical.NodeTestTask.lambda$executeRecursively$7(NodeTestTask.java:125)
	at org.junit.platform.engine.support.hierarchical.Node.around(Node.java:135)
	at org.junit.platform.engine.support.hierarchical.NodeTestTask.lambda$executeRecursively$8(NodeTestTask.java:123)
	at org.junit.platform.engine.support.hierarchical.ThrowableCollector.execute(ThrowableCollector.java:73)
	at org.junit.platform.engine.support.hierarchical.NodeTestTask.executeRecursively(NodeTestTask.java:122)
	at org.junit.platform.engine.support.hierarchical.NodeTestTask.execute(NodeTestTask.java:80)
	at java.base/java.util.ArrayList.forEach(ArrayList.java:1541)
	at org.junit.platform.engine.support.hierarchical.SameThreadHierarchicalTestExecutorService.invokeAll(SameThreadHierarchicalTestExecutorService.java:38)
	at org.junit.platform.engine.support.hierarchical.NodeTestTask.lambda$executeRecursively$5(NodeTestTask.java:139)
	at org.junit.platform.engine.support.hierarchical.ThrowableCollector.execute(ThrowableCollector.java:73)
	at org.junit.platform.engine.support.hierarchical.NodeTestTask.lambda$executeRecursively$7(NodeTestTask.java:125)
	at org.junit.platform.engine.support.hierarchical.Node.around(Node.java:135)
	at org.junit.platform.engine.support.hierarchical.NodeTestTask.lambda$executeRecursively$8(NodeTestTask.java:123)
	at org.junit.platform.engine.support.hierarchical.ThrowableCollector.execute(ThrowableCollector.java:73)
	at org.junit.platform.engine.support.hierarchical.NodeTestTask.executeRecursively(NodeTestTask.java:122)
	at org.junit.platform.engine.support.hierarchical.NodeTestTask.execute(NodeTestTask.java:80)
	at java.base/java.util.ArrayList.forEach(ArrayList.java:1541)
	at org.junit.platform.engine.support.hierarchical.SameThreadHierarchicalTestExecutorService.invokeAll(SameThreadHierarchicalTestExecutorService.java:38)
	at org.junit.platform.engine.support.hierarchical.NodeTestTask.lambda$executeRecursively$5(NodeTestTask.java:139)
	at org.junit.platform.engine.support.hierarchical.ThrowableCollector.execute(ThrowableCollector.java:73)
	at org.junit.platform.engine.support.hierarchical.NodeTestTask.lambda$executeRecursively$7(NodeTestTask.java:125)
	at org.junit.platform.engine.support.hierarchical.Node.around(Node.java:135)
	at org.junit.platform.engine.support.hierarchical.NodeTestTask.lambda$executeRecursively$8(NodeTestTask.java:123)
	at org.junit.platform.engine.support.hierarchical.ThrowableCollector.execute(ThrowableCollector.java:73)
	at org.junit.platform.engine.support.hierarchical.NodeTestTask.executeRecursively(NodeTestTask.java:122)
	at org.junit.platform.engine.support.hierarchical.NodeTestTask.execute(NodeTestTask.java:80)
	at org.junit.platform.engine.support.hierarchical.SameThreadHierarchicalTestExecutorService.submit(SameThreadHierarchicalTestExecutorService.java:32)
	at org.junit.platform.engine.support.hierarchical.HierarchicalTestExecutor.execute(HierarchicalTestExecutor.java:57)
	at org.junit.platform.engine.support.hierarchical.HierarchicalTestEngine.execute(HierarchicalTestEngine.java:51)
	at org.junit.platform.launcher.core.DefaultLauncher.execute(DefaultLauncher.java:248)
	at org.junit.platform.launcher.core.DefaultLauncher.lambda$execute$5(DefaultLauncher.java:211)
	at org.junit.platform.launcher.core.DefaultLauncher.withInterceptedStreams(DefaultLauncher.java:226)
	at org.junit.platform.launcher.core.DefaultLauncher.execute(DefaultLauncher.java:199)
	at org.junit.platform.launcher.core.DefaultLauncher.execute(DefaultLauncher.java:132)
	at org.apache.maven.surefire.junitplatform.LazyLauncher.execute(LazyLauncher.java:55)
	at org.apache.maven.surefire.junitplatform.JUnitPlatformProvider.execute(JUnitPlatformProvider.java:223)
	at org.apache.maven.surefire.junitplatform.JUnitPlatformProvider.invokeAllTests(JUnitPlatformProvider.java:175)
	at org.apache.maven.surefire.junitplatform.JUnitPlatformProvider.invoke(JUnitPlatformProvider.java:139)
	at org.apache.maven.surefire.booter.ForkedBooter.runSuitesInProcess(ForkedBooter.java:456)
	at org.apache.maven.surefire.booter.ForkedBooter.execute(ForkedBooter.java:169)
	at org.apache.maven.surefire.booter.ForkedBooter.run(ForkedBooter.java:595)
	at org.apache.maven.surefire.booter.ForkedBooter.main(ForkedBooter.java:581)

[INFO] Tests run: 3, Failures: 0, Errors: 0, Skipped: 0, Time elapsed: 0.292 s - in com.jcabi.aspects.aj.QuietExceptionsLoggerTest
[INFO] Running com.jcabi.aspects.aj.MnemosTest
[INFO] Tests run: 8, Failures: 0, Errors: 0, Skipped: 0, Time elapsed: 0.005 s - in com.jcabi.aspects.aj.MnemosTest
[INFO] Running com.jcabi.aspects.RetryOnFailureTest
[[2;37mDEBUG[m] main com.jcabi.aspects.aj.ImmutabilityChecker: #check(class com.jcabi.aspects.aj.Repeater): immutability checked
[[0;33mWARN[m] main com.jcabi.aspects.RetryOnFailureTest$2: #run(): attempt #1/3 failed with java.lang.AssertionError in 78Âµs (101Âµs in total): Should be caught and ignored.
[[0;33mWARN[m] main com.jcabi.aspects.RetryOnFailureTest$1: #run(): attempt #1/3 failed with java.lang.IllegalArgumentException in 93Âµs (119Âµs in total): this exception should be caught and swallowed
[INFO] Tests run: 2, Failures: 0, Errors: 0, Skipped: 0, Time elapsed: 3.018 s - in com.jcabi.aspects.RetryOnFailureTest
[INFO] Running com.jcabi.aspects.aj.MethodSchedulerTest
[[0;37mINFO[m] main com.jcabi.aspects.aj.MethodSchedulerTest$LongRun: scheduled for execution with 1 NANOSECONDS interval
[[0;37mINFO[m] main com.jcabi.aspects.aj.MethodScheduler$Service: waiting 1s for threads termination
[[0;37mINFO[m] main com.jcabi.aspects.aj.MethodScheduler$Service: waiting 2s for threads termination
[[0;37mINFO[m] main com.jcabi.aspects.aj.MethodScheduler$Service: waiting 3s for threads termination
[[0;37mINFO[m] main com.jcabi.aspects.aj.MethodScheduler$Service: waiting 4s for threads termination
[[0;37mINFO[m] main com.jcabi.aspects.aj.MethodScheduler$Service: waiting 5s for threads termination
[[0;37mINFO[m] main com.jcabi.aspects.aj.MethodScheduler$Service: waiting 6s for threads termination
[[0;37mINFO[m] main com.jcabi.aspects.aj.MethodScheduler$Service: waiting 7s for threads termination
[[0;37mINFO[m] main com.jcabi.aspects.aj.MethodScheduler$Service: waiting 8s for threads termination
[[0;37mINFO[m] main com.jcabi.aspects.aj.MethodScheduler$Service: waiting 9s for threads termination
[[0;37mINFO[m] main com.jcabi.aspects.aj.MethodSchedulerTest$LongRun: execution stopped after 10s and 0 tick(s)
[[0;37mINFO[m] main com.jcabi.aspects.aj.MethodSchedulerTest$ShortRun: scheduled for execution with 1 NANOSECONDS interval
[[0;37mINFO[m] main com.jcabi.aspects.aj.MethodSchedulerTest$ShortRun: execution stopped after 5s and 5 tick(s)
[INFO] Tests run: 2, Failures: 0, Errors: 0, Skipped: 0, Time elapsed: 15.029 s - in com.jcabi.aspects.aj.MethodSchedulerTest
[INFO] Running com.jcabi.aspects.aj.ParallelizerTest
[[2;37mDEBUG[m] main com.jcabi.aspects.aj.ImmutabilityChecker: #check(class com.jcabi.aspects.aj.Parallelizer): immutability checked
[INFO] Tests run: 2, Failures: 0, Errors: 0, Skipped: 0, Time elapsed: 0.06 s - in com.jcabi.aspects.aj.ParallelizerTest
[INFO] Running com.jcabi.aspects.ScheduleWithFixedDelayTest
[[0;37mINFO[m] main com.jcabi.aspects.ScheduleWithFixedDelayTest$Sample: scheduled for execution with 1 MILLISECONDS interval
[[0;37mINFO[m] main com.jcabi.aspects.ScheduleWithFixedDelayTest$Sample: execution stopped after 1s and 450 tick(s)
[[0;37mINFO[m] main com.jcabi.aspects.ScheduleWithFixedDelayTest$LongDelaySample: scheduled for execution with 1 MINUTES interval
[[0;37mINFO[m] main com.jcabi.aspects.ScheduleWithFixedDelayTest$LongDelaySample: execution stopped after 2ms and 0 tick(s)
[INFO] Tests run: 2, Failures: 0, Errors: 0, Skipped: 0, Time elapsed: 1.121 s - in com.jcabi.aspects.ScheduleWithFixedDelayTest
[INFO] Running com.jcabi.aspects.TimeableTest
[[0;33mWARN[m] jcabi-timeable com.jcabi.aspects.TimeableTest: #slow(): interrupted on 446ms timeout (over 1ms)
[INFO] Tests run: 1, Failures: 0, Errors: 0, Skipped: 0, Time elapsed: 0.449 s - in com.jcabi.aspects.TimeableTest
[INFO] Running com.jcabi.aspects.JSR303Test
[[0;37mINFO[m] main com.jcabi.aspects.JSR303Test$Foo: #voidAlways(): in 58.12Âµs
[[0;37mINFO[m] main com.jcabi.aspects.JSR303Test$Bar: #test('value'): in 33.42Âµs
[[0;37mINFO[m] main com.jcabi.aspects.JSR303Test$Foo: #nullValue(): NULL in 23.80Âµs
[[0;37mINFO[m] main com.jcabi.aspects.JSR303Test$Foo: #foo('123'): -1 in 236.03Âµs
[WARNING] Tests run: 9, Failures: 0, Errors: 0, Skipped: 2, Time elapsed: 0.269 s - in com.jcabi.aspects.JSR303Test
[INFO] Running com.jcabi.aspects.aj.RepeaterTest
[[0;33mWARN[m] main com.jcabi.aspects.aj.RepeaterTest$5: #call(): attempt #1/3 failed with java.lang.ArrayIndexOutOfBoundsException in 41Âµs (45Âµs in total): null
[[0;33mWARN[m] main com.jcabi.aspects.aj.RepeaterTest$5: #call(): attempt #2/3 failed with java.lang.ArrayIndexOutOfBoundsException in 20Âµs (452Âµs in total): null
[[0;33mWARN[m] main com.jcabi.aspects.aj.RepeaterTest$3: #call(): attempt #1/3 failed with java.lang.IllegalStateException in 82Âµs (92Âµs in total): null
[[0;33mWARN[m] main com.jcabi.aspects.aj.RepeaterTest$3: #call(): attempt #2/3 failed with java.lang.IllegalStateException in 107Âµs (101ms in total): null
[[0;33mWARN[m] main com.jcabi.aspects.aj.RepeaterTest$4: #call(): attempt #1/3 failed with java.lang.IllegalStateException in 111Âµs (121Âµs in total): null
[[0;33mWARN[m] main com.jcabi.aspects.aj.RepeaterTest$4: #call(): attempt #2/3 failed with java.lang.IllegalStateException in 94Âµs (151ms in total): null
[[0;33mWARN[m] main com.jcabi.aspects.aj.RepeaterTest$4: #call(): attempt #3/3 failed with java.lang.IllegalStateException in 92Âµs (452ms in total): null
[[0;33mWARN[m] main com.jcabi.aspects.aj.RepeaterTest$7: #call(): attempt #1/3 failed with java.lang.ArrayIndexOutOfBoundsException in 67Âµs (73Âµs in total): null
[[0;33mWARN[m] main com.jcabi.aspects.aj.RepeaterTest$7: #call(): attempt #2/3 failed with java.lang.ArrayIndexOutOfBoundsException in 100Âµs (101ms in total): null
[INFO] Tests run: 5, Failures: 0, Errors: 0, Skipped: 0, Time elapsed: 1.221 s - in com.jcabi.aspects.aj.RepeaterTest
[INFO] Running com.jcabi.aspects.version.VersionTest
[INFO] Tests run: 2, Failures: 0, Errors: 0, Skipped: 0, Time elapsed: 0.002 s - in com.jcabi.aspects.version.VersionTest
[INFO] Running com.jcabi.aspects.aj.ImmutabilityCheckerTest
[[2;37mDEBUG[m] main com.jcabi.aspects.aj.ImmutabilityChecker: #check(class com.jcabi.aspects.aj.ImmutabilityCheckerTest$Recursive): immutability checked
[INFO] Tests run: 2, Failures: 0, Errors: 0, Skipped: 0, Time elapsed: 0.004 s - in com.jcabi.aspects.aj.ImmutabilityCheckerTest
[INFO] Running com.jcabi.aspects.UnitedThrowTest
[[2;37mDEBUG[m] main com.jcabi.aspects.aj.ImmutabilityChecker: #check(class com.jcabi.aspects.aj.SingleException): immutability checked
[INFO] Tests run: 5, Failures: 0, Errors: 0, Skipped: 0, Time elapsed: 0.01 s - in com.jcabi.aspects.UnitedThrowTest
[INFO] Running com.jcabi.aspects.aj.NamedThreadsTest
[[0;37mINFO[m] main com.jcabi.aspects.aj.NamedThreads: jcabi-aspects 1.0-SNAPSHOT/2b7a0d9 started new daemon thread jcabi-test for desc
[INFO] Tests run: 1, Failures: 0, Errors: 0, Skipped: 0, Time elapsed: 0.001 s - in com.jcabi.aspects.aj.NamedThreadsTest
[INFO] Running com.jcabi.aspects.AsyncTest
[[0;37mINFO[m] main com.jcabi.aspects.aj.NamedThreads: jcabi-aspects 1.0-SNAPSHOT/2b7a0d9 started new daemon thread jcabi-async for Asynchronous method execution
[[0;37mINFO[m] main com.jcabi.aspects.aj.NamedThreads: jcabi-aspects 1.0-SNAPSHOT/2b7a0d9 started new daemon thread jcabi-async for Asynchronous method execution
[INFO] Tests run: 3, Failures: 0, Errors: 0, Skipped: 0, Time elapsed: 0.006 s - in com.jcabi.aspects.AsyncTest
[INFO] Running com.jcabi.aspects.CacheableTest
[[0;37mINFO[m] main com.jcabi.aspects.aj.NamedThreads: jcabi-aspects 1.0-SNAPSHOT/2b7a0d9 started new daemon thread jcabi-cacheable-clean for automated cleaning of expired @Cacheable values
[[0;37mINFO[m] main com.jcabi.aspects.aj.NamedThreads: jcabi-aspects 1.0-SNAPSHOT/2b7a0d9 started new daemon thread jcabi-cacheable-update for async update of expired @Cacheable values
[[2;37mDEBUG[m] main com.jcabi.aspects.CacheableTest$Foo: #toString(): '-3632280473964831505' in 15.45Âµs
[[2;37mDEBUG[m] main com.jcabi.aspects.CacheableTest$Foo: #toString(): '-3632280473964831505' cached in 0ms, valid forever
[[2;37mDEBUG[m] main com.jcabi.aspects.CacheableTest$Foo: #get(): -3632280473964831505 in 61.55Âµs
[[2;37mDEBUG[m] main com.jcabi.aspects.CacheableTest$Foo: #toString(): '-3632280473964831505' from cache (hit #1, 1ms old)
[[2;37mDEBUG[m] main com.jcabi.aspects.CacheableTest$Foo: #get(): -3632280473964831505 cached in 1ms, valid for 1s
[[2;37mDEBUG[m] main com.jcabi.aspects.CacheableTest$Foo: #toString(): '-3632280473964831505' from cache (hit #2, 2ms old)
[[2;37mDEBUG[m] main com.jcabi.aspects.CacheableTest$Foo: #toString(): '-3632280473964831505' from cache (hit #3, 2ms old)
[[2;37mDEBUG[m] main com.jcabi.aspects.CacheableTest$Foo: #get(): -3632280473964831505 from cache (hit #1, 3ms old)
[[2;37mDEBUG[m] main com.jcabi.aspects.CacheableTest$Foo: #toString(): '-3632280473964831505' from cache (hit #4, 2ms old)
[[2;37mDEBUG[m] main com.jcabi.aspects.CacheableTest$Foo: #toString(): '-3632280473964831505' from cache (hit #5, 2ms old)
[[2;37mDEBUG[m] main com.jcabi.aspects.CacheableTest$Foo: #flush(): #get():-3632280473964831505 removed from cache before the call
[[2;37mDEBUG[m] main com.jcabi.aspects.CacheableTest$Foo: #toString(): '-7212813232385943578' in 7.79Âµs
[[2;37mDEBUG[m] main com.jcabi.aspects.CacheableTest$Foo: #toString(): '-7212813232385943578' cached in 0ms, valid forever
[[2;37mDEBUG[m] main com.jcabi.aspects.CacheableTest$Foo: #get(): -7212813232385943578 in 20.44Âµs
[[2;37mDEBUG[m] main com.jcabi.aspects.CacheableTest$Foo: #toString(): '-7212813232385943578' from cache (hit #1, 0ms old)
[[2;37mDEBUG[m] main com.jcabi.aspects.CacheableTest$Foo: #get(): -7212813232385943578 cached in 0ms, valid for 1s
[[2;37mDEBUG[m] main com.jcabi.aspects.CacheableTest$Foo: #toString(): '-7212813232385943578' from cache (hit #2, 0ms old)
[[2;37mDEBUG[m] main com.jcabi.aspects.CacheableTest$Foo: #staticGet(): '2906380666041803772' cached in 1ms, valid for 1s
[[2;37mDEBUG[m] main com.jcabi.aspects.CacheableTest$Foo: #staticGet(): '2906380666041803772' from cache (hit #1, 1ms old)
[[2;37mDEBUG[m] main com.jcabi.aspects.CacheableTest$Foo: #staticFlush(): #staticGet():'2906380666041803772' removed from cache before the call
[[2;37mDEBUG[m] main com.jcabi.aspects.CacheableTest$Foo: #staticGet(): '1574887960333879662' cached in 0ms, valid for 1s
[[2;37mDEBUG[m] pool-2-thread-72 com.jcabi.aspects.CacheableTest$Foo: #toString(): '-9163739475673165424' in 46.63Âµs
[[2;37mDEBUG[m] pool-2-thread-72 com.jcabi.aspects.CacheableTest$Foo: #toString(): '-9163739475673165424' cached in 1ms, valid forever
[[2;37mDEBUG[m] pool-2-thread-72 com.jcabi.aspects.CacheableTest$Foo: #get(): -9163739475673165424 in 981.85Âµs
[[2;37mDEBUG[m] pool-2-thread-72 com.jcabi.aspects.CacheableTest$Foo: #toString(): '-9163739475673165424' from cache (hit #1, 2ms old)
[[2;37mDEBUG[m] pool-2-thread-72 com.jcabi.aspects.CacheableTest$Foo: #get(): -9163739475673165424 cached in 3ms, valid for 1s
[[2;37mDEBUG[m] pool-2-thread-72 com.jcabi.aspects.CacheableTest$Foo: #toString(): '-9163739475673165424' from cache (hit #2, 3ms old)
[[2;37mDEBUG[m] pool-2-thread-71 com.jcabi.aspects.CacheableTest$Foo: #toString(): '-9163739475673165424' from cache (hit #3, 3ms old)
[[2;37mDEBUG[m] pool-2-thread-71 com.jcabi.aspects.CacheableTest$Foo: #get(): -9163739475673165424 from cache (hit #1, 7ms old)
[[2;37mDEBUG[m] pool-2-thread-71 com.jcabi.aspects.CacheableTest$Foo: #toString(): '-9163739475673165424' from cache (hit #4, 4ms old)
[[2;37mDEBUG[m] pool-2-thread-70 com.jcabi.aspects.CacheableTest$Foo: #toString(): '-9163739475673165424' from cache (hit #5, 5ms old)
[[2;37mDEBUG[m] pool-2-thread-70 com.jcabi.aspects.CacheableTest$Foo: #get(): -9163739475673165424 from cache (hit #2, 8ms old)
[[2;37mDEBUG[m] pool-2-thread-70 com.jcabi.aspects.CacheableTest$Foo: #toString(): '-9163739475673165424' from cache (hit #6, 5ms old)
[[2;37mDEBUG[m] pool-2-thread-69 com.jcabi.aspects.CacheableTest$Foo: #toString(): '-9163739475673165424' from cache (hit #7, 6ms old)
[[2;37mDEBUG[m] pool-2-thread-69 com.jcabi.aspects.CacheableTest$Foo: #get(): -9163739475673165424 from cache (hit #3, 9ms old)
[[2;37mDEBUG[m] pool-2-thread-69 com.jcabi.aspects.CacheableTest$Foo: #toString(): '-9163739475673165424' from cache (hit #8, 6ms old)
[[2;37mDEBUG[m] pool-2-thread-68 com.jcabi.aspects.CacheableTest$Foo: #toString(): '-9163739475673165424' from cache (hit #9, 7ms old)
[[2;37mDEBUG[m] pool-2-thread-68 com.jcabi.aspects.CacheableTest$Foo: #get(): -9163739475673165424 from cache (hit #4, 10ms old)
[[2;37mDEBUG[m] pool-2-thread-68 com.jcabi.aspects.CacheableTest$Foo: #toString(): '-9163739475673165424' from cache (hit #10, 7ms old)
[[2;37mDEBUG[m] pool-2-thread-67 com.jcabi.aspects.CacheableTest$Foo: #toString(): '-9163739475673165424' from cache (hit #11, 8ms old)
[[2;37mDEBUG[m] pool-2-thread-67 com.jcabi.aspects.CacheableTest$Foo: #get(): -9163739475673165424 from cache (hit #5, 11ms old)
[[2;37mDEBUG[m] pool-2-thread-67 com.jcabi.aspects.CacheableTest$Foo: #toString(): '-9163739475673165424' from cache (hit #12, 8ms old)
[[2;37mDEBUG[m] pool-2-thread-66 com.jcabi.aspects.CacheableTest$Foo: #toString(): '-9163739475673165424' from cache (hit #13, 9ms old)
[[2;37mDEBUG[m] pool-2-thread-66 com.jcabi.aspects.CacheableTest$Foo: #get(): -9163739475673165424 from cache (hit #6, 12ms old)
[[2;37mDEBUG[m] pool-2-thread-66 com.jcabi.aspects.CacheableTest$Foo: #toString(): '-9163739475673165424' from cache (hit #14, 9ms old)
[[2;37mDEBUG[m] pool-2-thread-65 com.jcabi.aspects.CacheableTest$Foo: #toString(): '-9163739475673165424' from cache (hit #15, 10ms old)
[[2;37mDEBUG[m] pool-2-thread-65 com.jcabi.aspects.CacheableTest$Foo: #get(): -9163739475673165424 from cache (hit #7, 13ms old)
[[2;37mDEBUG[m] pool-2-thread-65 com.jcabi.aspects.CacheableTest$Foo: #toString(): '-9163739475673165424' from cache (hit #16, 10ms old)
[[2;37mDEBUG[m] pool-2-thread-63 com.jcabi.aspects.CacheableTest$Foo: #toString(): '-9163739475673165424' from cache (hit #17, 11ms old)
[[2;37mDEBUG[m] pool-2-thread-63 com.jcabi.aspects.CacheableTest$Foo: #get(): -9163739475673165424 from cache (hit #8, 14ms old)
[[2;37mDEBUG[m] pool-2-thread-63 com.jcabi.aspects.CacheableTest$Foo: #toString(): '-9163739475673165424' from cache (hit #18, 12ms old)
[[2;37mDEBUG[m] pool-2-thread-61 com.jcabi.aspects.CacheableTest$Foo: #toString(): '-9163739475673165424' from cache (hit #19, 12ms old)
[[2;37mDEBUG[m] pool-2-thread-61 com.jcabi.aspects.CacheableTest$Foo: #get(): -9163739475673165424 from cache (hit #9, 15ms old)
[[2;37mDEBUG[m] pool-2-thread-61 com.jcabi.aspects.CacheableTest$Foo: #toString(): '-9163739475673165424' from cache (hit #20, 13ms old)
[[2;37mDEBUG[m] pool-2-thread-64 com.jcabi.aspects.CacheableTest$Foo: #toString(): '-9163739475673165424' from cache (hit #21, 13ms old)
[[2;37mDEBUG[m] pool-2-thread-64 com.jcabi.aspects.CacheableTest$Foo: #get(): -9163739475673165424 from cache (hit #10, 16ms old)
[[2;37mDEBUG[m] pool-2-thread-64 com.jcabi.aspects.CacheableTest$Foo: #toString(): '-9163739475673165424' from cache (hit #22, 13ms old)
[[2;37mDEBUG[m] pool-2-thread-62 com.jcabi.aspects.CacheableTest$Foo: #toString(): '-9163739475673165424' from cache (hit #23, 13ms old)
[[2;37mDEBUG[m] pool-2-thread-62 com.jcabi.aspects.CacheableTest$Foo: #get(): -9163739475673165424 from cache (hit #11, 17ms old)
[[2;37mDEBUG[m] pool-2-thread-62 com.jcabi.aspects.CacheableTest$Foo: #toString(): '-9163739475673165424' from cache (hit #24, 14ms old)
[[2;37mDEBUG[m] pool-2-thread-60 com.jcabi.aspects.CacheableTest$Foo: #toString(): '-9163739475673165424' from cache (hit #25, 14ms old)
[[2;37mDEBUG[m] pool-2-thread-60 com.jcabi.aspects.CacheableTest$Foo: #get(): -9163739475673165424 from cache (hit #12, 17ms old)
[[2;37mDEBUG[m] pool-2-thread-60 com.jcabi.aspects.CacheableTest$Foo: #toString(): '-9163739475673165424' from cache (hit #26, 15ms old)
[[2;37mDEBUG[m] pool-2-thread-59 com.jcabi.aspects.CacheableTest$Foo: #toString(): '-9163739475673165424' from cache (hit #27, 15ms old)
[[2;37mDEBUG[m] pool-2-thread-59 com.jcabi.aspects.CacheableTest$Foo: #get(): -9163739475673165424 from cache (hit #13, 18ms old)
[[2;37mDEBUG[m] pool-2-thread-59 com.jcabi.aspects.CacheableTest$Foo: #toString(): '-9163739475673165424' from cache (hit #28, 16ms old)
[[2;37mDEBUG[m] pool-2-thread-58 com.jcabi.aspects.CacheableTest$Foo: #toString(): '-9163739475673165424' from cache (hit #29, 16ms old)
[[2;37mDEBUG[m] pool-2-thread-58 com.jcabi.aspects.CacheableTest$Foo: #get(): -9163739475673165424 from cache (hit #14, 19ms old)
[[2;37mDEBUG[m] pool-2-thread-58 com.jcabi.aspects.CacheableTest$Foo: #toString(): '-9163739475673165424' from cache (hit #30, 17ms old)
[[2;37mDEBUG[m] pool-2-thread-55 com.jcabi.aspects.CacheableTest$Foo: #toString(): '-9163739475673165424' from cache (hit #31, 17ms old)
[[2;37mDEBUG[m] pool-2-thread-55 com.jcabi.aspects.CacheableTest$Foo: #get(): -9163739475673165424 from cache (hit #15, 21ms old)
[[2;37mDEBUG[m] pool-2-thread-55 com.jcabi.aspects.CacheableTest$Foo: #toString(): '-9163739475673165424' from cache (hit #32, 18ms old)
[[2;37mDEBUG[m] pool-2-thread-57 com.jcabi.aspects.CacheableTest$Foo: #toString(): '-9163739475673165424' from cache (hit #33, 19ms old)
[[2;37mDEBUG[m] pool-2-thread-57 com.jcabi.aspects.CacheableTest$Foo: #get(): -9163739475673165424 from cache (hit #16, 22ms old)
[[2;37mDEBUG[m] pool-2-thread-57 com.jcabi.aspects.CacheableTest$Foo: #toString(): '-9163739475673165424' from cache (hit #34, 19ms old)
[[2;37mDEBUG[m] pool-2-thread-56 com.jcabi.aspects.CacheableTest$Foo: #toString(): '-9163739475673165424' from cache (hit #35, 20ms old)
[[2;37mDEBUG[m] pool-2-thread-56 com.jcabi.aspects.CacheableTest$Foo: #get(): -9163739475673165424 from cache (hit #17, 23ms old)
[[2;37mDEBUG[m] pool-2-thread-56 com.jcabi.aspects.CacheableTest$Foo: #toString(): '-9163739475673165424' from cache (hit #36, 20ms old)
[[2;37mDEBUG[m] pool-2-thread-53 com.jcabi.aspects.CacheableTest$Foo: #toString(): '-9163739475673165424' from cache (hit #37, 21ms old)
[[2;37mDEBUG[m] pool-2-thread-53 com.jcabi.aspects.CacheableTest$Foo: #get(): -9163739475673165424 from cache (hit #18, 24ms old)
[[2;37mDEBUG[m] pool-2-thread-53 com.jcabi.aspects.CacheableTest$Foo: #toString(): '-9163739475673165424' from cache (hit #38, 21ms old)
[[2;37mDEBUG[m] pool-2-thread-54 com.jcabi.aspects.CacheableTest$Foo: #toString(): '-9163739475673165424' from cache (hit #39, 22ms old)
[[2;37mDEBUG[m] pool-2-thread-54 com.jcabi.aspects.CacheableTest$Foo: #get(): -9163739475673165424 from cache (hit #19, 25ms old)
[[2;37mDEBUG[m] pool-2-thread-54 com.jcabi.aspects.CacheableTest$Foo: #toString(): '-9163739475673165424' from cache (hit #40, 22ms old)
[[2;37mDEBUG[m] pool-2-thread-52 com.jcabi.aspects.CacheableTest$Foo: #toString(): '-9163739475673165424' from cache (hit #41, 22ms old)
[[2;37mDEBUG[m] pool-2-thread-52 com.jcabi.aspects.CacheableTest$Foo: #get(): -9163739475673165424 from cache (hit #20, 26ms old)
[[2;37mDEBUG[m] pool-2-thread-52 com.jcabi.aspects.CacheableTest$Foo: #toString(): '-9163739475673165424' from cache (hit #42, 23ms old)
[[2;37mDEBUG[m] pool-2-thread-51 com.jcabi.aspects.CacheableTest$Foo: #toString(): '-9163739475673165424' from cache (hit #43, 23ms old)
[[2;37mDEBUG[m] pool-2-thread-51 com.jcabi.aspects.CacheableTest$Foo: #get(): -9163739475673165424 from cache (hit #21, 27ms old)
[[2;37mDEBUG[m] pool-2-thread-51 com.jcabi.aspects.CacheableTest$Foo: #toString(): '-9163739475673165424' from cache (hit #44, 24ms old)
[[2;37mDEBUG[m] pool-2-thread-49 com.jcabi.aspects.CacheableTest$Foo: #toString(): '-9163739475673165424' from cache (hit #45, 24ms old)
[[2;37mDEBUG[m] pool-2-thread-49 com.jcabi.aspects.CacheableTest$Foo: #get(): -9163739475673165424 from cache (hit #22, 28ms old)
[[2;37mDEBUG[m] pool-2-thread-49 com.jcabi.aspects.CacheableTest$Foo: #toString(): '-9163739475673165424' from cache (hit #46, 25ms old)
[[2;37mDEBUG[m] pool-2-thread-50 com.jcabi.aspects.CacheableTest$Foo: #toString(): '-9163739475673165424' from cache (hit #47, 25ms old)
[[2;37mDEBUG[m] pool-2-thread-50 com.jcabi.aspects.CacheableTest$Foo: #get(): -9163739475673165424 from cache (hit #23, 29ms old)
[[2;37mDEBUG[m] pool-2-thread-50 com.jcabi.aspects.CacheableTest$Foo: #toString(): '-9163739475673165424' from cache (hit #48, 26ms old)
[[2;37mDEBUG[m] pool-2-thread-48 com.jcabi.aspects.CacheableTest$Foo: #toString(): '-9163739475673165424' from cache (hit #49, 26ms old)
[[2;37mDEBUG[m] pool-2-thread-48 com.jcabi.aspects.CacheableTest$Foo: #get(): -9163739475673165424 from cache (hit #24, 30ms old)
[[2;37mDEBUG[m] pool-2-thread-48 com.jcabi.aspects.CacheableTest$Foo: #toString(): '-9163739475673165424' from cache (hit #50, 27ms old)
[[2;37mDEBUG[m] pool-2-thread-47 com.jcabi.aspects.CacheableTest$Foo: #toString(): '-9163739475673165424' from cache (hit #51, 27ms old)
[[2;37mDEBUG[m] pool-2-thread-47 com.jcabi.aspects.CacheableTest$Foo: #get(): -9163739475673165424 from cache (hit #25, 31ms old)
[[2;37mDEBUG[m] pool-2-thread-47 com.jcabi.aspects.CacheableTest$Foo: #toString(): '-9163739475673165424' from cache (hit #52, 28ms old)
[[2;37mDEBUG[m] pool-2-thread-45 com.jcabi.aspects.CacheableTest$Foo: #toString(): '-9163739475673165424' from cache (hit #53, 28ms old)
[[2;37mDEBUG[m] pool-2-thread-45 com.jcabi.aspects.CacheableTest$Foo: #get(): -9163739475673165424 from cache (hit #26, 31ms old)
[[2;37mDEBUG[m] pool-2-thread-45 com.jcabi.aspects.CacheableTest$Foo: #toString(): '-9163739475673165424' from cache (hit #54, 29ms old)
[[2;37mDEBUG[m] pool-2-thread-46 com.jcabi.aspects.CacheableTest$Foo: #toString(): '-9163739475673165424' from cache (hit #55, 29ms old)
[[2;37mDEBUG[m] pool-2-thread-46 com.jcabi.aspects.CacheableTest$Foo: #get(): -9163739475673165424 from cache (hit #27, 32ms old)
[[2;37mDEBUG[m] pool-2-thread-46 com.jcabi.aspects.CacheableTest$Foo: #toString(): '-9163739475673165424' from cache (hit #56, 30ms old)
[[2;37mDEBUG[m] pool-2-thread-44 com.jcabi.aspects.CacheableTest$Foo: #toString(): '-9163739475673165424' from cache (hit #57, 30ms old)
[[2;37mDEBUG[m] pool-2-thread-44 com.jcabi.aspects.CacheableTest$Foo: #get(): -9163739475673165424 from cache (hit #28, 33ms old)
[[2;37mDEBUG[m] pool-2-thread-44 com.jcabi.aspects.CacheableTest$Foo: #toString(): '-9163739475673165424' from cache (hit #58, 31ms old)
[[2;37mDEBUG[m] pool-2-thread-43 com.jcabi.aspects.CacheableTest$Foo: #toString(): '-9163739475673165424' from cache (hit #59, 31ms old)
[[2;37mDEBUG[m] pool-2-thread-43 com.jcabi.aspects.CacheableTest$Foo: #get(): -9163739475673165424 from cache (hit #29, 34ms old)
[[2;37mDEBUG[m] pool-2-thread-43 com.jcabi.aspects.CacheableTest$Foo: #toString(): '-9163739475673165424' from cache (hit #60, 32ms old)
[[2;37mDEBUG[m] pool-2-thread-42 com.jcabi.aspects.CacheableTest$Foo: #toString(): '-9163739475673165424' from cache (hit #61, 32ms old)
[[2;37mDEBUG[m] pool-2-thread-42 com.jcabi.aspects.CacheableTest$Foo: #get(): -9163739475673165424 from cache (hit #30, 35ms old)
[[2;37mDEBUG[m] pool-2-thread-42 com.jcabi.aspects.CacheableTest$Foo: #toString(): '-9163739475673165424' from cache (hit #62, 33ms old)
[[2;37mDEBUG[m] pool-2-thread-40 com.jcabi.aspects.CacheableTest$Foo: #toString(): '-9163739475673165424' from cache (hit #63, 33ms old)
[[2;37mDEBUG[m] pool-2-thread-40 com.jcabi.aspects.CacheableTest$Foo: #get(): -9163739475673165424 from cache (hit #31, 36ms old)
[[2;37mDEBUG[m] pool-2-thread-40 com.jcabi.aspects.CacheableTest$Foo: #toString(): '-9163739475673165424' from cache (hit #64, 33ms old)
[[2;37mDEBUG[m] pool-2-thread-41 com.jcabi.aspects.CacheableTest$Foo: #toString(): '-9163739475673165424' from cache (hit #65, 34ms old)
[[2;37mDEBUG[m] pool-2-thread-41 com.jcabi.aspects.CacheableTest$Foo: #get(): -9163739475673165424 from cache (hit #32, 37ms old)
[[2;37mDEBUG[m] pool-2-thread-41 com.jcabi.aspects.CacheableTest$Foo: #toString(): '-9163739475673165424' from cache (hit #66, 35ms old)
[[2;37mDEBUG[m] pool-2-thread-37 com.jcabi.aspects.CacheableTest$Foo: #toString(): '-9163739475673165424' from cache (hit #67, 35ms old)
[[2;37mDEBUG[m] pool-2-thread-37 com.jcabi.aspects.CacheableTest$Foo: #get(): -9163739475673165424 from cache (hit #33, 38ms old)
[[2;37mDEBUG[m] pool-2-thread-37 com.jcabi.aspects.CacheableTest$Foo: #toString(): '-9163739475673165424' from cache (hit #68, 35ms old)
[[2;37mDEBUG[m] pool-2-thread-39 com.jcabi.aspects.CacheableTest$Foo: #toString(): '-9163739475673165424' from cache (hit #69, 36ms old)
[[2;37mDEBUG[m] pool-2-thread-39 com.jcabi.aspects.CacheableTest$Foo: #get(): -9163739475673165424 from cache (hit #34, 39ms old)
[[2;37mDEBUG[m] pool-2-thread-39 com.jcabi.aspects.CacheableTest$Foo: #toString(): '-9163739475673165424' from cache (hit #70, 36ms old)
[[2;37mDEBUG[m] pool-2-thread-38 com.jcabi.aspects.CacheableTest$Foo: #toString(): '-9163739475673165424' from cache (hit #71, 37ms old)
[[2;37mDEBUG[m] pool-2-thread-38 com.jcabi.aspects.CacheableTest$Foo: #get(): -9163739475673165424 from cache (hit #35, 40ms old)
[[2;37mDEBUG[m] pool-2-thread-38 com.jcabi.aspects.CacheableTest$Foo: #toString(): '-9163739475673165424' from cache (hit #72, 37ms old)
[[2;37mDEBUG[m] pool-2-thread-36 com.jcabi.aspects.CacheableTest$Foo: #toString(): '-9163739475673165424' from cache (hit #73, 37ms old)
[[2;37mDEBUG[m] pool-2-thread-36 com.jcabi.aspects.CacheableTest$Foo: #get(): -9163739475673165424 from cache (hit #36, 41ms old)
[[2;37mDEBUG[m] pool-2-thread-36 com.jcabi.aspects.CacheableTest$Foo: #toString(): '-9163739475673165424' from cache (hit #74, 38ms old)
[[2;37mDEBUG[m] pool-2-thread-34 com.jcabi.aspects.CacheableTest$Foo: #toString(): '-9163739475673165424' from cache (hit #75, 38ms old)
[[2;37mDEBUG[m] pool-2-thread-34 com.jcabi.aspects.CacheableTest$Foo: #get(): -9163739475673165424 from cache (hit #37, 41ms old)
[[2;37mDEBUG[m] pool-2-thread-34 com.jcabi.aspects.CacheableTest$Foo: #toString(): '-9163739475673165424' from cache (hit #76, 39ms old)
[[2;37mDEBUG[m] pool-2-thread-35 com.jcabi.aspects.CacheableTest$Foo: #toString(): '-9163739475673165424' from cache (hit #77, 39ms old)
[[2;37mDEBUG[m] pool-2-thread-35 com.jcabi.aspects.CacheableTest$Foo: #get(): -9163739475673165424 from cache (hit #38, 42ms old)
[[2;37mDEBUG[m] pool-2-thread-35 com.jcabi.aspects.CacheableTest$Foo: #toString(): '-9163739475673165424' from cache (hit #78, 40ms old)
[[2;37mDEBUG[m] pool-2-thread-33 com.jcabi.aspects.CacheableTest$Foo: #toString(): '-9163739475673165424' from cache (hit #79, 40ms old)
[[2;37mDEBUG[m] pool-2-thread-33 com.jcabi.aspects.CacheableTest$Foo: #get(): -9163739475673165424 from cache (hit #39, 43ms old)
[[2;37mDEBUG[m] pool-2-thread-33 com.jcabi.aspects.CacheableTest$Foo: #toString(): '-9163739475673165424' from cache (hit #80, 40ms old)
[[2;37mDEBUG[m] pool-2-thread-32 com.jcabi.aspects.CacheableTest$Foo: #toString(): '-9163739475673165424' from cache (hit #81, 41ms old)
[[2;37mDEBUG[m] pool-2-thread-32 com.jcabi.aspects.CacheableTest$Foo: #get(): -9163739475673165424 from cache (hit #40, 44ms old)
[[2;37mDEBUG[m] pool-2-thread-32 com.jcabi.aspects.CacheableTest$Foo: #toString(): '-9163739475673165424' from cache (hit #82, 41ms old)
[[2;37mDEBUG[m] pool-2-thread-31 com.jcabi.aspects.CacheableTest$Foo: #toString(): '-9163739475673165424' from cache (hit #83, 41ms old)
[[2;37mDEBUG[m] pool-2-thread-31 com.jcabi.aspects.CacheableTest$Foo: #get(): -9163739475673165424 from cache (hit #41, 45ms old)
[[2;37mDEBUG[m] pool-2-thread-31 com.jcabi.aspects.CacheableTest$Foo: #toString(): '-9163739475673165424' from cache (hit #84, 42ms old)
[[2;37mDEBUG[m] pool-2-thread-30 com.jcabi.aspects.CacheableTest$Foo: #toString(): '-9163739475673165424' from cache (hit #85, 42ms old)
[[2;37mDEBUG[m] pool-2-thread-30 com.jcabi.aspects.CacheableTest$Foo: #get(): -9163739475673165424 from cache (hit #42, 46ms old)
[[2;37mDEBUG[m] pool-2-thread-30 com.jcabi.aspects.CacheableTest$Foo: #toString(): '-9163739475673165424' from cache (hit #86, 43ms old)
[[2;37mDEBUG[m] pool-2-thread-28 com.jcabi.aspects.CacheableTest$Foo: #toString(): '-9163739475673165424' from cache (hit #87, 43ms old)
[[2;37mDEBUG[m] pool-2-thread-28 com.jcabi.aspects.CacheableTest$Foo: #get(): -9163739475673165424 from cache (hit #43, 47ms old)
[[2;37mDEBUG[m] pool-2-thread-28 com.jcabi.aspects.CacheableTest$Foo: #toString(): '-9163739475673165424' from cache (hit #88, 44ms old)
[[2;37mDEBUG[m] pool-2-thread-29 com.jcabi.aspects.CacheableTest$Foo: #toString(): '-9163739475673165424' from cache (hit #89, 44ms old)
[[2;37mDEBUG[m] pool-2-thread-29 com.jcabi.aspects.CacheableTest$Foo: #get(): -9163739475673165424 from cache (hit #44, 47ms old)
[[2;37mDEBUG[m] pool-2-thread-29 com.jcabi.aspects.CacheableTest$Foo: #toString(): '-9163739475673165424' from cache (hit #90, 45ms old)
[[2;37mDEBUG[m] pool-2-thread-27 com.jcabi.aspects.CacheableTest$Foo: #toString(): '-9163739475673165424' from cache (hit #91, 45ms old)
[[2;37mDEBUG[m] pool-2-thread-27 com.jcabi.aspects.CacheableTest$Foo: #get(): -9163739475673165424 from cache (hit #45, 48ms old)
[[2;37mDEBUG[m] pool-2-thread-27 com.jcabi.aspects.CacheableTest$Foo: #toString(): '-9163739475673165424' from cache (hit #92, 45ms old)
[[2;37mDEBUG[m] pool-2-thread-26 com.jcabi.aspects.CacheableTest$Foo: #toString(): '-9163739475673165424' from cache (hit #93, 46ms old)
[[2;37mDEBUG[m] pool-2-thread-26 com.jcabi.aspects.CacheableTest$Foo: #get(): -9163739475673165424 from cache (hit #46, 49ms old)
[[2;37mDEBUG[m] pool-2-thread-26 com.jcabi.aspects.CacheableTest$Foo: #toString(): '-9163739475673165424' from cache (hit #94, 46ms old)
[[2;37mDEBUG[m] pool-2-thread-24 com.jcabi.aspects.CacheableTest$Foo: #toString(): '-9163739475673165424' from cache (hit #95, 46ms old)
[[2;37mDEBUG[m] pool-2-thread-24 com.jcabi.aspects.CacheableTest$Foo: #get(): -9163739475673165424 from cache (hit #47, 49ms old)
[[2;37mDEBUG[m] pool-2-thread-24 com.jcabi.aspects.CacheableTest$Foo: #toString(): '-9163739475673165424' from cache (hit #96, 47ms old)
[[2;37mDEBUG[m] pool-2-thread-25 com.jcabi.aspects.CacheableTest$Foo: #toString(): '-9163739475673165424' from cache (hit #97, 47ms old)
[[2;37mDEBUG[m] pool-2-thread-25 com.jcabi.aspects.CacheableTest$Foo: #get(): -9163739475673165424 from cache (hit #48, 50ms old)
[[2;37mDEBUG[m] pool-2-thread-25 com.jcabi.aspects.CacheableTest$Foo: #toString(): '-9163739475673165424' from cache (hit #98, 47ms old)
[[2;37mDEBUG[m] pool-2-thread-23 com.jcabi.aspects.CacheableTest$Foo: #toString(): '-9163739475673165424' from cache (hit #99, 48ms old)
[[2;37mDEBUG[m] pool-2-thread-23 com.jcabi.aspects.CacheableTest$Foo: #get(): -9163739475673165424 from cache (hit #49, 51ms old)
[[2;37mDEBUG[m] pool-2-thread-23 com.jcabi.aspects.CacheableTest$Foo: #toString(): '-9163739475673165424' from cache (hit #100, 48ms old)
[[2;37mDEBUG[m] pool-2-thread-21 com.jcabi.aspects.CacheableTest$Foo: #toString(): '-9163739475673165424' from cache (hit #101, 48ms old)
[[2;37mDEBUG[m] pool-2-thread-21 com.jcabi.aspects.CacheableTest$Foo: #get(): -9163739475673165424 from cache (hit #50, 52ms old)
[[2;37mDEBUG[m] pool-2-thread-21 com.jcabi.aspects.CacheableTest$Foo: #toString(): '-9163739475673165424' from cache (hit #102, 49ms old)
[[2;37mDEBUG[m] pool-2-thread-22 com.jcabi.aspects.CacheableTest$Foo: #toString(): '-9163739475673165424' from cache (hit #103, 49ms old)
[[2;37mDEBUG[m] pool-2-thread-22 com.jcabi.aspects.CacheableTest$Foo: #get(): -9163739475673165424 from cache (hit #51, 52ms old)
[[2;37mDEBUG[m] pool-2-thread-22 com.jcabi.aspects.CacheableTest$Foo: #toString(): '-9163739475673165424' from cache (hit #104, 50ms old)
[[2;37mDEBUG[m] pool-2-thread-20 com.jcabi.aspects.CacheableTest$Foo: #toString(): '-9163739475673165424' from cache (hit #105, 50ms old)
[[2;37mDEBUG[m] pool-2-thread-20 com.jcabi.aspects.CacheableTest$Foo: #get(): -9163739475673165424 from cache (hit #52, 53ms old)
[[2;37mDEBUG[m] pool-2-thread-20 com.jcabi.aspects.CacheableTest$Foo: #toString(): '-9163739475673165424' from cache (hit #106, 50ms old)
[[2;37mDEBUG[m] pool-2-thread-18 com.jcabi.aspects.CacheableTest$Foo: #toString(): '-9163739475673165424' from cache (hit #107, 51ms old)
[[2;37mDEBUG[m] pool-2-thread-18 com.jcabi.aspects.CacheableTest$Foo: #get(): -9163739475673165424 from cache (hit #53, 54ms old)
[[2;37mDEBUG[m] pool-2-thread-18 com.jcabi.aspects.CacheableTest$Foo: #toString(): '-9163739475673165424' from cache (hit #108, 51ms old)
[[2;37mDEBUG[m] pool-2-thread-19 com.jcabi.aspects.CacheableTest$Foo: #toString(): '-9163739475673165424' from cache (hit #109, 52ms old)
[[2;37mDEBUG[m] pool-2-thread-19 com.jcabi.aspects.CacheableTest$Foo: #get(): -9163739475673165424 from cache (hit #54, 55ms old)
[[2;37mDEBUG[m] pool-2-thread-19 com.jcabi.aspects.CacheableTest$Foo: #toString(): '-9163739475673165424' from cache (hit #110, 52ms old)
[[2;37mDEBUG[m] pool-2-thread-16 com.jcabi.aspects.CacheableTest$Foo: #toString(): '-9163739475673165424' from cache (hit #111, 52ms old)
[[2;37mDEBUG[m] pool-2-thread-16 com.jcabi.aspects.CacheableTest$Foo: #get(): -9163739475673165424 from cache (hit #55, 56ms old)
[[2;37mDEBUG[m] pool-2-thread-16 com.jcabi.aspects.CacheableTest$Foo: #toString(): '-9163739475673165424' from cache (hit #112, 53ms old)
[[2;37mDEBUG[m] pool-2-thread-17 com.jcabi.aspects.CacheableTest$Foo: #toString(): '-9163739475673165424' from cache (hit #113, 53ms old)
[[2;37mDEBUG[m] pool-2-thread-17 com.jcabi.aspects.CacheableTest$Foo: #get(): -9163739475673165424 from cache (hit #56, 56ms old)
[[2;37mDEBUG[m] pool-2-thread-17 com.jcabi.aspects.CacheableTest$Foo: #toString(): '-9163739475673165424' from cache (hit #114, 54ms old)
[[2;37mDEBUG[m] pool-2-thread-15 com.jcabi.aspects.CacheableTest$Foo: #toString(): '-9163739475673165424' from cache (hit #115, 54ms old)
[[2;37mDEBUG[m] pool-2-thread-15 com.jcabi.aspects.CacheableTest$Foo: #get(): -9163739475673165424 from cache (hit #57, 58ms old)
[[2;37mDEBUG[m] pool-2-thread-15 com.jcabi.aspects.CacheableTest$Foo: #toString(): '-9163739475673165424' from cache (hit #116, 55ms old)
[[2;37mDEBUG[m] pool-2-thread-14 com.jcabi.aspects.CacheableTest$Foo: #toString(): '-9163739475673165424' from cache (hit #117, 55ms old)
[[2;37mDEBUG[m] pool-2-thread-14 com.jcabi.aspects.CacheableTest$Foo: #get(): -9163739475673165424 from cache (hit #58, 59ms old)
[[2;37mDEBUG[m] pool-2-thread-14 com.jcabi.aspects.CacheableTest$Foo: #toString(): '-9163739475673165424' from cache (hit #118, 56ms old)
[[2;37mDEBUG[m] pool-2-thread-13 com.jcabi.aspects.CacheableTest$Foo: #toString(): '-9163739475673165424' from cache (hit #119, 56ms old)
[[2;37mDEBUG[m] pool-2-thread-13 com.jcabi.aspects.CacheableTest$Foo: #get(): -9163739475673165424 from cache (hit #59, 60ms old)
[[2;37mDEBUG[m] pool-2-thread-13 com.jcabi.aspects.CacheableTest$Foo: #toString(): '-9163739475673165424' from cache (hit #120, 57ms old)
[[2;37mDEBUG[m] pool-2-thread-12 com.jcabi.aspects.CacheableTest$Foo: #toString(): '-9163739475673165424' from cache (hit #121, 57ms old)
[[2;37mDEBUG[m] pool-2-thread-12 com.jcabi.aspects.CacheableTest$Foo: #get(): -9163739475673165424 from cache (hit #60, 60ms old)
[[2;37mDEBUG[m] pool-2-thread-12 com.jcabi.aspects.CacheableTest$Foo: #toString(): '-9163739475673165424' from cache (hit #122, 58ms old)
[[2;37mDEBUG[m] pool-2-thread-11 com.jcabi.aspects.CacheableTest$Foo: #toString(): '-9163739475673165424' from cache (hit #123, 58ms old)
[[2;37mDEBUG[m] pool-2-thread-11 com.jcabi.aspects.CacheableTest$Foo: #get(): -9163739475673165424 from cache (hit #61, 61ms old)
[[2;37mDEBUG[m] pool-2-thread-11 com.jcabi.aspects.CacheableTest$Foo: #toString(): '-9163739475673165424' from cache (hit #124, 58ms old)
[[2;37mDEBUG[m] pool-2-thread-10 com.jcabi.aspects.CacheableTest$Foo: #toString(): '-9163739475673165424' from cache (hit #125, 59ms old)
[[2;37mDEBUG[m] pool-2-thread-10 com.jcabi.aspects.CacheableTest$Foo: #get(): -9163739475673165424 from cache (hit #62, 62ms old)
[[2;37mDEBUG[m] pool-2-thread-10 com.jcabi.aspects.CacheableTest$Foo: #toString(): '-9163739475673165424' from cache (hit #126, 59ms old)
[[2;37mDEBUG[m] pool-2-thread-9 com.jcabi.aspects.CacheableTest$Foo: #toString(): '-9163739475673165424' from cache (hit #127, 60ms old)
[[2;37mDEBUG[m] pool-2-thread-9 com.jcabi.aspects.CacheableTest$Foo: #get(): -9163739475673165424 from cache (hit #63, 63ms old)
[[2;37mDEBUG[m] pool-2-thread-7 com.jcabi.aspects.CacheableTest$Foo: #toString(): '-9163739475673165424' from cache (hit #128, 60ms old)
[[2;37mDEBUG[m] pool-2-thread-7 com.jcabi.aspects.CacheableTest$Foo: #get(): -9163739475673165424 from cache (hit #64, 64ms old)
[[2;37mDEBUG[m] pool-2-thread-9 com.jcabi.aspects.CacheableTest$Foo: #toString(): '-9163739475673165424' from cache (hit #129, 61ms old)
[[2;37mDEBUG[m] pool-2-thread-7 com.jcabi.aspects.CacheableTest$Foo: #toString(): '-9163739475673165424' from cache (hit #130, 61ms old)
[[2;37mDEBUG[m] pool-2-thread-8 com.jcabi.aspects.CacheableTest$Foo: #toString(): '-9163739475673165424' from cache (hit #131, 61ms old)
[[2;37mDEBUG[m] pool-2-thread-8 com.jcabi.aspects.CacheableTest$Foo: #get(): -9163739475673165424 from cache (hit #65, 64ms old)
[[2;37mDEBUG[m] pool-2-thread-8 com.jcabi.aspects.CacheableTest$Foo: #toString(): '-9163739475673165424' from cache (hit #132, 62ms old)
[[2;37mDEBUG[m] pool-2-thread-6 com.jcabi.aspects.CacheableTest$Foo: #toString(): '-9163739475673165424' from cache (hit #133, 62ms old)
[[2;37mDEBUG[m] pool-2-thread-6 com.jcabi.aspects.CacheableTest$Foo: #get(): -9163739475673165424 from cache (hit #66, 65ms old)
[[2;37mDEBUG[m] pool-2-thread-6 com.jcabi.aspects.CacheableTest$Foo: #toString(): '-9163739475673165424' from cache (hit #134, 62ms old)
[[2;37mDEBUG[m] pool-2-thread-5 com.jcabi.aspects.CacheableTest$Foo: #toString(): '-9163739475673165424' from cache (hit #135, 63ms old)
[[2;37mDEBUG[m] pool-2-thread-5 com.jcabi.aspects.CacheableTest$Foo: #get(): -9163739475673165424 from cache (hit #67, 66ms old)
[[2;37mDEBUG[m] pool-2-thread-5 com.jcabi.aspects.CacheableTest$Foo: #toString(): '-9163739475673165424' from cache (hit #136, 63ms old)
[[2;37mDEBUG[m] pool-2-thread-3 com.jcabi.aspects.CacheableTest$Foo: #toString(): '-9163739475673165424' from cache (hit #137, 64ms old)
[[2;37mDEBUG[m] pool-2-thread-3 com.jcabi.aspects.CacheableTest$Foo: #get(): -9163739475673165424 from cache (hit #68, 67ms old)
[[2;37mDEBUG[m] pool-2-thread-3 com.jcabi.aspects.CacheableTest$Foo: #toString(): '-9163739475673165424' from cache (hit #138, 64ms old)
[[2;37mDEBUG[m] pool-2-thread-2 com.jcabi.aspects.CacheableTest$Foo: #toString(): '-9163739475673165424' from cache (hit #139, 64ms old)
[[2;37mDEBUG[m] pool-2-thread-2 com.jcabi.aspects.CacheableTest$Foo: #get(): -9163739475673165424 from cache (hit #69, 68ms old)
[[2;37mDEBUG[m] pool-2-thread-2 com.jcabi.aspects.CacheableTest$Foo: #toString(): '-9163739475673165424' from cache (hit #140, 65ms old)
[[2;37mDEBUG[m] pool-2-thread-4 com.jcabi.aspects.CacheableTest$Foo: #toString(): '-9163739475673165424' from cache (hit #141, 65ms old)
[[2;37mDEBUG[m] pool-2-thread-4 com.jcabi.aspects.CacheableTest$Foo: #get(): -9163739475673165424 from cache (hit #70, 68ms old)
[[2;37mDEBUG[m] pool-2-thread-4 com.jcabi.aspects.CacheableTest$Foo: #toString(): '-9163739475673165424' from cache (hit #142, 66ms old)
[[2;37mDEBUG[m] pool-2-thread-1 com.jcabi.aspects.CacheableTest$Foo: #toString(): '-9163739475673165424' from cache (hit #143, 66ms old)
[[2;37mDEBUG[m] pool-2-thread-1 com.jcabi.aspects.CacheableTest$Foo: #get(): -9163739475673165424 from cache (hit #71, 69ms old)
[[2;37mDEBUG[m] pool-2-thread-1 com.jcabi.aspects.CacheableTest$Foo: #toString(): '-9163739475673165424' from cache (hit #144, 66ms old)
[[2;37mDEBUG[m] Thread-32 com.jcabi.aspects.CacheableTest$Foo: #never(): thrown java.lang.IllegalStateException(java.lang.InterruptedException: sleep interrupted) out of com.jcabi.aspects.CacheableTest$Foo#never_aroundBody12[251] in 84ms
Exception in thread "Thread-32" java.lang.IllegalStateException: java.lang.InterruptedException: sleep interrupted
	at com.jcabi.aspects.CacheableTest$Foo.never_aroundBody12(CacheableTest.java:251)
	at com.jcabi.aspects.CacheableTest$Foo$AjcClosure13.run(CacheableTest.java:1)
	at org.aspectj.runtime.reflect.JoinPointImpl.proceed(JoinPointImpl.java:183)
	at com.jcabi.aspects.aj.MethodLogger.wrap(MethodLogger.java:208)
	at com.jcabi.aspects.aj.MethodLogger.ajc$inlineAccessMethod$com_jcabi_aspects_aj_MethodLogger$com_jcabi_aspects_aj_MethodLogger$wrap(MethodLogger.java:1)
	at com.jcabi.aspects.aj.MethodLogger.wrapMethod(MethodLogger.java:164)
	at com.jcabi.aspects.CacheableTest$Foo.never_aroundBody14(CacheableTest.java:247)
	at com.jcabi.aspects.CacheableTest$Foo$AjcClosure15.run(CacheableTest.java:1)
	at org.aspectj.runtime.reflect.JoinPointImpl.proceed(JoinPointImpl.java:183)
	at com.jcabi.aspects.aj.MethodCacher$Tunnel.through(MethodCacher.java:401)
	at com.jcabi.aspects.aj.MethodCacher.cache(MethodCacher.java:170)
	at com.jcabi.aspects.CacheableTest$Foo.never(CacheableTest.java:247)
	at java.base/java.lang.Thread.run(Thread.java:829)
Caused by: java.lang.InterruptedException: sleep interrupted
	at java.base/java.lang.Thread.sleep(Native Method)
	at java.base/java.lang.Thread.sleep(Thread.java:334)
	at java.base/java.util.concurrent.TimeUnit.sleep(TimeUnit.java:446)
	at com.jcabi.aspects.CacheableTest$Foo.never_aroundBody12(CacheableTest.java:249)
	... 12 more
[[2;37mDEBUG[m] main com.jcabi.aspects.CacheableTest$Foo: #toString(): '8395750890427568278' in 38.84Âµs
[[2;37mDEBUG[m] main com.jcabi.aspects.CacheableTest$Foo: #toString(): '8395750890427568278' cached in 1ms, valid forever
[[2;37mDEBUG[m] main com.jcabi.aspects.CacheableTest$Foo: #get(): 8395750890427568278 in 687.35Âµs
[[2;37mDEBUG[m] main com.jcabi.aspects.CacheableTest$Foo: #toString(): '8395750890427568278' from cache (hit #1, 2ms old)
[[2;37mDEBUG[m] main com.jcabi.aspects.CacheableTest$Foo: #get(): 8395750890427568278 cached in 3ms, valid for 1s
[[2;37mDEBUG[m] main com.jcabi.aspects.CacheableTest$Foo: #toString(): '8395750890427568278' from cache (hit #2, 2ms old)
[[2;37mDEBUG[m] jcabi-cacheable-clean com.jcabi.aspects.aj.MethodCacher: #staticGet():'1574887960333879662' expired in cache
[[2;37mDEBUG[m] jcabi-cacheable-clean com.jcabi.aspects.CacheableTest$Foo: #toString(): '-7212813232385943578' from cache (hit #3, 2s old)
[[2;37mDEBUG[m] jcabi-cacheable-clean com.jcabi.aspects.aj.MethodCacher: #get():-7212813232385943578 expired in cache
[[2;37mDEBUG[m] jcabi-cacheable-clean com.jcabi.aspects.CacheableTest$Foo: #toString(): '-9163739475673165424' from cache (hit #145, 2s old)
[[2;37mDEBUG[m] jcabi-cacheable-clean com.jcabi.aspects.aj.MethodCacher: #get():-9163739475673165424 expired in cache
[[2;37mDEBUG[m] jcabi-cacheable-clean com.jcabi.aspects.CacheableTest$Foo: #toString(): '8395750890427568278' from cache (hit #3, 2s old)
[[2;37mDEBUG[m] jcabi-cacheable-clean com.jcabi.aspects.aj.MethodCacher: #get():8395750890427568278 expired in cache
[[2;37mDEBUG[m] main com.jcabi.aspects.CacheableTest$Foo: #toString(): '6443507153707518623' in 13.95Âµs
[[2;37mDEBUG[m] main com.jcabi.aspects.CacheableTest$Foo: #toString(): '6443507153707518623' cached in 0ms, valid forever
[[2;37mDEBUG[m] main com.jcabi.aspects.CacheableTest$Foo: #get(): 6443507153707518623 in 89.73Âµs
[[2;37mDEBUG[m] main com.jcabi.aspects.CacheableTest$Foo: #toString(): '6443507153707518623' from cache (hit #1, 1ms old)
[[2;37mDEBUG[m] main com.jcabi.aspects.CacheableTest$Foo: #get(): 6443507153707518623 cached in 1ms, valid for 1s
[[2;37mDEBUG[m] main com.jcabi.aspects.CacheableTest$Foo: #toString(): '6443507153707518623' from cache (hit #2, 1ms old)
[[2;37mDEBUG[m] main com.jcabi.aspects.CacheableTest$Bar: #get(): 8901153112856277602 cached in 1ms, valid for 1min
[[2;37mDEBUG[m] main com.jcabi.aspects.CacheableTest$Bar: #get(): #get():8901153112856277602 removed from cache before the call
[[2;37mDEBUG[m] main com.jcabi.aspects.CacheableTest$Bar: #get(): -1686230237554839917 cached in 0ms, valid for 1min
[WARNING] Tests run: 6, Failures: 0, Errors: 0, Skipped: 1, Time elapsed: 5.113 s - in com.jcabi.aspects.CacheableTest
[INFO] 
[INFO] Results:
[INFO] 
[WARNING] Tests run: 69, Failures: 0, Errors: 0, Skipped: 3
[INFO] 
[INFO] ------------------------------------------------------------------------
[INFO] BUILD SUCCESS
[INFO] ------------------------------------------------------------------------
[INFO] Total time:  36.378 s
[INFO] Finished at: 2023-01-17T18:56:26Z
[INFO] ------------------------------------------------------------------------
