[INFO] Scanning for projects...
[INFO] Inspecting build with total of 1 modules...
[INFO] Installing Nexus Staging features:
[INFO]   ... total of 1 executions of maven-deploy-plugin replaced with nexus-staging-maven-plugin
[INFO] 
[INFO] ---------< com.github.alexcojocaru:elasticsearch-maven-plugin >---------
[INFO] Building Elasticsearch Maven Plugin 6.24-SNAPSHOT
[INFO] ----------------------------[ maven-plugin ]----------------------------
[INFO] 
[INFO] --- maven-clean-plugin:2.5:clean (default-clean) @ elasticsearch-maven-plugin ---
[INFO] Deleting /home/gabsko/breaking-updates/target
[INFO] 
[INFO] --- maven-enforcer-plugin:1.0:enforce (enforce-maven) @ elasticsearch-maven-plugin ---
[INFO] 
[INFO] --- maven-plugin-plugin:3.5:helpmojo (help-goal) @ elasticsearch-maven-plugin ---
[INFO] Using 'UTF-8' encoding to read mojo source files.
[INFO] java-javadoc mojo extractor found 0 mojo descriptor.
[INFO] java-annotations mojo extractor found 0 mojo descriptor.
[INFO] 
[INFO] --- maven-resources-plugin:2.6:resources (default-resources) @ elasticsearch-maven-plugin ---
[INFO] Using 'UTF-8' encoding to copy filtered resources.
[INFO] skip non existing resourceDirectory /home/gabsko/breaking-updates/src/main/resources
[INFO] 
[INFO] --- maven-compiler-plugin:3.1:compile (default-compile) @ elasticsearch-maven-plugin ---
[INFO] Changes detected - recompiling the module!
[INFO] Compiling 64 source files to /home/gabsko/breaking-updates/target/classes
[INFO] 
[INFO] --- maven-plugin-plugin:3.5:descriptor (default-descriptor) @ elasticsearch-maven-plugin ---
[INFO] Using 'UTF-8' encoding to read mojo source files.
[INFO] java-javadoc mojo extractor found 0 mojo descriptor.
[INFO] java-annotations mojo extractor found 3 mojo descriptors.
[INFO] 
[INFO] --- maven-plugin-plugin:3.5:descriptor (mojo-descriptor) @ elasticsearch-maven-plugin ---
[INFO] Using 'UTF-8' encoding to read mojo source files.
[INFO] java-javadoc mojo extractor found 0 mojo descriptor.
[INFO] java-annotations mojo extractor found 3 mojo descriptors.
[INFO] 
[INFO] --- maven-resources-plugin:2.6:testResources (default-testResources) @ elasticsearch-maven-plugin ---
[INFO] Using 'UTF-8' encoding to copy filtered resources.
[INFO] Copying 5 resources
[INFO] 
[INFO] --- maven-compiler-plugin:3.1:testCompile (default-testCompile) @ elasticsearch-maven-plugin ---
[INFO] Changes detected - recompiling the module!
[INFO] Compiling 14 source files to /home/gabsko/breaking-updates/target/test-classes
[INFO] 
[INFO] --- maven-surefire-plugin:2.12.4:test (default-test) @ elasticsearch-maven-plugin ---
[INFO] Surefire report directory: /home/gabsko/breaking-updates/target/surefire-reports

-------------------------------------------------------
 T E S T S
-------------------------------------------------------
Running com.github.alexcojocaru.mojo.elasticsearch.v2.AbstractElasticsearchMojoTest
WARNING: An illegal reflective access operation has occurred
WARNING: Illegal reflective access by net.bytebuddy.dynamic.loading.ClassInjector$UsingReflection$Dispatcher$Resolved (file:/home/gabsko/.m2/repository/net/bytebuddy/byte-buddy/1.5.4/byte-buddy-1.5.4.jar) to method java.lang.ClassLoader.findLoadedClass(java.lang.String)
WARNING: Please consider reporting this to the maintainers of net.bytebuddy.dynamic.loading.ClassInjector$UsingReflection$Dispatcher$Resolved
WARNING: Use --illegal-access=warn to enable warnings of further illegal reflective access operations
WARNING: All illegal access operations will be denied in a future release
Tests run: 9, Failures: 0, Errors: 0, Skipped: 0, Time elapsed: 0.553 sec
Running com.github.alexcojocaru.mojo.elasticsearch.v2.ForkedElasticsearchProcessDestroyerTest
Tests run: 1, Failures: 0, Errors: 0, Skipped: 0, Time elapsed: 0.14 sec
Running com.github.alexcojocaru.mojo.elasticsearch.v2.util.FilesystemUtilTest
Tests run: 1, Failures: 0, Errors: 0, Skipped: 0, Time elapsed: 0.014 sec
Running com.github.alexcojocaru.mojo.elasticsearch.v2.util.VersionUtilTest
Tests run: 5, Failures: 0, Errors: 0, Skipped: 0, Time elapsed: 0.006 sec
Running com.github.alexcojocaru.mojo.elasticsearch.v2.step.RemoveExistingDataStepTest
Tests run: 2, Failures: 0, Errors: 0, Skipped: 0, Time elapsed: 0.012 sec
Running com.github.alexcojocaru.mojo.elasticsearch.v2.step.ValidateUniquePortsStepTest
Tests run: 5, Failures: 0, Errors: 0, Skipped: 0, Time elapsed: 0.017 sec
Running com.github.alexcojocaru.mojo.elasticsearch.v2.step.ValidateVersionStepTest
Tests run: 2, Failures: 0, Errors: 0, Skipped: 0, Time elapsed: 0.001 sec
Running com.github.alexcojocaru.mojo.elasticsearch.v2.step.ValidateClusterNameStepTest
Tests run: 3, Failures: 0, Errors: 0, Skipped: 0, Time elapsed: 0.002 sec
Running com.github.alexcojocaru.mojo.elasticsearch.v2.step.BootstrapClusterStepTest
Tests run: 24, Failures: 0, Errors: 0, Skipped: 0, Time elapsed: 0.583 sec
Running com.github.alexcojocaru.mojo.elasticsearch.v2.step.ValidateFlavourStepTest
Tests run: 1, Failures: 0, Errors: 0, Skipped: 0, Time elapsed: 0.001 sec

Results :

Tests run: 53, Failures: 0, Errors: 0, Skipped: 0

[INFO] ------------------------------------------------------------------------
[INFO] BUILD SUCCESS
[INFO] ------------------------------------------------------------------------
[INFO] Total time:  7.106 s
[INFO] Finished at: 2023-01-24T15:08:51Z
[INFO] ------------------------------------------------------------------------
