Apache Maven 3.8.6 (84538c9988a25aec085021c365c560670ad80f63)
Maven home: /home/gabsko/apache-maven-3.8.6
Java version: 11.0.17, vendor: Ubuntu, runtime: /usr/lib/jvm/java-11-openjdk-amd64
Default locale: en, platform encoding: UTF-8
OS name: "linux", version: "5.4.0-113-generic", arch: "amd64", family: "unix"
[INFO] Scanning for projects...
[WARNING] 
[WARNING] Some problems were encountered while building the effective model for com.hedera:hedera-mirror-common:jar:0.50.0-SNAPSHOT
[WARNING] 'version' contains an expression but should be a constant. @ com.hedera:hedera-mirror-node:${release.version}, /home/gabsko/breaking-updates/pom.xml, line 7, column 14
[WARNING] 
[WARNING] Some problems were encountered while building the effective model for com.hedera:hedera-mirror-node:pom:0.50.0-SNAPSHOT
[WARNING] 'version' contains an expression but should be a constant. @ com.hedera:hedera-mirror-node:${release.version}, /home/gabsko/breaking-updates/pom.xml, line 7, column 14
[WARNING] 
[WARNING] It is highly recommended to fix these problems because they threaten the stability of your build.
[WARNING] 
[WARNING] For this reason, future Maven versions might no longer support building such malformed projects.
[WARNING] 
[INFO] ------------------------------------------------------------------------
[INFO] Detecting the operating system and CPU architecture
[INFO] ------------------------------------------------------------------------
[INFO] os.detected.name: linux
[INFO] os.detected.arch: x86_64
[INFO] os.detected.bitness: 64
[INFO] os.detected.version: 5.4
[INFO] os.detected.version.major: 5
[INFO] os.detected.version.minor: 4
[INFO] os.detected.release: ubuntu
[INFO] os.detected.release.version: 18.04
[INFO] os.detected.release.like.ubuntu: true
[INFO] os.detected.release.like.debian: true
[INFO] os.detected.classifier: linux-x86_64
[INFO] ------------------------------------------------------------------------
[INFO] Reactor Build Order:
[INFO] 
[INFO] Hedera Mirror Node                                                 [pom]
[INFO] Hedera Mirror Node Common                                          [jar]
[INFO] Hedera Mirror Node Protobuf                                        [jar]
[INFO] Hedera Mirror Node GRPC API                                        [jar]
[INFO] Hedera Mirror Node Importer                                        [jar]
[INFO] Hedera Mirror Node Monitor                                         [jar]
[INFO] Hedera Mirror Node REST API                                        [pom]
[INFO] Hedera Mirror Node Rosetta REST API                         [mvn-golang]
[INFO] Hedera Mirror Node Test                                            [jar]
[INFO] Hedera Mirror Node Web3                                            [jar]
[INFO] 
[INFO] Using the MultiThreadedBuilder implementation with a thread count of 36
[INFO] 
[INFO] -------------------< com.hedera:hedera-mirror-node >--------------------
[INFO] Building Hedera Mirror Node 0.50.0-SNAPSHOT                       [1/10]
[INFO] --------------------------------[ pom ]---------------------------------
[INFO] 
[INFO] --- maven-clean-plugin:3.1.0:clean (default-clean) @ hedera-mirror-node ---
[INFO] Deleting /home/gabsko/breaking-updates/target
[INFO] 
[INFO] --- git-commit-id-plugin:4.0.4:revision (default) @ hedera-mirror-node ---
[INFO] 
[INFO] -----------------< com.hedera:hedera-mirror-protobuf >------------------
[INFO] Building Hedera Mirror Node Protobuf 0.50.0-SNAPSHOT              [2/10]
[INFO] 
[INFO] 
[INFO] --------------------------------[ jar ]---------------------------------
[INFO] 
[INFO] 
[INFO] 
[INFO] ------------------< com.hedera:hedera-mirror-monitor >------------------
[INFO] ------------------< com.hedera:hedera-mirror-common >-------------------
[INFO] Building Hedera Mirror Node Monitor 0.50.0-SNAPSHOT               [3/10]
[INFO] Building Hedera Mirror Node Common 0.50.0-SNAPSHOT                [4/10]
[INFO] -------------------< com.hedera:hedera-mirror-rest >--------------------
[INFO] -------------------< com.hedera:hedera-mirror-test >--------------------
[INFO] ------------------< com.hedera:hedera-mirror-rosetta >------------------
[INFO] Building Hedera Mirror Node Test 0.50.0-SNAPSHOT                  [6/10]
[INFO] Building Hedera Mirror Node REST API 0.50.0-SNAPSHOT              [5/10]
[INFO] --------------------------------[ jar ]---------------------------------
[INFO] --------------------------------[ jar ]---------------------------------
[INFO] --------------------------------[ pom ]---------------------------------
[INFO] --------------------------------[ jar ]---------------------------------
[INFO] Building Hedera Mirror Node Rosetta REST API 0.50.0-SNAPSHOT      [7/10]
[INFO] -----------------------------[ mvn-golang ]-----------------------------
[INFO] 
[INFO] --- maven-clean-plugin:3.1.0:clean (default-clean) @ hedera-mirror-rest ---
[INFO] Deleting /home/gabsko/breaking-updates/hedera-mirror-rest/target
[INFO] 
[INFO] --- openapi-generator-maven-plugin:5.3.0:generate (default) @ hedera-mirror-rest ---
[INFO] 
[INFO] --- mvn-golang-wrapper:2.3.9:clean (default-clean) @ hedera-mirror-rosetta ---
[INFO] 
[INFO] --- maven-clean-plugin:3.1.0:clean (default-clean) @ hedera-mirror-protobuf ---
[INFO] 
[INFO] --- maven-clean-plugin:3.1.0:clean (default-clean) @ hedera-mirror-common ---
[INFO] 
[INFO] --- maven-clean-plugin:3.1.0:clean (default-clean) @ hedera-mirror-test ---
[INFO] 
[INFO] --- maven-clean-plugin:3.1.0:clean (default-clean) @ hedera-mirror-monitor ---
[INFO] Deleting /home/gabsko/breaking-updates/hedera-mirror-common/target
[INFO] Deleting /home/gabsko/breaking-updates/hedera-mirror-monitor/target
[INFO] Deleting /home/gabsko/breaking-updates/hedera-mirror-test/target
[INFO] 
[INFO] --- maven-resources-plugin:3.2.0:resources (default-resources) @ hedera-mirror-test ---
[INFO] 
[INFO] 
[INFO] --- jacoco-maven-plugin:0.8.7:prepare-agent (default) @ hedera-mirror-common ---
[INFO] --- jacoco-maven-plugin:0.8.7:prepare-agent (default) @ hedera-mirror-monitor ---
[INFO] Deleting /home/gabsko/breaking-updates/hedera-mirror-protobuf/target
[INFO] Scanning maven dependencies
[INFO] Prepared command line : bin/go clean
[INFO] 
[INFO] --- protobuf-maven-plugin:0.6.1:compile (default) @ hedera-mirror-protobuf ---
[INFO] argLine set to -javaagent:/home/gabsko/.m2/repository/org/jacoco/org.jacoco.agent/0.8.7/org.jacoco.agent-0.8.7-runtime.jar=destfile=/home/gabsko/breaking-updates/hedera-mirror-monitor/target/jacoco.exec
[INFO] argLine set to -javaagent:/home/gabsko/.m2/repository/org/jacoco/org.jacoco.agent/0.8.7/org.jacoco.agent-0.8.7-runtime.jar=destfile=/home/gabsko/breaking-updates/hedera-mirror-common/target/jacoco.exec
[INFO] 
[INFO] 
[INFO] --- spring-boot-maven-plugin:2.6.2:build-info (default) @ hedera-mirror-monitor ---
[INFO] --- maven-resources-plugin:3.2.0:resources (default-resources) @ hedera-mirror-common ---
[INFO] Using 'UTF-8' encoding to copy filtered resources.
[INFO] Using 'UTF-8' encoding to copy filtered properties files.
[INFO] Copying 0 resource
[INFO] Copying 1 resource
[INFO] 
[INFO] --- maven-compiler-plugin:3.8.1:compile (default-compile) @ hedera-mirror-test ---
[INFO] Folder /home/gabsko/breaking-updates/hedera-mirror-rosetta/bin is not found
[INFO] 
[INFO] --- maven-clean-plugin:3.1.0:clean (default-clean) @ hedera-mirror-rosetta ---
[INFO] Using 'UTF-8' encoding to copy filtered resources.
[INFO] Using 'UTF-8' encoding to copy filtered properties files.
[INFO] skip non existing resourceDirectory /home/gabsko/breaking-updates/hedera-mirror-common/src/main/resources
[INFO] skip non existing resourceDirectory /home/gabsko/breaking-updates/hedera-mirror-common/src/main/resources
[INFO] 
[INFO] --- maven-compiler-plugin:3.8.1:compile (default-compile) @ hedera-mirror-common ---
[INFO] 
[INFO] --- maven-resources-plugin:3.2.0:resources (default-resources) @ hedera-mirror-monitor ---
[INFO] Using 'UTF-8' encoding to copy filtered resources.
[INFO] Using 'UTF-8' encoding to copy filtered properties files.
[INFO] Copying 1 resource
[INFO] Copying 3 resources
[INFO] 
[INFO] --- maven-compiler-plugin:3.8.1:compile (default-compile) @ hedera-mirror-monitor ---
[INFO] Building protoc plugin: reactor-grpc
[INFO] Generating with dryRun=false
[INFO] Output directory (/home/gabsko/breaking-updates/hedera-mirror-rest/target/generated-sources/openapi) does not exist, or is inaccessible. No file (.openapi-generator-ignore) will be evaluated.
[INFO] OpenAPI Generator: java (client)
[INFO] Generator 'java' is considered stable.
[INFO] Compiling 2 proto file(s) to /home/gabsko/breaking-updates/hedera-mirror-protobuf/target/generated-sources/protobuf/java
[INFO] 
[INFO] --- mvn-golang-wrapper:2.3.9:fix (default-fix) @ hedera-mirror-rosetta ---
[INFO] Scanning maven dependencies
[INFO] Prepared command line : bin/go fix ./...
[INFO] Changes detected - recompiling the module!
[INFO] Compiling 1 source file to /home/gabsko/breaking-updates/hedera-mirror-test/target/classes
[INFO] Changes detected - recompiling the module!
[INFO] Compiling 70 source files to /home/gabsko/breaking-updates/hedera-mirror-common/target/classes
[INFO] Changes detected - recompiling the module!
[INFO] Compiling 81 source files to /home/gabsko/breaking-updates/hedera-mirror-monitor/target/classes
[INFO] Environment variable JAVA_POST_PROCESS_FILE not defined so the Java code may not be properly formatted. To define it, try 'export JAVA_POST_PROCESS_FILE="/usr/local/bin/clang-format -i"' (Linux/Mac)
[INFO] NOTE: To enable file post-processing, 'enablePostProcessFile' must be set to `true` (--enable-post-process-file for CLI).
[INFO] Processing operation listAccounts
[INFO] Processing operation getAccountByAliasOrId
[INFO] Processing operation listAccountBalances
[INFO] Processing operation listContracts
[INFO] Processing operation getContractById
[INFO] Processing operation listContractResults
[INFO] Processing operation getContractResultByIdAndTimestamp
[INFO] Processing operation getContractResultByTransactionId
[INFO] Processing operation listContractLogs
[INFO] Processing operation getNetworkSupply
[INFO] Processing operation listSchedules
[INFO] Processing operation getScheduleById
[INFO] Processing operation listTransactions
[INFO] Processing operation getTransactionById
[INFO] Processing operation getStateproofInfo
[INFO] Processing operation listTopicMessagesById
[INFO] Processing operation getTopicMessageByIdAndSequenceNumber
[INFO] Processing operation getTopicMessagesByConsensusTimestamp
[INFO] Processing operation listTokens
[INFO] Processing operation getTokenById
[INFO] Processing operation listTokenBalancesById
[INFO] Processing operation listNfts
[INFO] Processing operation listNftBySerialnumber
[INFO] Processing operation listNftTransactions
[WARNING] allOf with multiple schemas defined. Using only the first one: Contract
[INFO] Model Accounts not generated since it's an alias to array (without property) and `generateAliasAsModel` is set to false (default)
[WARNING] PROTOC: com/hedera/mirror/api/proto/network_service.proto:29:1: warning: Import timestamp.proto is unused.

[INFO] 
[INFO] --- protobuf-maven-plugin:0.6.1:compile-custom (default) @ hedera-mirror-protobuf ---
[INFO] Model Contracts not generated since it's an alias to array (without property) and `generateAliasAsModel` is set to false (default)
[WARNING] allOf with multiple schemas defined. Using only the first one: ContractResultLog
[WARNING] allOf with multiple schemas defined. Using only the first one: file
[WARNING] allOf with multiple schemas defined. Using only the first one: file
[WARNING] allOf with multiple schemas defined. Using only the first one: file
[WARNING] allOf with multiple schemas defined. Using only the first one: file
[INFO] Model ContractLogTopics not generated since it's an alias to array (without property) and `generateAliasAsModel` is set to false (default)
[WARNING] allOf with multiple schemas defined. Using only the first one: file
[WARNING] allOf with multiple schemas defined. Using only the first one: file
[WARNING] allOf with multiple schemas defined. Using only the first one: file
[WARNING] allOf with multiple schemas defined. Using only the first one: file
[WARNING] allOf with multiple schemas defined. Using only the first one: ContractResult
[INFO] Model ContractResultLogs not generated since it's an alias to array (without property) and `generateAliasAsModel` is set to false (default)
[INFO] Model ContractResults not generated since it's an alias to array (without property) and `generateAliasAsModel` is set to false (default)
[INFO] Model ContractLogs not generated since it's an alias to array (without property) and `generateAliasAsModel` is set to false (default)
[INFO] Building protoc plugin: reactor-grpc
[INFO] Compiling 2 proto file(s) to /home/gabsko/breaking-updates/hedera-mirror-protobuf/target/generated-sources/protobuf/grpc-java
[INFO] Model Schedules not generated since it's an alias to array (without property) and `generateAliasAsModel` is set to false (default)
[INFO] Skipped /home/gabsko/breaking-updates/hedera-mirror-rest/target/generated-sources/openapi/src/main/java/org/openapitools/client/model/java.sql.Timestamp.java (Skipped prior to model processing due to import mapping conflict (either by user or by generator).)
[WARNING] allOf with multiple schemas defined. Using only the first one: Timestamp
[WARNING] allOf with multiple schemas defined. Using only the first one: Timestamp
[WARNING] allOf with multiple schemas defined. Using only the first one: Timestamp
[WARNING] allOf with multiple schemas defined. Using only the first one: Timestamp
[WARNING] allOf with multiple schemas defined. Using only the first one: string
[WARNING] allOf with multiple schemas defined. Using only the first one: string
[WARNING] allOf with multiple schemas defined. Using only the first one: string
[WARNING] allOf with multiple schemas defined. Using only the first one: string
[WARNING] PROTOC: com/hedera/mirror/api/proto/network_service.proto:29:1: warning: Import timestamp.proto is unused.

[INFO] 
[INFO] --- maven-resources-plugin:3.2.0:resources (default-resources) @ hedera-mirror-protobuf ---
[INFO] Model TokenDistribution not generated since it's an alias to array (without property) and `generateAliasAsModel` is set to false (default)
[INFO] Model Tokens not generated since it's an alias to array (without property) and `generateAliasAsModel` is set to false (default)
[INFO] Model TopicMessages not generated since it's an alias to array (without property) and `generateAliasAsModel` is set to false (default)
[INFO] Model Transactions not generated since it's an alias to array (without property) and `generateAliasAsModel` is set to false (default)
[INFO] Using 'UTF-8' encoding to copy filtered resources.
[INFO] Using 'UTF-8' encoding to copy filtered properties files.
[INFO] skip non existing resourceDirectory /home/gabsko/breaking-updates/hedera-mirror-protobuf/src/main/resources
[INFO] skip non existing resourceDirectory /home/gabsko/breaking-updates/hedera-mirror-protobuf/src/main/resources
[INFO] Copying 2 resources
[INFO] Copying 2 resources
[INFO] 
[INFO] --- maven-compiler-plugin:3.8.1:compile (default-compile) @ hedera-mirror-protobuf ---
[INFO] writing file /home/gabsko/breaking-updates/hedera-mirror-rest/target/generated-sources/openapi/src/main/java/org/openapitools/client/model/AccountBalance.java
[INFO] writing file /home/gabsko/breaking-updates/hedera-mirror-rest/target/generated-sources/openapi/src/test/java/org/openapitools/client/model/AccountBalanceTest.java
[INFO] writing file /home/gabsko/breaking-updates/hedera-mirror-rest/target/generated-sources/openapi/docs/AccountBalance.md
[INFO] writing file /home/gabsko/breaking-updates/hedera-mirror-rest/target/generated-sources/openapi/src/main/java/org/openapitools/client/model/AccountBalanceTransactions.java
[INFO] writing file /home/gabsko/breaking-updates/hedera-mirror-rest/target/generated-sources/openapi/src/test/java/org/openapitools/client/model/AccountBalanceTransactionsTest.java
[INFO] writing file /home/gabsko/breaking-updates/hedera-mirror-rest/target/generated-sources/openapi/docs/AccountBalanceTransactions.md
[INFO] Changes detected - recompiling the module!
[INFO] Compiling 12 source files to /home/gabsko/breaking-updates/hedera-mirror-protobuf/target/classes
[INFO] writing file /home/gabsko/breaking-updates/hedera-mirror-rest/target/generated-sources/openapi/src/main/java/org/openapitools/client/model/AccountInfo.java
[INFO] writing file /home/gabsko/breaking-updates/hedera-mirror-rest/target/generated-sources/openapi/src/test/java/org/openapitools/client/model/AccountInfoTest.java
[INFO] writing file /home/gabsko/breaking-updates/hedera-mirror-rest/target/generated-sources/openapi/docs/AccountInfo.md
[INFO] writing file /home/gabsko/breaking-updates/hedera-mirror-rest/target/generated-sources/openapi/src/main/java/org/openapitools/client/model/AccountsResponse.java
[INFO] writing file /home/gabsko/breaking-updates/hedera-mirror-rest/target/generated-sources/openapi/src/test/java/org/openapitools/client/model/AccountsResponseTest.java
[INFO] writing file /home/gabsko/breaking-updates/hedera-mirror-rest/target/generated-sources/openapi/docs/AccountsResponse.md
[INFO] writing file /home/gabsko/breaking-updates/hedera-mirror-rest/target/generated-sources/openapi/src/main/java/org/openapitools/client/model/Balance.java
[INFO] writing file /home/gabsko/breaking-updates/hedera-mirror-rest/target/generated-sources/openapi/src/test/java/org/openapitools/client/model/BalanceTest.java
[INFO] writing file /home/gabsko/breaking-updates/hedera-mirror-rest/target/generated-sources/openapi/docs/Balance.md
[INFO] writing file /home/gabsko/breaking-updates/hedera-mirror-rest/target/generated-sources/openapi/src/main/java/org/openapitools/client/model/BalanceTokens.java
[INFO] writing file /home/gabsko/breaking-updates/hedera-mirror-rest/target/generated-sources/openapi/src/test/java/org/openapitools/client/model/BalanceTokensTest.java
[INFO] writing file /home/gabsko/breaking-updates/hedera-mirror-rest/target/generated-sources/openapi/docs/BalanceTokens.md
[INFO] writing file /home/gabsko/breaking-updates/hedera-mirror-rest/target/generated-sources/openapi/src/main/java/org/openapitools/client/model/BalancesResponse.java
[INFO] writing file /home/gabsko/breaking-updates/hedera-mirror-rest/target/generated-sources/openapi/src/test/java/org/openapitools/client/model/BalancesResponseTest.java
[INFO] writing file /home/gabsko/breaking-updates/hedera-mirror-rest/target/generated-sources/openapi/docs/BalancesResponse.md
[INFO] writing file /home/gabsko/breaking-updates/hedera-mirror-rest/target/generated-sources/openapi/src/main/java/org/openapitools/client/model/ChunkInfo.java
[INFO] writing file /home/gabsko/breaking-updates/hedera-mirror-rest/target/generated-sources/openapi/src/test/java/org/openapitools/client/model/ChunkInfoTest.java
[INFO] writing file /home/gabsko/breaking-updates/hedera-mirror-rest/target/generated-sources/openapi/docs/ChunkInfo.md
[INFO] writing file /home/gabsko/breaking-updates/hedera-mirror-rest/target/generated-sources/openapi/src/main/java/org/openapitools/client/model/Contract.java
[INFO] writing file /home/gabsko/breaking-updates/hedera-mirror-rest/target/generated-sources/openapi/src/test/java/org/openapitools/client/model/ContractTest.java
[INFO] writing file /home/gabsko/breaking-updates/hedera-mirror-rest/target/generated-sources/openapi/docs/Contract.md
[INFO] writing file /home/gabsko/breaking-updates/hedera-mirror-rest/target/generated-sources/openapi/src/main/java/org/openapitools/client/model/ContractLog.java
[INFO] writing file /home/gabsko/breaking-updates/hedera-mirror-rest/target/generated-sources/openapi/src/test/java/org/openapitools/client/model/ContractLogTest.java
[INFO] writing file /home/gabsko/breaking-updates/hedera-mirror-rest/target/generated-sources/openapi/docs/ContractLog.md
[INFO] 
[INFO] --- mvn-golang-wrapper:2.3.9:get (default-get) @ hedera-mirror-rosetta ---
[INFO] Scanning maven dependencies
[INFO] There are no packages directly provided as tail arguments
[INFO] 
[INFO] --- mvn-golang-wrapper:2.3.9:generate (default-generate) @ hedera-mirror-rosetta ---
[INFO] Scanning maven dependencies
[INFO] writing file /home/gabsko/breaking-updates/hedera-mirror-rest/target/generated-sources/openapi/src/main/java/org/openapitools/client/model/ContractLogAllOf.java
[INFO] Prepared command line : bin/go generate ./...
[INFO] writing file /home/gabsko/breaking-updates/hedera-mirror-rest/target/generated-sources/openapi/src/test/java/org/openapitools/client/model/ContractLogAllOfTest.java
[INFO] writing file /home/gabsko/breaking-updates/hedera-mirror-rest/target/generated-sources/openapi/docs/ContractLogAllOf.md
[INFO] writing file /home/gabsko/breaking-updates/hedera-mirror-rest/target/generated-sources/openapi/src/main/java/org/openapitools/client/model/ContractLogsResponse.java
[INFO] writing file /home/gabsko/breaking-updates/hedera-mirror-rest/target/generated-sources/openapi/src/test/java/org/openapitools/client/model/ContractLogsResponseTest.java
[INFO] writing file /home/gabsko/breaking-updates/hedera-mirror-rest/target/generated-sources/openapi/docs/ContractLogsResponse.md
[INFO] writing file /home/gabsko/breaking-updates/hedera-mirror-rest/target/generated-sources/openapi/src/main/java/org/openapitools/client/model/ContractResponse.java
[INFO] writing file /home/gabsko/breaking-updates/hedera-mirror-rest/target/generated-sources/openapi/src/test/java/org/openapitools/client/model/ContractResponseTest.java
[INFO] writing file /home/gabsko/breaking-updates/hedera-mirror-rest/target/generated-sources/openapi/docs/ContractResponse.md
[INFO] writing file /home/gabsko/breaking-updates/hedera-mirror-rest/target/generated-sources/openapi/src/main/java/org/openapitools/client/model/ContractResponseAllOf.java
[INFO] writing file /home/gabsko/breaking-updates/hedera-mirror-rest/target/generated-sources/openapi/src/test/java/org/openapitools/client/model/ContractResponseAllOfTest.java
[INFO] writing file /home/gabsko/breaking-updates/hedera-mirror-rest/target/generated-sources/openapi/docs/ContractResponseAllOf.md
[INFO] writing file /home/gabsko/breaking-updates/hedera-mirror-rest/target/generated-sources/openapi/src/main/java/org/openapitools/client/model/ContractResult.java
[INFO] writing file /home/gabsko/breaking-updates/hedera-mirror-rest/target/generated-sources/openapi/src/test/java/org/openapitools/client/model/ContractResultTest.java
[INFO] writing file /home/gabsko/breaking-updates/hedera-mirror-rest/target/generated-sources/openapi/docs/ContractResult.md
[INFO] writing file /home/gabsko/breaking-updates/hedera-mirror-rest/target/generated-sources/openapi/src/main/java/org/openapitools/client/model/ContractResultDetails.java
[INFO] writing file /home/gabsko/breaking-updates/hedera-mirror-rest/target/generated-sources/openapi/src/test/java/org/openapitools/client/model/ContractResultDetailsTest.java
[INFO] writing file /home/gabsko/breaking-updates/hedera-mirror-rest/target/generated-sources/openapi/docs/ContractResultDetails.md
[INFO] writing file /home/gabsko/breaking-updates/hedera-mirror-rest/target/generated-sources/openapi/src/main/java/org/openapitools/client/model/ContractResultDetailsAllOf.java
[INFO] writing file /home/gabsko/breaking-updates/hedera-mirror-rest/target/generated-sources/openapi/src/test/java/org/openapitools/client/model/ContractResultDetailsAllOfTest.java
[INFO] writing file /home/gabsko/breaking-updates/hedera-mirror-rest/target/generated-sources/openapi/docs/ContractResultDetailsAllOf.md
[INFO] writing file /home/gabsko/breaking-updates/hedera-mirror-rest/target/generated-sources/openapi/src/main/java/org/openapitools/client/model/ContractResultLog.java
[INFO] writing file /home/gabsko/breaking-updates/hedera-mirror-rest/target/generated-sources/openapi/src/test/java/org/openapitools/client/model/ContractResultLogTest.java
[INFO] writing file /home/gabsko/breaking-updates/hedera-mirror-rest/target/generated-sources/openapi/docs/ContractResultLog.md
[INFO] writing file /home/gabsko/breaking-updates/hedera-mirror-rest/target/generated-sources/openapi/src/main/java/org/openapitools/client/model/ContractResultResponse.java
[INFO] writing file /home/gabsko/breaking-updates/hedera-mirror-rest/target/generated-sources/openapi/src/test/java/org/openapitools/client/model/ContractResultResponseTest.java
[INFO] writing file /home/gabsko/breaking-updates/hedera-mirror-rest/target/generated-sources/openapi/docs/ContractResultResponse.md
[INFO] writing file /home/gabsko/breaking-updates/hedera-mirror-rest/target/generated-sources/openapi/src/main/java/org/openapitools/client/model/ContractResultsResponse.java
[INFO] writing file /home/gabsko/breaking-updates/hedera-mirror-rest/target/generated-sources/openapi/src/test/java/org/openapitools/client/model/ContractResultsResponseTest.java
[INFO] writing file /home/gabsko/breaking-updates/hedera-mirror-rest/target/generated-sources/openapi/docs/ContractResultsResponse.md
[INFO] writing file /home/gabsko/breaking-updates/hedera-mirror-rest/target/generated-sources/openapi/src/main/java/org/openapitools/client/model/ContractsResponse.java
[INFO] writing file /home/gabsko/breaking-updates/hedera-mirror-rest/target/generated-sources/openapi/src/test/java/org/openapitools/client/model/ContractsResponseTest.java
[INFO] writing file /home/gabsko/breaking-updates/hedera-mirror-rest/target/generated-sources/openapi/docs/ContractsResponse.md
[INFO] writing file /home/gabsko/breaking-updates/hedera-mirror-rest/target/generated-sources/openapi/src/main/java/org/openapitools/client/model/CustomFees.java
[INFO] writing file /home/gabsko/breaking-updates/hedera-mirror-rest/target/generated-sources/openapi/src/test/java/org/openapitools/client/model/CustomFeesTest.java
[INFO] writing file /home/gabsko/breaking-updates/hedera-mirror-rest/target/generated-sources/openapi/docs/CustomFees.md
[INFO] writing file /home/gabsko/breaking-updates/hedera-mirror-rest/target/generated-sources/openapi/src/main/java/org/openapitools/client/model/Error.java
[INFO] writing file /home/gabsko/breaking-updates/hedera-mirror-rest/target/generated-sources/openapi/src/test/java/org/openapitools/client/model/ErrorTest.java
[INFO] writing file /home/gabsko/breaking-updates/hedera-mirror-rest/target/generated-sources/openapi/docs/Error.md
[INFO] writing file /home/gabsko/breaking-updates/hedera-mirror-rest/target/generated-sources/openapi/src/main/java/org/openapitools/client/model/ErrorStatus.java
[INFO] writing file /home/gabsko/breaking-updates/hedera-mirror-rest/target/generated-sources/openapi/src/test/java/org/openapitools/client/model/ErrorStatusTest.java
[INFO] writing file /home/gabsko/breaking-updates/hedera-mirror-rest/target/generated-sources/openapi/docs/ErrorStatus.md
[INFO] 
[INFO] --- mvn-golang-wrapper:2.3.9:fmt (default-fmt) @ hedera-mirror-rosetta ---
[INFO] Scanning maven dependencies
[INFO] Prepared command line : bin/go fmt ./...
[INFO] writing file /home/gabsko/breaking-updates/hedera-mirror-rest/target/generated-sources/openapi/src/main/java/org/openapitools/client/model/ErrorStatusMessages.java
[INFO] writing file /home/gabsko/breaking-updates/hedera-mirror-rest/target/generated-sources/openapi/src/test/java/org/openapitools/client/model/ErrorStatusMessagesTest.java
[INFO] writing file /home/gabsko/breaking-updates/hedera-mirror-rest/target/generated-sources/openapi/docs/ErrorStatusMessages.md
[INFO] 
[INFO] --- maven-resources-plugin:3.2.0:testResources (default-testResources) @ hedera-mirror-test ---
[INFO] Using 'UTF-8' encoding to copy filtered resources.
[INFO] Using 'UTF-8' encoding to copy filtered properties files.
[INFO] Copying 24 resources
[INFO] writing file /home/gabsko/breaking-updates/hedera-mirror-rest/target/generated-sources/openapi/src/main/java/org/openapitools/client/model/FixedFee.java
[INFO] writing file /home/gabsko/breaking-updates/hedera-mirror-rest/target/generated-sources/openapi/src/test/java/org/openapitools/client/model/FixedFeeTest.java
[INFO] writing file /home/gabsko/breaking-updates/hedera-mirror-rest/target/generated-sources/openapi/docs/FixedFee.md
[INFO] 
[INFO] --- maven-compiler-plugin:3.8.1:testCompile (default-testCompile) @ hedera-mirror-test ---
[INFO] writing file /home/gabsko/breaking-updates/hedera-mirror-rest/target/generated-sources/openapi/src/main/java/org/openapitools/client/model/FractionalFee.java
[INFO] writing file /home/gabsko/breaking-updates/hedera-mirror-rest/target/generated-sources/openapi/src/test/java/org/openapitools/client/model/FractionalFeeTest.java
[INFO] writing file /home/gabsko/breaking-updates/hedera-mirror-rest/target/generated-sources/openapi/docs/FractionalFee.md
[INFO] Changes detected - recompiling the module!
[INFO] Compiling 57 source files to /home/gabsko/breaking-updates/hedera-mirror-test/target/test-classes
[INFO] writing file /home/gabsko/breaking-updates/hedera-mirror-rest/target/generated-sources/openapi/src/main/java/org/openapitools/client/model/FractionalFeeAmount.java
[INFO] writing file /home/gabsko/breaking-updates/hedera-mirror-rest/target/generated-sources/openapi/src/test/java/org/openapitools/client/model/FractionalFeeAmountTest.java
[INFO] writing file /home/gabsko/breaking-updates/hedera-mirror-rest/target/generated-sources/openapi/docs/FractionalFeeAmount.md
[INFO] writing file /home/gabsko/breaking-updates/hedera-mirror-rest/target/generated-sources/openapi/src/main/java/org/openapitools/client/model/Key.java
[INFO] writing file /home/gabsko/breaking-updates/hedera-mirror-rest/target/generated-sources/openapi/src/test/java/org/openapitools/client/model/KeyTest.java
[INFO] writing file /home/gabsko/breaking-updates/hedera-mirror-rest/target/generated-sources/openapi/docs/Key.md
[INFO] writing file /home/gabsko/breaking-updates/hedera-mirror-rest/target/generated-sources/openapi/src/main/java/org/openapitools/client/model/Links.java
[INFO] writing file /home/gabsko/breaking-updates/hedera-mirror-rest/target/generated-sources/openapi/src/test/java/org/openapitools/client/model/LinksTest.java
[INFO] writing file /home/gabsko/breaking-updates/hedera-mirror-rest/target/generated-sources/openapi/docs/Links.md
[INFO] writing file /home/gabsko/breaking-updates/hedera-mirror-rest/target/generated-sources/openapi/src/main/java/org/openapitools/client/model/NetworkSupplyResponse.java
[INFO] writing file /home/gabsko/breaking-updates/hedera-mirror-rest/target/generated-sources/openapi/src/test/java/org/openapitools/client/model/NetworkSupplyResponseTest.java
[INFO] writing file /home/gabsko/breaking-updates/hedera-mirror-rest/target/generated-sources/openapi/docs/NetworkSupplyResponse.md
[INFO] writing file /home/gabsko/breaking-updates/hedera-mirror-rest/target/generated-sources/openapi/src/main/java/org/openapitools/client/model/Nft.java
[INFO] writing file /home/gabsko/breaking-updates/hedera-mirror-rest/target/generated-sources/openapi/src/test/java/org/openapitools/client/model/NftTest.java
[INFO] writing file /home/gabsko/breaking-updates/hedera-mirror-rest/target/generated-sources/openapi/docs/Nft.md
[INFO] writing file /home/gabsko/breaking-updates/hedera-mirror-rest/target/generated-sources/openapi/src/main/java/org/openapitools/client/model/NftTransactionHistory.java
[INFO] writing file /home/gabsko/breaking-updates/hedera-mirror-rest/target/generated-sources/openapi/src/test/java/org/openapitools/client/model/NftTransactionHistoryTest.java
[INFO] writing file /home/gabsko/breaking-updates/hedera-mirror-rest/target/generated-sources/openapi/docs/NftTransactionHistory.md
[INFO] writing file /home/gabsko/breaking-updates/hedera-mirror-rest/target/generated-sources/openapi/src/main/java/org/openapitools/client/model/NftTransactionTransfer.java
[INFO] writing file /home/gabsko/breaking-updates/hedera-mirror-rest/target/generated-sources/openapi/src/test/java/org/openapitools/client/model/NftTransactionTransferTest.java
[INFO] writing file /home/gabsko/breaking-updates/hedera-mirror-rest/target/generated-sources/openapi/docs/NftTransactionTransfer.md
[INFO] writing file /home/gabsko/breaking-updates/hedera-mirror-rest/target/generated-sources/openapi/src/main/java/org/openapitools/client/model/Nfts.java
[INFO] writing file /home/gabsko/breaking-updates/hedera-mirror-rest/target/generated-sources/openapi/src/test/java/org/openapitools/client/model/NftsTest.java
[INFO] writing file /home/gabsko/breaking-updates/hedera-mirror-rest/target/generated-sources/openapi/docs/Nfts.md
[INFO] writing file /home/gabsko/breaking-updates/hedera-mirror-rest/target/generated-sources/openapi/src/main/java/org/openapitools/client/model/RoyaltyFee.java
[INFO] writing file /home/gabsko/breaking-updates/hedera-mirror-rest/target/generated-sources/openapi/src/test/java/org/openapitools/client/model/RoyaltyFeeTest.java
[INFO] writing file /home/gabsko/breaking-updates/hedera-mirror-rest/target/generated-sources/openapi/docs/RoyaltyFee.md
[INFO] writing file /home/gabsko/breaking-updates/hedera-mirror-rest/target/generated-sources/openapi/src/main/java/org/openapitools/client/model/RoyaltyFeeAmount.java
[INFO] writing file /home/gabsko/breaking-updates/hedera-mirror-rest/target/generated-sources/openapi/src/test/java/org/openapitools/client/model/RoyaltyFeeAmountTest.java
[INFO] writing file /home/gabsko/breaking-updates/hedera-mirror-rest/target/generated-sources/openapi/docs/RoyaltyFeeAmount.md
[INFO] writing file /home/gabsko/breaking-updates/hedera-mirror-rest/target/generated-sources/openapi/src/main/java/org/openapitools/client/model/RoyaltyFeeFallbackFee.java
[INFO] writing file /home/gabsko/breaking-updates/hedera-mirror-rest/target/generated-sources/openapi/src/test/java/org/openapitools/client/model/RoyaltyFeeFallbackFeeTest.java
[INFO] writing file /home/gabsko/breaking-updates/hedera-mirror-rest/target/generated-sources/openapi/docs/RoyaltyFeeFallbackFee.md
[INFO] writing file /home/gabsko/breaking-updates/hedera-mirror-rest/target/generated-sources/openapi/src/main/java/org/openapitools/client/model/Schedule.java
[INFO] writing file /home/gabsko/breaking-updates/hedera-mirror-rest/target/generated-sources/openapi/src/test/java/org/openapitools/client/model/ScheduleTest.java
[INFO] writing file /home/gabsko/breaking-updates/hedera-mirror-rest/target/generated-sources/openapi/docs/Schedule.md
[INFO] writing file /home/gabsko/breaking-updates/hedera-mirror-rest/target/generated-sources/openapi/src/main/java/org/openapitools/client/model/ScheduleSignature.java
[INFO] writing file /home/gabsko/breaking-updates/hedera-mirror-rest/target/generated-sources/openapi/src/test/java/org/openapitools/client/model/ScheduleSignatureTest.java
[INFO] writing file /home/gabsko/breaking-updates/hedera-mirror-rest/target/generated-sources/openapi/docs/ScheduleSignature.md
[INFO] writing file /home/gabsko/breaking-updates/hedera-mirror-rest/target/generated-sources/openapi/src/main/java/org/openapitools/client/model/SchedulesResponse.java
[INFO] writing file /home/gabsko/breaking-updates/hedera-mirror-rest/target/generated-sources/openapi/src/test/java/org/openapitools/client/model/SchedulesResponseTest.java
[INFO] writing file /home/gabsko/breaking-updates/hedera-mirror-rest/target/generated-sources/openapi/docs/SchedulesResponse.md
[INFO] writing file /home/gabsko/breaking-updates/hedera-mirror-rest/target/generated-sources/openapi/src/main/java/org/openapitools/client/model/StateProofFiles.java
[INFO] writing file /home/gabsko/breaking-updates/hedera-mirror-rest/target/generated-sources/openapi/src/test/java/org/openapitools/client/model/StateProofFilesTest.java
[INFO] writing file /home/gabsko/breaking-updates/hedera-mirror-rest/target/generated-sources/openapi/docs/StateProofFiles.md
[INFO] writing file /home/gabsko/breaking-updates/hedera-mirror-rest/target/generated-sources/openapi/src/main/java/org/openapitools/client/model/StateProofFilesSignatureFiles.java
[INFO] writing file /home/gabsko/breaking-updates/hedera-mirror-rest/target/generated-sources/openapi/src/test/java/org/openapitools/client/model/StateProofFilesSignatureFilesTest.java
[INFO] writing file /home/gabsko/breaking-updates/hedera-mirror-rest/target/generated-sources/openapi/docs/StateProofFilesSignatureFiles.md
[INFO] writing file /home/gabsko/breaking-updates/hedera-mirror-rest/target/generated-sources/openapi/src/main/java/org/openapitools/client/model/StateProofResponse.java
[INFO] writing file /home/gabsko/breaking-updates/hedera-mirror-rest/target/generated-sources/openapi/src/test/java/org/openapitools/client/model/StateProofResponseTest.java
[INFO] writing file /home/gabsko/breaking-updates/hedera-mirror-rest/target/generated-sources/openapi/docs/StateProofResponse.md
[INFO] writing file /home/gabsko/breaking-updates/hedera-mirror-rest/target/generated-sources/openapi/src/main/java/org/openapitools/client/model/TimestampRange.java
[INFO] writing file /home/gabsko/breaking-updates/hedera-mirror-rest/target/generated-sources/openapi/src/test/java/org/openapitools/client/model/TimestampRangeTest.java
[INFO] writing file /home/gabsko/breaking-updates/hedera-mirror-rest/target/generated-sources/openapi/docs/TimestampRange.md
[INFO] writing file /home/gabsko/breaking-updates/hedera-mirror-rest/target/generated-sources/openapi/src/main/java/org/openapitools/client/model/Token.java
[INFO] writing file /home/gabsko/breaking-updates/hedera-mirror-rest/target/generated-sources/openapi/src/test/java/org/openapitools/client/model/TokenTest.java
[INFO] writing file /home/gabsko/breaking-updates/hedera-mirror-rest/target/generated-sources/openapi/docs/Token.md
[INFO] writing file /home/gabsko/breaking-updates/hedera-mirror-rest/target/generated-sources/openapi/src/main/java/org/openapitools/client/model/TokenBalance.java
[INFO] writing file /home/gabsko/breaking-updates/hedera-mirror-rest/target/generated-sources/openapi/src/test/java/org/openapitools/client/model/TokenBalanceTest.java
[INFO] writing file /home/gabsko/breaking-updates/hedera-mirror-rest/target/generated-sources/openapi/docs/TokenBalance.md
[INFO] writing file /home/gabsko/breaking-updates/hedera-mirror-rest/target/generated-sources/openapi/src/main/java/org/openapitools/client/model/TokenBalancesResponse.java
[INFO] writing file /home/gabsko/breaking-updates/hedera-mirror-rest/target/generated-sources/openapi/src/test/java/org/openapitools/client/model/TokenBalancesResponseTest.java
[INFO] writing file /home/gabsko/breaking-updates/hedera-mirror-rest/target/generated-sources/openapi/docs/TokenBalancesResponse.md
[INFO] writing file /home/gabsko/breaking-updates/hedera-mirror-rest/target/generated-sources/openapi/src/main/java/org/openapitools/client/model/TokenInfo.java
[INFO] writing file /home/gabsko/breaking-updates/hedera-mirror-rest/target/generated-sources/openapi/src/test/java/org/openapitools/client/model/TokenInfoTest.java
[INFO] writing file /home/gabsko/breaking-updates/hedera-mirror-rest/target/generated-sources/openapi/docs/TokenInfo.md
[INFO] writing file /home/gabsko/breaking-updates/hedera-mirror-rest/target/generated-sources/openapi/src/main/java/org/openapitools/client/model/TokensResponse.java
[INFO] writing file /home/gabsko/breaking-updates/hedera-mirror-rest/target/generated-sources/openapi/src/test/java/org/openapitools/client/model/TokensResponseTest.java
[INFO] writing file /home/gabsko/breaking-updates/hedera-mirror-rest/target/generated-sources/openapi/docs/TokensResponse.md
[INFO] writing file /home/gabsko/breaking-updates/hedera-mirror-rest/target/generated-sources/openapi/src/main/java/org/openapitools/client/model/TopicMessage.java
[INFO] writing file /home/gabsko/breaking-updates/hedera-mirror-rest/target/generated-sources/openapi/src/test/java/org/openapitools/client/model/TopicMessageTest.java
[INFO] writing file /home/gabsko/breaking-updates/hedera-mirror-rest/target/generated-sources/openapi/docs/TopicMessage.md
[INFO] writing file /home/gabsko/breaking-updates/hedera-mirror-rest/target/generated-sources/openapi/src/main/java/org/openapitools/client/model/TopicMessagesResponse.java
[INFO] writing file /home/gabsko/breaking-updates/hedera-mirror-rest/target/generated-sources/openapi/src/test/java/org/openapitools/client/model/TopicMessagesResponseTest.java
[INFO] writing file /home/gabsko/breaking-updates/hedera-mirror-rest/target/generated-sources/openapi/docs/TopicMessagesResponse.md
[INFO] writing file /home/gabsko/breaking-updates/hedera-mirror-rest/target/generated-sources/openapi/src/main/java/org/openapitools/client/model/Transaction.java
[INFO] writing file /home/gabsko/breaking-updates/hedera-mirror-rest/target/generated-sources/openapi/src/test/java/org/openapitools/client/model/TransactionTest.java
[INFO] writing file /home/gabsko/breaking-updates/hedera-mirror-rest/target/generated-sources/openapi/docs/Transaction.md
[INFO] writing file /home/gabsko/breaking-updates/hedera-mirror-rest/target/generated-sources/openapi/src/main/java/org/openapitools/client/model/TransactionAssessedCustomFees.java
[INFO] writing file /home/gabsko/breaking-updates/hedera-mirror-rest/target/generated-sources/openapi/src/test/java/org/openapitools/client/model/TransactionAssessedCustomFeesTest.java
[INFO] writing file /home/gabsko/breaking-updates/hedera-mirror-rest/target/generated-sources/openapi/docs/TransactionAssessedCustomFees.md
[INFO] writing file /home/gabsko/breaking-updates/hedera-mirror-rest/target/generated-sources/openapi/src/main/java/org/openapitools/client/model/TransactionByIdResponse.java
[INFO] writing file /home/gabsko/breaking-updates/hedera-mirror-rest/target/generated-sources/openapi/src/test/java/org/openapitools/client/model/TransactionByIdResponseTest.java
[INFO] writing file /home/gabsko/breaking-updates/hedera-mirror-rest/target/generated-sources/openapi/docs/TransactionByIdResponse.md
[INFO] writing file /home/gabsko/breaking-updates/hedera-mirror-rest/target/generated-sources/openapi/src/main/java/org/openapitools/client/model/TransactionNftTransfers.java
[INFO] writing file /home/gabsko/breaking-updates/hedera-mirror-rest/target/generated-sources/openapi/src/test/java/org/openapitools/client/model/TransactionNftTransfersTest.java
[INFO] writing file /home/gabsko/breaking-updates/hedera-mirror-rest/target/generated-sources/openapi/docs/TransactionNftTransfers.md
[INFO] writing file /home/gabsko/breaking-updates/hedera-mirror-rest/target/generated-sources/openapi/src/main/java/org/openapitools/client/model/TransactionTokenTransfers.java
[INFO] writing file /home/gabsko/breaking-updates/hedera-mirror-rest/target/generated-sources/openapi/src/test/java/org/openapitools/client/model/TransactionTokenTransfersTest.java
[INFO] writing file /home/gabsko/breaking-updates/hedera-mirror-rest/target/generated-sources/openapi/docs/TransactionTokenTransfers.md
[INFO] writing file /home/gabsko/breaking-updates/hedera-mirror-rest/target/generated-sources/openapi/src/main/java/org/openapitools/client/model/TransactionTransfers.java
[INFO] writing file /home/gabsko/breaking-updates/hedera-mirror-rest/target/generated-sources/openapi/src/test/java/org/openapitools/client/model/TransactionTransfersTest.java
[INFO] writing file /home/gabsko/breaking-updates/hedera-mirror-rest/target/generated-sources/openapi/docs/TransactionTransfers.md
[INFO] writing file /home/gabsko/breaking-updates/hedera-mirror-rest/target/generated-sources/openapi/src/main/java/org/openapitools/client/model/TransactionTypes.java
[INFO] writing file /home/gabsko/breaking-updates/hedera-mirror-rest/target/generated-sources/openapi/src/test/java/org/openapitools/client/model/TransactionTypesTest.java
[INFO] writing file /home/gabsko/breaking-updates/hedera-mirror-rest/target/generated-sources/openapi/docs/TransactionTypes.md
[INFO] writing file /home/gabsko/breaking-updates/hedera-mirror-rest/target/generated-sources/openapi/src/main/java/org/openapitools/client/model/TransactionsResponse.java
[INFO] writing file /home/gabsko/breaking-updates/hedera-mirror-rest/target/generated-sources/openapi/src/test/java/org/openapitools/client/model/TransactionsResponseTest.java
[INFO] writing file /home/gabsko/breaking-updates/hedera-mirror-rest/target/generated-sources/openapi/docs/TransactionsResponse.md
[INFO] 
[INFO] --- maven-resources-plugin:3.2.0:testResources (default-testResources) @ hedera-mirror-protobuf ---
[INFO] Using 'UTF-8' encoding to copy filtered resources.
[INFO] Using 'UTF-8' encoding to copy filtered properties files.
[INFO] skip non existing resourceDirectory /home/gabsko/breaking-updates/hedera-mirror-protobuf/src/test/resources
[INFO] 
[INFO] --- maven-compiler-plugin:3.8.1:testCompile (default-testCompile) @ hedera-mirror-protobuf ---
[INFO] No sources to compile
[INFO] 
[INFO] --- maven-surefire-plugin:3.0.0-M5:test (default-test) @ hedera-mirror-protobuf ---
[WARNING] allOf with multiple schemas defined. Using only the first one: Contract
[INFO] writing file /home/gabsko/breaking-updates/hedera-mirror-rest/target/generated-sources/openapi/src/main/java/org/openapitools/client/api/AccountsApi.java
[INFO] writing file /home/gabsko/breaking-updates/hedera-mirror-rest/target/generated-sources/openapi/src/test/java/org/openapitools/client/api/AccountsApiTest.java
[INFO] writing file /home/gabsko/breaking-updates/hedera-mirror-rest/target/generated-sources/openapi/docs/AccountsApi.md
[INFO] writing file /home/gabsko/breaking-updates/hedera-mirror-rest/target/generated-sources/openapi/src/main/java/org/openapitools/client/api/BalancesApi.java
[INFO] writing file /home/gabsko/breaking-updates/hedera-mirror-rest/target/generated-sources/openapi/src/test/java/org/openapitools/client/api/BalancesApiTest.java
[INFO] writing file /home/gabsko/breaking-updates/hedera-mirror-rest/target/generated-sources/openapi/docs/BalancesApi.md
[INFO] writing file /home/gabsko/breaking-updates/hedera-mirror-rest/target/generated-sources/openapi/src/main/java/org/openapitools/client/api/ContractsApi.java
[INFO] writing file /home/gabsko/breaking-updates/hedera-mirror-rest/target/generated-sources/openapi/src/test/java/org/openapitools/client/api/ContractsApiTest.java
[INFO] writing file /home/gabsko/breaking-updates/hedera-mirror-rest/target/generated-sources/openapi/docs/ContractsApi.md
[INFO] writing file /home/gabsko/breaking-updates/hedera-mirror-rest/target/generated-sources/openapi/src/main/java/org/openapitools/client/api/NetworkApi.java
[INFO] writing file /home/gabsko/breaking-updates/hedera-mirror-rest/target/generated-sources/openapi/src/test/java/org/openapitools/client/api/NetworkApiTest.java
[INFO] writing file /home/gabsko/breaking-updates/hedera-mirror-rest/target/generated-sources/openapi/docs/NetworkApi.md
[INFO] writing file /home/gabsko/breaking-updates/hedera-mirror-rest/target/generated-sources/openapi/src/main/java/org/openapitools/client/api/SchedulesApi.java
[INFO] writing file /home/gabsko/breaking-updates/hedera-mirror-rest/target/generated-sources/openapi/src/test/java/org/openapitools/client/api/SchedulesApiTest.java
[INFO] writing file /home/gabsko/breaking-updates/hedera-mirror-rest/target/generated-sources/openapi/docs/SchedulesApi.md
[INFO] writing file /home/gabsko/breaking-updates/hedera-mirror-rest/target/generated-sources/openapi/src/main/java/org/openapitools/client/api/TokensApi.java
[INFO] writing file /home/gabsko/breaking-updates/hedera-mirror-rest/target/generated-sources/openapi/src/test/java/org/openapitools/client/api/TokensApiTest.java
[INFO] writing file /home/gabsko/breaking-updates/hedera-mirror-rest/target/generated-sources/openapi/docs/TokensApi.md
[INFO] writing file /home/gabsko/breaking-updates/hedera-mirror-rest/target/generated-sources/openapi/src/main/java/org/openapitools/client/api/TopicsApi.java
[INFO] writing file /home/gabsko/breaking-updates/hedera-mirror-rest/target/generated-sources/openapi/src/test/java/org/openapitools/client/api/TopicsApiTest.java
[INFO] No tests to run.
[INFO] writing file /home/gabsko/breaking-updates/hedera-mirror-rest/target/generated-sources/openapi/docs/TopicsApi.md
[INFO] writing file /home/gabsko/breaking-updates/hedera-mirror-rest/target/generated-sources/openapi/src/main/java/org/openapitools/client/api/TransactionsApi.java
[INFO] writing file /home/gabsko/breaking-updates/hedera-mirror-rest/target/generated-sources/openapi/src/test/java/org/openapitools/client/api/TransactionsApiTest.java
[INFO] writing file /home/gabsko/breaking-updates/hedera-mirror-rest/target/generated-sources/openapi/docs/TransactionsApi.md
[INFO] 
[INFO] --- mvn-golang-wrapper:2.3.9:test (default-test) @ hedera-mirror-rosetta ---
[INFO] Scanning maven dependencies
[INFO] Executable file detected : /home/gabsko/.m2/repository/com/igormaznitsa/mvn-golang-wrapper/store/go1.17.linux-amd64/bin/go
[INFO] Prepared command line : bin/go test -coverpkg=./app/... -coverprofile=coverage.txt -covermode=atomic -race -v ./app/...
[INFO] Working directory: /home/gabsko/breaking-updates/hedera-mirror-rosetta
[INFO] 
[INFO] ....Environment vars....
[INFO]  $GOROOT = /home/gabsko/.m2/repository/com/igormaznitsa/mvn-golang-wrapper/store/go1.17.linux-amd64
[INFO]  $GOPATH = /home/gabsko/.m2/repository/com/igormaznitsa/mvn-golang-wrapper/path:/home/gabsko/breaking-updates/hedera-mirror-rosetta
[INFO]  $GOBIN = /home/gabsko/breaking-updates/hedera-mirror-rosetta/bin
[INFO]  $GOCACHE = /home/gabsko/breaking-updates/hedera-mirror-rosetta/bin/.goBuildCache
[INFO]  $PATH = /home/gabsko/.m2/repository/com/igormaznitsa/mvn-golang-wrapper/store/go1.17.linux-amd64/bin:/home/gabsko/apache-maven-3.8.6/bin:/usr/local/sbin:/usr/local/bin:/usr/sbin:/usr/bin:/sbin:/bin:/usr/games:/usr/local/games:/snap/bin:/home/gabsko/breaking-updates/hedera-mirror-rosetta/bin
[INFO] ........................
[INFO] writing file /home/gabsko/breaking-updates/hedera-mirror-rest/target/generated-sources/openapi/pom.xml
[INFO] writing file /home/gabsko/breaking-updates/hedera-mirror-rest/target/generated-sources/openapi/README.md
[INFO] writing file /home/gabsko/breaking-updates/hedera-mirror-rest/target/generated-sources/openapi/build.gradle
[INFO] writing file /home/gabsko/breaking-updates/hedera-mirror-rest/target/generated-sources/openapi/build.sbt
[INFO] writing file /home/gabsko/breaking-updates/hedera-mirror-rest/target/generated-sources/openapi/settings.gradle
[INFO] writing file /home/gabsko/breaking-updates/hedera-mirror-rest/target/generated-sources/openapi/gradle.properties
[INFO] writing file /home/gabsko/breaking-updates/hedera-mirror-rest/target/generated-sources/openapi/src/main/AndroidManifest.xml
[INFO] writing file /home/gabsko/breaking-updates/hedera-mirror-rest/target/generated-sources/openapi/.travis.yml
[INFO] writing file /home/gabsko/breaking-updates/hedera-mirror-rest/target/generated-sources/openapi/src/main/java/org/openapitools/client/ApiClient.java
[INFO] writing file /home/gabsko/breaking-updates/hedera-mirror-rest/target/generated-sources/openapi/src/main/java/org/openapitools/client/ServerConfiguration.java
[INFO] writing file /home/gabsko/breaking-updates/hedera-mirror-rest/target/generated-sources/openapi/src/main/java/org/openapitools/client/ServerVariable.java
[INFO] writing file /home/gabsko/breaking-updates/hedera-mirror-rest/target/generated-sources/openapi/api/openapi.yaml
[INFO] writing file /home/gabsko/breaking-updates/hedera-mirror-rest/target/generated-sources/openapi/src/main/java/org/openapitools/client/JavaTimeFormatter.java
[INFO] writing file /home/gabsko/breaking-updates/hedera-mirror-rest/target/generated-sources/openapi/src/main/java/org/openapitools/client/StringUtil.java
[INFO] writing file /home/gabsko/breaking-updates/hedera-mirror-rest/target/generated-sources/openapi/src/main/java/org/openapitools/client/auth/HttpBasicAuth.java
[INFO] writing file /home/gabsko/breaking-updates/hedera-mirror-rest/target/generated-sources/openapi/src/main/java/org/openapitools/client/auth/HttpBearerAuth.java
[INFO] writing file /home/gabsko/breaking-updates/hedera-mirror-rest/target/generated-sources/openapi/src/main/java/org/openapitools/client/auth/ApiKeyAuth.java
[INFO] writing file /home/gabsko/breaking-updates/hedera-mirror-rest/target/generated-sources/openapi/gradlew
[INFO] writing file /home/gabsko/breaking-updates/hedera-mirror-rest/target/generated-sources/openapi/gradlew.bat
[INFO] writing file /home/gabsko/breaking-updates/hedera-mirror-rest/target/generated-sources/openapi/gradle/wrapper/gradle-wrapper.properties
[INFO] writing file /home/gabsko/breaking-updates/hedera-mirror-rest/target/generated-sources/openapi/gradle/wrapper/gradle-wrapper.jar
[INFO] writing file /home/gabsko/breaking-updates/hedera-mirror-rest/target/generated-sources/openapi/git_push.sh
[INFO] writing file /home/gabsko/breaking-updates/hedera-mirror-rest/target/generated-sources/openapi/.gitignore
[INFO] writing file /home/gabsko/breaking-updates/hedera-mirror-rest/target/generated-sources/openapi/src/main/java/org/openapitools/client/ApiException.java
[INFO] writing file /home/gabsko/breaking-updates/hedera-mirror-rest/target/generated-sources/openapi/src/main/java/org/openapitools/client/Configuration.java
[INFO] writing file /home/gabsko/breaking-updates/hedera-mirror-rest/target/generated-sources/openapi/src/main/java/org/openapitools/client/Pair.java
[INFO] writing file /home/gabsko/breaking-updates/hedera-mirror-rest/target/generated-sources/openapi/src/main/java/org/openapitools/client/auth/Authentication.java
[INFO] writing file /home/gabsko/breaking-updates/hedera-mirror-rest/target/generated-sources/openapi/src/main/java/org/openapitools/client/JSON.java
[INFO] writing file /home/gabsko/breaking-updates/hedera-mirror-rest/target/generated-sources/openapi/src/main/java/org/openapitools/client/ApiResponse.java
[INFO] writing file /home/gabsko/breaking-updates/hedera-mirror-rest/target/generated-sources/openapi/src/main/java/org/openapitools/client/model/AbstractOpenApiSchema.java
[INFO] writing file /home/gabsko/breaking-updates/hedera-mirror-rest/target/generated-sources/openapi/src/main/java/org/openapitools/client/RFC3339DateFormat.java
[INFO] writing file /home/gabsko/breaking-updates/hedera-mirror-rest/target/generated-sources/openapi/src/main/java/org/openapitools/client/CustomInstantDeserializer.java
[INFO] writing file /home/gabsko/breaking-updates/hedera-mirror-rest/target/generated-sources/openapi/.openapi-generator-ignore
[INFO] writing file /home/gabsko/breaking-updates/hedera-mirror-rest/target/generated-sources/openapi/.openapi-generator/VERSION
[INFO] writing file /home/gabsko/breaking-updates/hedera-mirror-rest/target/generated-sources/openapi/.openapi-generator/FILES
################################################################################
# Thanks for using OpenAPI Generator.                                          #
# Please consider donation to help us maintain this project                  #
# https://opencollective.com/openapi_generator/donate                          #
################################################################################
[INFO] 
[INFO] --- frontend-maven-plugin:1.12.1:install-node-and-npm (install-node-and-npm) @ hedera-mirror-rest ---
[INFO] Node v16.13.0 is already installed.
[INFO] 
[INFO] --- frontend-maven-plugin:1.12.1:npm (npm-install-check-state-proof) @ hedera-mirror-rest ---
[INFO] Running 'npm install' in /home/gabsko/breaking-updates/hedera-mirror-rest/check-state-proof
[INFO] 
[INFO] up to date, audited 359 packages in 1s
[INFO] 
[INFO] 30 packages are looking for funding
[INFO]   run `npm fund` for details
[INFO] 
[INFO] 5 vulnerabilities (4 high, 1 critical)
[INFO] 
[INFO] To address all issues, run:
[INFO]   npm audit fix
[INFO] 
[INFO] Run `npm audit` for details.
[INFO] 
[INFO] --- frontend-maven-plugin:1.12.1:npm (npm-install-monitor) @ hedera-mirror-rest ---
[INFO] Running 'npm install' in /home/gabsko/breaking-updates/hedera-mirror-rest/monitoring/monitor_apis
[INFO] /home/gabsko/breaking-updates/hedera-mirror-monitor/src/main/java/com/hedera/mirror/monitor/publish/transaction/account/AccountCreateTransactionSupplier.java: Some input files use or override a deprecated API.
[INFO] /home/gabsko/breaking-updates/hedera-mirror-monitor/src/main/java/com/hedera/mirror/monitor/publish/transaction/account/AccountCreateTransactionSupplier.java: Recompile with -Xlint:deprecation for details.
[INFO] /home/gabsko/breaking-updates/hedera-mirror-monitor/src/main/java/com/hedera/mirror/monitor/subscribe/grpc/GrpcSubscriber.java: Some input files use unchecked or unsafe operations.
[INFO] /home/gabsko/breaking-updates/hedera-mirror-monitor/src/main/java/com/hedera/mirror/monitor/subscribe/grpc/GrpcSubscriber.java: Recompile with -Xlint:unchecked for details.
[INFO] 
[INFO] --- maven-resources-plugin:3.2.0:testResources (default-testResources) @ hedera-mirror-monitor ---
[INFO] Using 'UTF-8' encoding to copy filtered resources.
[INFO] Using 'UTF-8' encoding to copy filtered properties files.
[INFO] Copying 1 resource
[INFO] 
[INFO] --- maven-compiler-plugin:3.8.1:testCompile (default-testCompile) @ hedera-mirror-monitor ---
[INFO] Changes detected - recompiling the module!
[INFO] Compiling 46 source files to /home/gabsko/breaking-updates/hedera-mirror-monitor/target/test-classes
[INFO] /home/gabsko/breaking-updates/hedera-mirror-test/src/test/java/com/hedera/mirror/test/e2e/acceptance/steps/ScheduleFeature.java: Some input files use or override a deprecated API.
[INFO] /home/gabsko/breaking-updates/hedera-mirror-test/src/test/java/com/hedera/mirror/test/e2e/acceptance/steps/ScheduleFeature.java: Recompile with -Xlint:deprecation for details.
[INFO] /home/gabsko/breaking-updates/hedera-mirror-test/src/test/java/com/hedera/mirror/test/e2e/acceptance/steps/ScheduleFeature.java: Some input files use unchecked or unsafe operations.
[INFO] /home/gabsko/breaking-updates/hedera-mirror-test/src/test/java/com/hedera/mirror/test/e2e/acceptance/steps/ScheduleFeature.java: Recompile with -Xlint:unchecked for details.
[INFO] 
[INFO] --- maven-surefire-plugin:3.0.0-M5:test (default-test) @ hedera-mirror-test ---
[INFO] /home/gabsko/breaking-updates/hedera-mirror-common/src/main/java/com/hedera/mirror/common/domain/transaction/RecordItem.java: /home/gabsko/breaking-updates/hedera-mirror-common/src/main/java/com/hedera/mirror/common/domain/transaction/RecordItem.java uses or overrides a deprecated API.
[INFO] /home/gabsko/breaking-updates/hedera-mirror-common/src/main/java/com/hedera/mirror/common/domain/transaction/RecordItem.java: Recompile with -Xlint:deprecation for details.
[INFO] /home/gabsko/breaking-updates/hedera-mirror-common/src/main/java/com/hedera/mirror/common/domain/entity/EntityId.java: Some input files use unchecked or unsafe operations.
[INFO] /home/gabsko/breaking-updates/hedera-mirror-common/src/main/java/com/hedera/mirror/common/domain/entity/EntityId.java: Recompile with -Xlint:unchecked for details.
[INFO] 
[INFO] --- maven-resources-plugin:3.2.0:testResources (default-testResources) @ hedera-mirror-common ---
[INFO] Using 'UTF-8' encoding to copy filtered resources.
[INFO] Using 'UTF-8' encoding to copy filtered properties files.
[INFO] skip non existing resourceDirectory /home/gabsko/breaking-updates/hedera-mirror-common/src/test/resources
[INFO] 
[INFO] --- maven-compiler-plugin:3.8.1:testCompile (default-testCompile) @ hedera-mirror-common ---
[INFO] Changes detected - recompiling the module!
[INFO] Compiling 27 source files to /home/gabsko/breaking-updates/hedera-mirror-common/target/test-classes
[INFO] Tests are skipped.
[INFO] 
[INFO] up to date, audited 508 packages in 1s
[INFO] 
[INFO] 41 packages are looking for funding
[INFO]   run `npm fund` for details
[INFO] 
[INFO] 13 vulnerabilities (6 moderate, 6 high, 1 critical)
[INFO] 
[INFO] To address all issues, run:
[INFO]   npm audit fix
[INFO] 
[INFO] Run `npm audit` for details.
[INFO] 
[INFO] --- frontend-maven-plugin:1.12.1:npm (npm-install-rest) @ hedera-mirror-rest ---
[INFO] Running 'npm install' in /home/gabsko/breaking-updates/hedera-mirror-rest
[INFO] /home/gabsko/breaking-updates/hedera-mirror-common/src/test/java/com/hedera/mirror/common/domain/topic/TopicMessageTest.java: Some input files use or override a deprecated API.
[INFO] /home/gabsko/breaking-updates/hedera-mirror-common/src/test/java/com/hedera/mirror/common/domain/topic/TopicMessageTest.java: Recompile with -Xlint:deprecation for details.
[INFO] 
[INFO] --- maven-surefire-plugin:3.0.0-M5:test (default-test) @ hedera-mirror-common ---
[INFO] 
[INFO] -------------------------------------------------------
[INFO]  T E S T S
[INFO] -------------------------------------------------------
[INFO] npm ERR! code ENOSPC
[INFO] npm ERR! syscall mkdir
[INFO] npm ERR! path /home/gabsko/breaking-updates/hedera-mirror-rest/node_modules/fsevents
[INFO] npm ERR! errno -28
[INFO] npm ERR! nospc ENOSPC: no space left on device, mkdir '/home/gabsko/breaking-updates/hedera-mirror-rest/node_modules/fsevents'
[INFO] npm ERR! nospc There appears to be insufficient space on your system to finish.
[INFO] npm ERR! nospc Clear up some disk space and try again.
[INFO] Running com.hedera.mirror.co[INFO] /home/gabsko/breaking-updates/hedera-mirror-monitor/src/test/java/com/hedera/mirror/monitor/expression/ExpressionConverterImplTest.java: Some input files use or override a deprecated API.
[INFO] /home/gabsko/breaking-updates/hedera-mirror-monitor/src/test/java/com/hedera/mirror/monitor/expression/ExpressionConverterImplTest.java: Recompile with -Xlint:deprecation for details.
[INFO] /home/gabsko/breaking-updates/hedera-mirror-monitor/src/test/java/com/hedera/mirror/monitor/properties/ScenarioPropertiesAggregatorImplTest.java: Some input files use unchecked or unsafe operations.
[INFO] /home/gabsko/breaking-updates/hedera-mirror-monitor/src/test/java/com/hedera/mirror/monitor/properties/ScenarioPropertiesAggregatorImplTest.java: Recompile with -Xlint:unchecked for details.
[INFO] -------------------------------------------------------------
[ERROR] COMPILATION ERROR : 
[INFO] -------------------------------------------------------------
[ERROR] /home/gabsko/breaking-updates/hedera-mirror-monitor/src/test/java/com/hedera/mirror/monitor/publish/TransactionPublisherTest.java:[377,13] error while writing com.hedera.mirror.monitor.publish.TransactionPublisherTest.CryptoServiceStub: No space left on device
[INFO] 1 error
[INFO] -------------------------------------------------------------
[INFO] Running com.hedera.mirror.common.domain.transaction.AssessedCustomFeeTest
[INFO] Running com.hedera.mirror.common.domain.DigestAlgorithmTest
[INFO] Running com.hedera.mirror.common.domain.entity.EntityTest
[INFO] Running com.hedera.mirror.common.domain.entity.EntityIdTest
[INFO] Running com.hedera.mirror.common.domain.entity.EntityIdEndecTest
[INFO] Running com.hedera.mirror.common.domain.StreamTypeTest
[INFO] Running com.hedera.mirror.common.domain.token.TokenTest
[INFO] Tests run: 48, Failures: 0, Errors: 0, Skipped: 0, Time elapsed: 0.01 s - in com.hedera.mirror.common.domain.token.TokenTest
[INFO] Running com.hedera.mirror.common.domain.token.TokenSupplyTypeEnumTest
[INFO] Running com.hedera.mirror.common.domain.token.TokenAccountTest
[INFO] Running com.hedera.mirror.common.domain.token.TokenTypeEnumTest
[INFO] Running com.hedera.mirror.common.domain.topic.TopicMessageTest
[INFO] 
[INFO] ---------Exec.Out---------
[INFO] FAIL	github.com/hashgraph/hedera-mirror-node/hedera-mirror-rosetta/app/config [build failed]
[INFO] FAIL	github.com/hashgraph/hedera-mirror-node/hedera-mirror-rosetta/app/db [build failed]
[INFO] FAIL	github.com/hashgraph/hedera-mirror-node/hedera-mirror-rosetta/app/domain/types [build failed]
[INFO] FAIL	github.com/hashgraph/hedera-mirror-node/hedera-mirror-rosetta/app/errors [build failed]
[INFO] FAIL	github.com/hashgraph/hedera-mirror-node/hedera-mirror-rosetta/app/middleware [build failed]
[INFO] FAIL	github.com/hashgraph/hedera-mirror-node/hedera-mirror-rosetta/app/persistence [build failed]
[INFO] FAIL	github.com/hashgraph/hedera-mirror-node/hedera-mirror-rosetta/app/persistence/domain [build failed]
[INFO] FAIL	github.com/hashgraph/hedera-mirror-node/hedera-mirror-rosetta/app/services [build failed]
[INFO] FAIL	github.com/hashgraph/hedera-mirror-node/hedera-mirror-rosetta/app/services/construction [build failed]
[INFO] FAIL	github.com/hashgraph/hedera-mirror-node/hedera-mirror-rosetta/app/tools [build failed]
[INFO] 
[ERROR] 
[ERROR] ---------Exec.Err---------
[ERROR] go build net/http: mkdir /tmp/go-build24062368/b132/: no space left on device
[ERROR] # vendor/golang.org/x/net/idna
[ERROR] vet: failed to write analysis facts: write $WORK/b134/vet.out: no space left on device
[ERROR] # github.com/jackc/pgx/v4/internal/sanitize
[ERROR] vet: failed to write analysis facts: write $WORK/b313/vet.out: no space left on device
[ERROR] # github.com/docker/docker/api/types/swarm/runtime
[ERROR] vet: failed to write analysis facts: write $WORK/b433/vet.out: no space left on device
[ERROR] # github.com/gogo/protobuf/types
[ERROR] compile: writing output: write $WORK/b355/_pkg_.a: no space left on device
[ERROR] go build github.com/lib/pq: mkdir /tmp/go-build24062368/b328/: no space left on device
[ERROR] go build github.com/prometheus/procfs: mkdir /tmp/go-build24062368/b341/: no space left on device
[ERROR] write /tmp/go-build24062368/b274/vet.cfg: no space left on device
[ERROR] write /tmp/go-build24062368/b071/vet.cfg: no space left on device
[ERROR] go build github.com/docker/docker/api/types/registry: mkdir /tmp/go-build24062368/b428/: no space left on device
[ERROR] go build github.com/docker/go-connections/nat: mkdir /tmp/go-build24062368/b424/: no space left on device
[ERROR] go build github.com/jackc/pgconn: mkdir /tmp/go-build24062368/b296/: no space left on device
[ERROR] write /tmp/go-build24062368/b140/vet.cfg: no space left on device
[ERROR] go build github.com/ory/dockertest/v3/docker/types/registry: mkdir /tmp/go-build24062368/b444/: no space left on device
[ERROR] write /tmp/go-build24062368/b139/vet.cfg: no space left on device
[ERROR] go build net/mail: mkdir /tmp/go-build24062368/b416/: no space left on device
[ERROR] write /tmp/go-build24062368/b109/vet.cfg: no space left on device
[ERROR] write /tmp/go-build24062368/b133/vet.cfg: no space left on device
[ERROR] # go.opentelemetry.io/otel/attribute
[ERROR] vet: failed to write analysis facts: write $WORK/b323/vet.out: no space left on device
[ERROR] write /tmp/go-build24062368/b143/vet.cfg: no space left on device
[ERROR] write /tmp/go-build24062368/b092/vet.cfg: no space left on device
[ERROR] write /tmp/go-build24062368/b145/vet.cfg: no space left on device
[ERROR] go build github.com/go-playground/validator/v10: mkdir /tmp/go-build24062368/b391/: no space left on device
[ERROR] # golang.org/x/net/idna
[ERROR] vet: failed to write analysis facts: write $WORK/b228/vet.out: no space left on device
[ERROR] # go.opentelemetry.io/otel/codes
[ERROR] vet: failed to write analysis facts: write $WORK/b325/vet.out: no space left on device
[ERROR] # github.com/prometheus/procfs/internal/fs
[ERROR] vet: failed to write analysis facts: write $WORK/b342/vet.out: no space left on device
[ERROR] write /tmp/go-build24062368/b326/vet.cfg: no space left on device
[ERROR] # github.com/opentracing/opentracing-go/log
[ERROR] vet: failed to write analysis facts: write $WORK/b349/vet.out: no space left on device
[ERROR] write /tmp/go-build24062368/b363/vet.cfg: no space left on device
[ERROR] # github.com/uber/jaeger-client-go/log
[ERROR] vet: failed to write analysis facts: write $WORK/b365/vet.out: no space left on device
[ERROR] # github.com/hashicorp/hcl/hcl/printer
[ERROR] vet: failed to write analysis facts: write $WORK/b283/vet.out: no space left on device
[ERROR] # golang.org/x/text/internal/language
[ERROR] vet: failed to write analysis facts: write $WORK/b306/vet.out: no space left on device
[ERROR] # github.com/prometheus/common/model
[ERROR] vet: failed to write analysis facts: write $WORK/b340/vet.out: no space left on device
[ERROR] write /tmp/go-build24062368/b308/vet.cfg: no space left on device
[ERROR] write /tmp/go-build24062368/b305/vet.cfg: no space left on device
[ERROR] write /tmp/go-build24062368/b304/vet.cfg: no space left on device
[ERROR] write /tmp/go-build24062368/b303/vet.cfg: no space left on device
[ERROR] write /tmp/go-build24062368/b302/vet.cfg: no space left on device
[ERROR] # github.com/uber/jaeger-lib/metrics
[ERROR] vet: failed to write analysis facts: write $WORK/b372/vet.out: no space left on device
[ERROR] # google.golang.org/protobuf/reflect/protoregistry
[ERROR] vet: failed to write analysis facts: write $WORK/b171/vet.out: no space left on device
[ERROR] write /tmp/go-build24062368/b170/vet.cfg: no space left on device
[ERROR] # github.com/ory/dockertest/v3/docker/pkg/jsonmessage
[ERROR] vet: failed to write analysis facts: write $WORK/b459/vet.out: no space left on device
[ERROR] # github.com/uber/jaeger-client-go/thrift
[ERROR] vet: failed to write analysis facts: write $WORK/b366/vet.out: no space left on device
[ERROR] write /tmp/go-build24062368/b367/vet.cfg: no space left on device
[ERROR] write /tmp/go-build24062368/b368/vet.cfg: no space left on device
[ERROR] write /tmp/go-build24062368/b369/vet.cfg: no space left on device
[ERROR] write /tmp/go-build24062368/b376/vet.cfg: no space left on device
[ERROR] write /tmp/go-build24062368/b371/vet.cfg: no space left on device
[ERROR] # google.golang.org/protobuf/internal/encoding/text
[ERROR] vet: failed to write analysis facts: write $WORK/b163/vet.out: no space left on device
[ERROR] write /tmp/go-build24062368/b174/vet.cfg: no space left on device
[ERROR] write /tmp/go-build24062368/b155/vet.cfg: no space left on device
[ERROR] write /tmp/go-build24062368/b175/vet.cfg: no space left on device
[ERROR] write /tmp/go-build24062368/b182/vet.cfg: no space left on device
[ERROR] # github.com/go-logfmt/logfmt
[ERROR] vet: failed to write analysis facts: write $WORK/b385/vet.out: no space left on device
[ERROR] write /tmp/go-build24062368/b384/vet.cfg: no space left on device
[ERROR] write /tmp/go-build24062368/b386/vet.cfg: no space left on device
[ERROR] # github.com/leodido/go-urn
[ERROR] vet: failed to write analysis facts: write $WORK/b395/vet.out: no space left on device
[ERROR] # github.com/stretchr/objx
[ERROR] vet: failed to write analysis facts: write $WORK/b506/vet.out: no space left on device
[ERROR] # github.com/ory/dockertest/v3/docker/pkg/system
[ERROR] vet: failed to write analysis facts: write $WORK/b452/vet.out: no space left on device
[ERROR] write /tmp/go-build24062368/b450/vet.cfg: no space left on device
[ERROR] write /tmp/go-build24062368/b458/vet.cfg: no space left on device
[ERROR] write /tmp/go-build24062368/b445/vet.cfg: no space left on device
[ERROR] # github.com/go-playground/universal-translator
[ERROR] vet: failed to write analysis facts: write $WORK/b392/vet.out: no space left on device
[ERROR] # gorm.io/gorm/schema
[ERROR] vet: failed to write analysis facts: write $WORK/b258/vet.out: no space left on device
[ERROR] write /tmp/go-build24062368/b252/vet.cfg: no space left on device
[ERROR] write /tmp/go-build24062368/b315/vet.cfg: no space left on device
[ERROR] write /tmp/go-build24062368/b316/vet.cfg: no space left on device
[ERROR] write /tmp/go-build24062368/b293/vet.cfg: no space left on device
[ERROR] # google.golang.org/grpc/internal/syscall
[ERROR] compile: writing output: write $WORK/b235/_pkg_.a: no space left on device
[ERROR] # google.golang.org/grpc/stats
[ERROR] compile: writing output: write $WORK/b238/_pkg_.a: no space left on device
[ERROR] # golang.org/x/net/http/httpguts
[ERROR] compile: writing output: write $WORK/b227/_pkg_.a: no space left on device
[ERROR] # google.golang.org/grpc/internal/credentials
[ERROR] compile: writing output: write $WORK/b185/_pkg_.a: no space left on device
[ERROR] # github.com/youmark/pkcs8
[ERROR] compile: writing output: write $WORK/b247/_pkg_.a: no space left on device
[ERROR] # google.golang.org/protobuf/internal/impl
[ERROR] compile: writing output: write $WORK/b181/_pkg_.a: no space left on device
[ERROR] # github.com/mitchellh/mapstructure
[ERROR] compile: writing output: write $WORK/b070/_pkg_.a: no space left on device
[ERROR] # github.com/spf13/pflag
[ERROR] compile: writing output: write $WORK/b290/_pkg_.a: no space left on device
[ERROR] # github.com/jackc/pgtype
[ERROR] compile: writing output: write $WORK/b080/_pkg_.a: no space left on device
[ERROR] 
[INFO] Tests run: 4, Failures: 0, Errors: 0, Skipped: 0, Time elapsed: 0.448 s - in com.hedera.mirror.common.domain.topic.TopicMessageTest
[INFO] Running com.hedera.mirror.common.converter.TokenIdConverterTest
[INFO] Tests run: 2, Failures: 0, Errors: 0, Skipped: 0, Time elapsed: 0.002 s - in com.hedera.mirror.common.converter.TokenIdConverterTest
[INFO] Running com.hedera.mirror.common.converter.EntityIdSerializerTest
[INFO] Tests run: 3, Failures: 0, Errors: 0, Skipped: 0, Time elapsed: 0.79 s - in com.hedera.mirror.common.converter.EntityIdSerializerTest
[INFO] Running com.hedera.mirror.common.converter.ScheduleIdConverterTest
[INFO] Tests run: 2, Failures: 0, Errors: 0, Skipped: 0, Time elapsed: 0.002 s - in com.hedera.mirror.common.converter.ScheduleIdConverterTest
[INFO] Running com.hedera.mirror.common.converter.TopicIdConverterTest
[INFO] Tests run: 2, Failures: 0, Errors: 0, Skipped: 0, Time elapsed: 0.002 s - in com.hedera.mirror.common.converter.TopicIdConverterTest
[INFO] Running com.hedera.mirror.common.converter.RangeToStringDeserializerTest
[INFO] Tests run: 8, Failures: 0, Errors: 0, Skipped: 0, Time elapsed: 0.25 s - in com.hedera.mirror.common.converter.RangeToStringDeserializerTest
[INFO] Running com.hedera.mirror.common.converter.FileIdConverterTest
[INFO] Tests run: 2, Failures: 0, Errors: 0, Skipped: 0, Time elapsed: 0.002 s - in com.hedera.mirror.common.converter.FileIdConverterTest
[INFO] Running com.hedera.mirror.common.converter.AccountIdConverterTest
[INFO] Tests run: 2, Failures: 0, Errors: 0, Skipped: 0, Time elapsed: 0.001 s - in com.hedera.mirror.common.converter.AccountIdConverterTest
[INFO] Running com.hedera.mirror.common.converter.EntityTypeSerializerTest
[INFO] Tests run: 2, Failures: 0, Errors: 0, Skipped: 0, Time elapsed: 0.003 s - in com.hedera.mirror.common.converter.EntityTypeSerializerTest
[INFO] Running com.hedera.mirror.common.converter.LongListToStringSerializerTest
[INFO] Tests run: 3, Failures: 0, Errors: 0, Skipped: 0, Time elapsed: 0.005 s - in com.hedera.mirror.common.converter.LongListToStringSerializerTest
[INFO] Running com.hedera.mirror.common.converter.RangeToStringSerializerTest
[INFO] Tests run: 8, Failures: 0, Errors: 0, Skipped: 0, Time elapsed: 0.013 s - in com.hedera.mirror.common.converter.RangeToStringSerializerTest
[INFO] Running com.hedera.mirror.common.converter.UnknownIdConverterTest
[INFO] Tests run: 2, Failures: 0, Errors: 0, Skipped: 0, Time elapsed: 0.001 s - in com.hedera.mirror.common.converter.UnknownIdConverterTest
[INFO] Running com.hedera.mirror.common.util.DomainUtilsTest
05:01:58.643 [main] ERROR com.hedera.mirror.common.util.DomainUtils - Unable to parse protobuf Key
com.google.protobuf.InvalidProtocolBufferException: Protocol message contained an invalid tag (zero).
	at com.google.protobuf.InvalidProtocolBufferException.invalidTag(InvalidProtocolBufferException.java:125) ~[protobuf-java-3.19.3.jar:?]
	at com.google.protobuf.CodedInputStream$ArrayDecoder.readTag(CodedInputStream.java:633) ~[protobuf-java-3.19.3.jar:?]
	at com.hederahashgraph.api.proto.java.Key.<init>(Key.java:86) ~[hedera-protobuf-java-api-0.22.0.jar:?]
	at com.hederahashgraph.api.proto.java.Key.<init>(Key.java:49) ~[hedera-protobuf-java-api-0.22.0.jar:?]
	at com.hederahashgraph.api.proto.java.Key$1.parsePartialFrom(Key.java:2054) ~[hedera-protobuf-java-api-0.22.0.jar:?]
	at com.hederahashgraph.api.proto.java.Key$1.parsePartialFrom(Key.java:2048) ~[hedera-protobuf-java-api-0.22.0.jar:?]
	at com.google.protobuf.AbstractParser.parsePartialFrom(AbstractParser.java:158) ~[protobuf-java-3.19.3.jar:?]
	at com.google.protobuf.AbstractParser.parseFrom(AbstractParser.java:191) ~[protobuf-java-3.19.3.jar:?]
	at com.google.protobuf.AbstractParser.parseFrom(AbstractParser.java:203) ~[protobuf-java-3.19.3.jar:?]
	at com.google.protobuf.AbstractParser.parseFrom(AbstractParser.java:208) ~[protobuf-java-3.19.3.jar:?]
	at com.google.protobuf.AbstractParser.parseFrom(AbstractParser.java:48) ~[protobuf-java-3.19.3.jar:?]
	at com.hederahashgraph.api.proto.java.Key.parseFrom(Key.java:710) ~[hedera-protobuf-java-api-0.22.0.jar:?]
	at com.hedera.mirror.common.util.DomainUtils.getPublicKey(DomainUtils.java:80) ~[classes/:?]
	at com.hedera.mirror.common.util.DomainUtilsTest.getPublicKeyWhenError(DomainUtilsTest.java:53) ~[test-classes/:?]
	at jdk.internal.reflect.NativeMethodAccessorImpl.invoke0(Native Method) ~[?:?]
	at jdk.internal.reflect.NativeMethodAccessorImpl.invoke(NativeMethodAccessorImpl.java:62) ~[?:?]
	at jdk.internal.reflect.DelegatingMethodAccessorImpl.invoke(DelegatingMethodAccessorImpl.java:43) ~[?:?]
	at java.lang.reflect.Method.invoke(Method.java:566) ~[?:?]
	at org.junit.platform.commons.util.ReflectionUtils.invokeMethod(ReflectionUtils.java:725) ~[junit-platform-commons-1.8.2.jar:1.8.2]
	at org.junit.jupiter.engine.execution.MethodInvocation.proceed(MethodInvocation.java:60) ~[junit-jupiter-engine-5.8.2.jar:5.8.2]
	at org.junit.jupiter.engine.execution.InvocationInterceptorChain$ValidatingInvocation.proceed(InvocationInterceptorChain.java:131) ~[junit-jupiter-engine-5.8.2.jar:5.8.2]
	at org.junit.jupiter.engine.extension.TimeoutExtension.intercept(TimeoutExtension.java:149) ~[junit-jupiter-engine-5.8.2.jar:5.8.2]
	at org.junit.jupiter.engine.extension.TimeoutExtension.interceptTestableMethod(TimeoutExtension.java:140) ~[junit-jupiter-engine-5.8.2.jar:5.8.2]
	at org.junit.jupiter.engine.extension.TimeoutExtension.interceptTestMethod(TimeoutExtension.java:84) ~[junit-jupiter-engine-5.8.2.jar:5.8.2]
	at org.junit.jupiter.engine.execution.ExecutableInvoker$ReflectiveInterceptorCall.lambda$ofVoidMethod$0(ExecutableInvoker.java:115) ~[junit-jupiter-engine-5.8.2.jar:5.8.2]
	at org.junit.jupiter.engine.execution.ExecutableInvoker.lambda$invoke$0(ExecutableInvoker.java:105) ~[junit-jupiter-engine-5.8.2.jar:5.8.2]
	at org.junit.jupiter.engine.execution.InvocationInterceptorChain$InterceptedInvocation.proceed(InvocationInterceptorChain.java:106) ~[junit-jupiter-engine-5.8.2.jar:5.8.2]
	at org.junit.jupiter.engine.execution.InvocationInterceptorChain.proceed(InvocationInterceptorChain.java:64) ~[junit-jupiter-engine-5.8.2.jar:5.8.2]
	at org.junit.jupiter.engine.execution.InvocationInterceptorChain.chainAndInvoke(InvocationInterceptorChain.java:45) ~[junit-jupiter-engine-5.8.2.jar:5.8.2]
	at org.junit.jupiter.engine.execution.InvocationInterceptorChain.invoke(InvocationInterceptorChain.java:37) ~[junit-jupiter-engine-5.8.2.jar:5.8.2]
	at org.junit.jupiter.engine.execution.ExecutableInvoker.invoke(ExecutableInvoker.java:104) ~[junit-jupiter-engine-5.8.2.jar:5.8.2]
	at org.junit.jupiter.engine.execution.ExecutableInvoker.invoke(ExecutableInvoker.java:98) ~[junit-jupiter-engine-5.8.2.jar:5.8.2]
	at org.junit.jupiter.engine.descriptor.TestMethodTestDescriptor.lambda$invokeTestMethod$7(TestMethodTestDescriptor.java:214) ~[junit-jupiter-engine-5.8.2.jar:5.8.2]
	at org.junit.platform.engine.support.hierarchical.ThrowableCollector.execute(ThrowableCollector.java:73) ~[junit-platform-engine-1.8.2.jar:1.8.2]
	at org.junit.jupiter.engine.descriptor.TestMethodTestDescriptor.invokeTestMethod(TestMethodTestDescriptor.java:210) ~[junit-jupiter-engine-5.8.2.jar:5.8.2]
	at org.junit.jupiter.engine.descriptor.TestMethodTestDescriptor.execute(TestMethodTestDescriptor.java:135) ~[junit-jupiter-engine-5.8.2.jar:5.8.2]
	at org.junit.jupiter.engine.descriptor.TestMethodTestDescriptor.execute(TestMethodTestDescriptor.java:66) ~[junit-jupiter-engine-5.8.2.jar:5.8.2]
	at org.junit.platform.engine.support.hierarchical.NodeTestTask.lambda$executeRecursively$6(NodeTestTask.java:151) ~[junit-platform-engine-1.8.2.jar:1.8.2]
	at org.junit.platform.engine.support.hierarchical.ThrowableCollector.execute(ThrowableCollector.java:73) ~[junit-platform-engine-1.8.2.jar:1.8.2]
	at org.junit.platform.engine.support.hierarchical.NodeTestTask.lambda$executeRecursively$8(NodeTestTask.java:141) ~[junit-platform-engine-1.8.2.jar:1.8.2]
	at org.junit.platform.engine.support.hierarchical.Node.around(Node.java:137) ~[junit-platform-engine-1.8.2.jar:1.8.2]
	at org.junit.platform.engine.support.hierarchical.NodeTestTask.lambda$executeRecursively$9(NodeTestTask.java:139) ~[junit-platform-engine-1.8.2.jar:1.8.2]
	at org.junit.platform.engine.support.hierarchical.ThrowableCollector.execute(ThrowableCollector.java:73) ~[junit-platform-engine-1.8.2.jar:1.8.2]
	at org.junit.platform.engine.support.hierarchical.NodeTestTask.executeRecursively(NodeTestTask.java:138) ~[junit-platform-engine-1.8.2.jar:1.8.2]
	at org.junit.platform.engine.support.hierarchical.NodeTestTask.execute(NodeTestTask.java:95) ~[junit-platform-engine-1.8.2.jar:1.8.2]
	at java.util.ArrayList.forEach(ArrayList.java:1541) ~[?:?]
	at org.junit.platform.engine.support.hierarchical.SameThreadHierarchicalTestExecutorService.invokeAll(SameThreadHierarchicalTestExecutorService.java:41) ~[junit-platform-engine-1.8.2.jar:1.8.2]
	at org.junit.platform.engine.support.hierarchical.NodeTestTask.lambda$executeRecursively$6(NodeTestTask.java:155) ~[junit-platform-engine-1.8.2.jar:1.8.2]
	at org.junit.platform.engine.support.hierarchical.ThrowableCollector.execute(ThrowableCollector.java:73) ~[junit-platform-engine-1.8.2.jar:1.8.2]
	at org.junit.platform.engine.support.hierarchical.NodeTestTask.lambda$executeRecursively$8(NodeTestTask.java:141) ~[junit-platform-engine-1.8.2.jar:1.8.2]
	at org.junit.platform.engine.support.hierarchical.Node.around(Node.java:137) ~[junit-platform-engine-1.8.2.jar:1.8.2]
	at org.junit.platform.engine.support.hierarchical.NodeTestTask.lambda$executeRecursively$9(NodeTestTask.java:139) ~[junit-platform-engine-1.8.2.jar:1.8.2]
	at org.junit.platform.engine.support.hierarchical.ThrowableCollector.execute(ThrowableCollector.java:73) ~[junit-platform-engine-1.8.2.jar:1.8.2]
	at org.junit.platform.engine.support.hierarchical.NodeTestTask.executeRecursively(NodeTestTask.java:138) ~[junit-platform-engine-1.8.2.jar:1.8.2]
	at org.junit.platform.engine.support.hierarchical.NodeTestTask.execute(NodeTestTask.java:95) ~[junit-platform-engine-1.8.2.jar:1.8.2]
	at java.util.ArrayList.forEach(ArrayList.java:1541) ~[?:?]
	at org.junit.platform.engine.support.hierarchical.SameThreadHierarchicalTestExecutorService.invokeAll(SameThreadHierarchicalTestExecutorService.java:41) ~[junit-platform-engine-1.8.2.jar:1.8.2]
	at org.junit.platform.engine.support.hierarchical.NodeTestTask.lambda$executeRecursively$6(NodeTestTask.java:155) ~[junit-platform-engine-1.8.2.jar:1.8.2]
	at org.junit.platform.engine.support.hierarchical.ThrowableCollector.execute(ThrowableCollector.java:73) ~[junit-platform-engine-1.8.2.jar:1.8.2]
	at org.junit.platform.engine.support.hierarchical.NodeTestTask.lambda$executeRecursively$8(NodeTestTask.java:141) ~[junit-platform-engine-1.8.2.jar:1.8.2]
	at org.junit.platform.engine.support.hierarchical.Node.around(Node.java:137) ~[junit-platform-engine-1.8.2.jar:1.8.2]
	at org.junit.platform.engine.support.hierarchical.NodeTestTask.lambda$executeRecursively$9(NodeTestTask.java:139) ~[junit-platform-engine-1.8.2.jar:1.8.2]
	at org.junit.platform.engine.support.hierarchical.ThrowableCollector.execute(ThrowableCollector.java:73) ~[junit-platform-engine-1.8.2.jar:1.8.2]
	at org.junit.platform.engine.support.hierarchical.NodeTestTask.executeRecursively(NodeTestTask.java:138) ~[junit-platform-engine-1.8.2.jar:1.8.2]
	at org.junit.platform.engine.support.hierarchical.NodeTestTask.execute(NodeTestTask.java:95) ~[junit-platform-engine-1.8.2.jar:1.8.2]
	at org.junit.platform.engine.support.hierarchical.SameThreadHierarchicalTestExecutorService.submit(SameThreadHierarchicalTestExecutorService.java:35) ~[junit-platform-engine-1.8.2.jar:1.8.2]
	at org.junit.platform.engine.support.hierarchical.HierarchicalTestExecutor.execute(HierarchicalTestExecutor.java:57) ~[junit-platform-engine-1.8.2.jar:1.8.2]
	at org.junit.platform.engine.support.hierarchical.HierarchicalTestEngine.execute(HierarchicalTestEngine.java:54) ~[junit-platform-engine-1.8.2.jar:1.8.2]
	at org.junit.platform.launcher.core.EngineExecutionOrchestrator.execute(EngineExecutionOrchestrator.java:107) ~[junit-platform-launcher-1.8.2.jar:1.8.2]
	at org.junit.platform.launcher.core.EngineExecutionOrchestrator.execute(EngineExecutionOrchestrator.java:88) ~[junit-platform-launcher-1.8.2.jar:1.8.2]
	at org.junit.platform.launcher.core.EngineExecutionOrchestrator.lambda$execute$0(EngineExecutionOrchestrator.java:54) ~[junit-platform-launcher-1.8.2.jar:1.8.2]
	at org.junit.platform.launcher.core.EngineExecutionOrchestrator.withInterceptedStreams(EngineExecutionOrchestrator.java:67) [junit-platform-launcher-1.8.2.jar:1.8.2]
	at org.junit.platform.launcher.core.EngineExecutionOrchestrator.execute(EngineExecutionOrchestrator.java:52) [junit-platform-launcher-1.8.2.jar:1.8.2]
	at org.junit.platform.launcher.core.DefaultLauncher.execute(DefaultLauncher.java:114) [junit-platform-launcher-1.8.2.jar:1.8.2]
	at org.junit.platform.launcher.core.DefaultLauncher.execute(DefaultLauncher.java:86) [junit-platform-launcher-1.8.2.jar:1.8.2]
	at org.junit.platform.launcher.core.DefaultLauncherSession$DelegatingLauncher.execute(DefaultLauncherSession.java:86) [junit-platform-launcher-1.8.2.jar:1.8.2]
	at org.junit.platform.launcher.core.SessionPerRequestLauncher.execute(SessionPerRequestLauncher.java:53) [junit-platform-launcher-1.8.2.jar:1.8.2]
	at org.apache.maven.surefire.junitplatform.JUnitPlatformProvider.execute(JUnitPlatformProvider.java:188) [surefire-junit-platform-3.0.0-M5.jar:3.0.0-M5]
	at org.apache.maven.surefire.junitplatform.JUnitPlatformProvider.invokeAllTests(JUnitPlatformProvider.java:154) [surefire-junit-platform-3.0.0-M5.jar:3.0.0-M5]
	at org.apache.maven.surefire.junitplatform.JUnitPlatformProvider.invoke(JUnitPlatformProvider.java:128) [surefire-junit-platform-3.0.0-M5.jar:3.0.0-M5]
	at org.apache.maven.surefire.booter.ForkedBooter.runSuitesInProcess(ForkedBooter.java:428) [surefire-booter-3.0.0-M5.jar:3.0.0-M5]
	at org.apache.maven.surefire.booter.ForkedBooter.execute(ForkedBooter.java:162) [surefire-booter-3.0.0-M5.jar:3.0.0-M5]
	at org.apache.maven.surefire.booter.ForkedBooter.run(ForkedBooter.java:562) [surefire-booter-3.0.0-M5.jar:3.0.0-M5]
	at org.apache.maven.surefire.booter.ForkedBooter.main(ForkedBooter.java:548) [surefire-booter-3.0.0-M5.jar:3.0.0-M5]
05:01:58.665 [main] ERROR com.hedera.mirror.common.util.DomainUtils - Long overflow when converting time to nanos timestamp : 9223372036s 854775808ns
05:01:58.669 [main] ERROR com.hedera.mirror.common.util.DomainUtils - Long overflow when converting time to nanos timestamp : 1568376750538s 0ns
05:01:58.670 [main] ERROR com.hedera.mirror.common.util.DomainUtils - Long overflow when converting time to nanos timestamp : 9223372036854775807s 0ns
05:01:58.671 [main] ERROR com.hedera.mirror.common.util.DomainUtils - Long overflow when converting time to nanos timestamp : -9223372036854775808s 0ns
05:01:58.672 [main] ERROR com.hedera.mirror.common.util.DomainUtils - Long overflow when converting time to nanos timestamp : 9223372036s 854775808ns
05:01:58.673 [main] ERROR com.hedera.mirror.common.util.DomainUtils - Long overflow when converting time to nanos timestamp : -9223372036s -854775809ns
05:01:58.682 [main] ERROR com.hedera.mirror.common.util.DomainUtils - Long overflow when converting time to nanos timestamp : 1568376750538s 0ns
05:01:58.683 [main] ERROR com.hedera.mirror.common.util.DomainUtils - Long overflow when converting time to nanos timestamp : 9223372036854775807s 0ns
05:01:58.684 [main] ERROR com.hedera.mirror.common.util.DomainUtils - Long overflow when converting time to nanos timestamp : -9223372036854775808s 0ns
05:01:58.685 [main] ERROR com.hedera.mirror.common.util.DomainUtils - Long overflow when converting time to nanos timestamp : 9223372036s 854775808ns
05:01:58.686 [main] ERROR com.hedera.mirror.common.util.DomainUtils - Long overflow when converting time to nanos timestamp : -9223372036s -854775809ns
[INFO] Tests run: 43, Failures: 0, Errors: 0, Skipped: 0, Time elapsed: 0.118 s - in com.hedera.mirror.common.util.DomainUtilsTest
[WARNING] ForkStarter IOException: Unable to create file for report: /home/gabsko/breaking-updates/hedera-mirror-common/target/surefire-reports/com.hedera.mirror.common.domain.transaction.RecordItemTest.txt (No such file or directory)
Unable to create file for report: /home/gabsko/breaking-updates/hedera-mirror-common/target/surefire-reports/com.hedera.mirror.common.domain.transaction.AssessedCustomFeeTest.txt (No such file or directory)
Unable to create file for report: /home/gabsko/breaking-updates/hedera-mirror-common/target/surefire-reports/com.hedera.mirror.common.domain.DigestAlgorithmTest.txt (No such file or directory)
Unable to create file for report: /home/gabsko/breaking-updates/hedera-mirror-common/target/surefire-reports/com.hedera.mirror.common.domain.entity.EntityTest.txt (No such file or directory)
Unable to create file for report: /home/gabsko/breaking-updates/hedera-mirror-common/target/surefire-reports/com.hedera.mirror.common.domain.entity.EntityIdTest.txt (No such file or directory)
Unable to create file for report: /home/gabsko/breaking-updates/hedera-mirror-common/target/surefire-reports/com.hedera.mirror.common.domain.entity.EntityIdEndecTest.txt (No such file or directory)
Unable to create file for report: /home/gabsko/breaking-updates/hedera-mirror-common/target/surefire-reports/com.hedera.mirror.common.domain.StreamTypeTest.txt (No such file or directory)
Unable to create file for report: No space left on device
Unable to create file for report: No space left on device
Unable to create file for report: No space left on device. See the dump file /home/gabsko/breaking-updates/hedera-mirror-common/target/surefire-reports/2023-02-05T05-01-53_088-jvmRun1.dumpstream
[INFO] 
[INFO] Results:
[INFO] 
[INFO] Tests run: 131, Failures: 0, Errors: 0, Skipped: 0
[INFO] 
[INFO] 
[INFO] --- jacoco-maven-plugin:0.8.7:report (report) @ hedera-mirror-common ---
[INFO] Loading execution data file /home/gabsko/breaking-updates/hedera-mirror-common/target/jacoco.exec
[INFO] Analyzed bundle 'Hedera Mirror Node Common' with 132 classes
[INFO] ------------------------------------------------------------------------
[INFO] Reactor Summary for Hedera Mirror Node 0.50.0-SNAPSHOT:
[INFO] 
[INFO] Hedera Mirror Node ................................. SUCCESS [  5.927 s]
[INFO] Hedera Mirror Node Common .......................... SUCCESS [ 11.475 s]
[INFO] Hedera Mirror Node Protobuf ........................ SUCCESS [  2.523 s]
[INFO] Hedera Mirror Node GRPC API ........................ SKIPPED
[INFO] Hedera Mirror Node Importer ........................ SKIPPED
[INFO] Hedera Mirror Node Monitor ......................... FAILURE [  8.706 s]
[INFO] Hedera Mirror Node REST API ........................ FAILURE [  7.358 s]
[INFO] Hedera Mirror Node Rosetta REST API ................ FAILURE [  9.731 s]
[INFO] Hedera Mirror Node Test ............................ SUCCESS [  5.421 s]
[INFO] Hedera Mirror Node Web3 ............................ SKIPPED
[INFO] ------------------------------------------------------------------------
[INFO] BUILD FAILURE
[INFO] ------------------------------------------------------------------------
[INFO] Total time:  18.084 s (Wall Clock)
[INFO] Finished at: 2023-02-05T05:01:59Z
[INFO] ------------------------------------------------------------------------
[ERROR] Failed to execute goal com.github.eirslett:frontend-maven-plugin:1.12.1:npm (npm-install-rest) on project hedera-mirror-rest: Failed to run task: 'npm install' failed. org.apache.commons.exec.ExecuteException: Process exited with an error: 228 (Exit value: 228) -> [Help 1]
[ERROR] Failed to execute goal org.apache.maven.plugins:maven-compiler-plugin:3.8.1:testCompile (default-testCompile) on project hedera-mirror-monitor: Compilation failure
[ERROR] /home/gabsko/breaking-updates/hedera-mirror-monitor/src/test/java/com/hedera/mirror/monitor/publish/TransactionPublisherTest.java:[377,13] error while writing com.hedera.mirror.monitor.publish.TransactionPublisherTest.CryptoServiceStub: No space left on device
[ERROR] -> [Help 1]
[ERROR] Failed to execute goal com.igormaznitsa:mvn-golang-wrapper:2.3.9:test (default-test) on project hedera-mirror-rosetta: Process exit code : 2 -> [Help 2]
[ERROR] 
[ERROR] To see the full stack trace of the errors, re-run Maven with the -e switch.
[ERROR] Re-run Maven using the -X switch to enable full debug logging.
[ERROR] 
[ERROR] For more information about the errors and possible solutions, please read the following articles:
[ERROR] [Help 1] http://cwiki.apache.org/confluence/display/MAVEN/MojoFailureException
[ERROR] [Help 2] http://cwiki.apache.org/confluence/display/MAVEN/MojoExecutionException
[ERROR] 
[ERROR] After correcting the problems, you can resume the build with the command
[ERROR]   mvn <args> -rf :hedera-mirror-rest
