[INFO] Scanning for projects...
[INFO] ------------------------------------------------------------------------
[INFO] Detecting the operating system and CPU architecture
[INFO] ------------------------------------------------------------------------
[INFO] os.detected.name: linux
[INFO] os.detected.arch: x86_64
[INFO] os.detected.bitness: 64
[INFO] os.detected.version: 5.4
[INFO] os.detected.version.major: 5
[INFO] os.detected.version.minor: 4
[INFO] os.detected.release: ubuntu
[INFO] os.detected.release.version: 18.04
[INFO] os.detected.release.like.ubuntu: true
[INFO] os.detected.release.like.debian: true
[INFO] os.detected.classifier: linux-x86_64
[INFO] ------------------------------------------------------------------------
[INFO] Reactor Build Order:
[INFO] 
[INFO] baremaps                                                           [pom]
[INFO] baremaps-blob                                                      [jar]
[INFO] baremaps-config                                                    [jar]
[INFO] baremaps-stream                                                    [jar]
[INFO] baremaps-tile                                                      [jar]
[INFO] baremaps-testing                                                   [jar]
[INFO] baremaps-osm                                                       [jar]
[INFO] baremaps-benchmarks                                                [jar]
[INFO] baremaps-blob-s3                                                   [jar]
[INFO] baremaps-postgres                                                  [jar]
[INFO] baremaps-tile-postgres                                             [jar]
[INFO] baremaps-server                                                    [jar]
[INFO] baremaps-osm-lmdb                                                  [jar]
[INFO] baremaps-osm-postgres                                              [jar]
[INFO] baremaps-tile-mbtiles                                              [jar]
[INFO] baremaps-cli                                                       [jar]
[INFO] baremaps-openapi                                                   [jar]
[INFO] 
[INFO] -----------------------< com.baremaps:baremaps >------------------------
[INFO] Building baremaps 0.5.16-SNAPSHOT                                 [1/17]
[INFO] --------------------------------[ pom ]---------------------------------
[INFO] 
[INFO] --- maven-clean-plugin:2.5:clean (default-clean) @ baremaps ---
[INFO] 
[INFO] --- exec-maven-plugin:3.0.0:exec (git submodule update) @ baremaps ---
[INFO] 
[INFO] --- jacoco-maven-plugin:0.8.7:prepare-agent (default) @ baremaps ---
[INFO] argLine set to -javaagent:/home/gabsko/.m2/repository/org/jacoco/org.jacoco.agent/0.8.7/org.jacoco.agent-0.8.7-runtime.jar=destfile=/home/gabsko/breaking-updates/target/jacoco.exec
[INFO] 
[INFO] --- jacoco-maven-plugin:0.8.7:report (report) @ baremaps ---
[INFO] Skipping JaCoCo execution due to missing execution data file.
[INFO] 
[INFO] ---------------------< com.baremaps:baremaps-blob >---------------------
[INFO] Building baremaps-blob 0.5.16-SNAPSHOT                            [2/17]
[INFO] --------------------------------[ jar ]---------------------------------
[INFO] 
[INFO] --- maven-clean-plugin:2.5:clean (default-clean) @ baremaps-blob ---
[INFO] Deleting /home/gabsko/breaking-updates/baremaps-blob/target
[INFO] 
[INFO] --- jacoco-maven-plugin:0.8.7:prepare-agent (default) @ baremaps-blob ---
[INFO] argLine set to -javaagent:/home/gabsko/.m2/repository/org/jacoco/org.jacoco.agent/0.8.7/org.jacoco.agent-0.8.7-runtime.jar=destfile=/home/gabsko/breaking-updates/baremaps-blob/target/jacoco.exec
[INFO] 
[INFO] --- maven-resources-plugin:2.6:resources (default-resources) @ baremaps-blob ---
[INFO] Using 'UTF-8' encoding to copy filtered resources.
[INFO] skip non existing resourceDirectory /home/gabsko/breaking-updates/baremaps-blob/src/main/resources
[INFO] 
[INFO] --- maven-compiler-plugin:3.1:compile (default-compile) @ baremaps-blob ---
[INFO] Changes detected - recompiling the module!
[INFO] Compiling 8 source files to /home/gabsko/breaking-updates/baremaps-blob/target/classes
[INFO] 
[INFO] --- maven-resources-plugin:2.6:testResources (default-testResources) @ baremaps-blob ---
[INFO] Using 'UTF-8' encoding to copy filtered resources.
[INFO] skip non existing resourceDirectory /home/gabsko/breaking-updates/baremaps-blob/src/test/resources
[INFO] 
[INFO] --- maven-compiler-plugin:3.1:testCompile (default-testCompile) @ baremaps-blob ---
[INFO] Changes detected - recompiling the module!
[INFO] Compiling 3 source files to /home/gabsko/breaking-updates/baremaps-blob/target/test-classes
[INFO] 
[INFO] --- maven-surefire-plugin:2.22.2:test (default-test) @ baremaps-blob ---
[INFO] 
[INFO] -------------------------------------------------------
[INFO]  T E S T S
[INFO] -------------------------------------------------------
[INFO] 
[INFO] Results:
[INFO] 
[INFO] Tests run: 0, Failures: 0, Errors: 0, Skipped: 0
[INFO] 
[INFO] 
[INFO] --- jacoco-maven-plugin:0.8.7:report (report) @ baremaps-blob ---
[INFO] Loading execution data file /home/gabsko/breaking-updates/baremaps-blob/target/jacoco.exec
[INFO] Analyzed bundle 'baremaps-blob' with 8 classes
[INFO] 
[INFO] --------------------< com.baremaps:baremaps-config >--------------------
[INFO] Building baremaps-config 0.5.16-SNAPSHOT                          [3/17]
[INFO] --------------------------------[ jar ]---------------------------------
[INFO] 
[INFO] --- maven-clean-plugin:2.5:clean (default-clean) @ baremaps-config ---
[INFO] Deleting /home/gabsko/breaking-updates/baremaps-config/target
[INFO] 
[INFO] --- jacoco-maven-plugin:0.8.7:prepare-agent (default) @ baremaps-config ---
[INFO] argLine set to -javaagent:/home/gabsko/.m2/repository/org/jacoco/org.jacoco.agent/0.8.7/org.jacoco.agent-0.8.7-runtime.jar=destfile=/home/gabsko/breaking-updates/baremaps-config/target/jacoco.exec
[INFO] 
[INFO] --- maven-resources-plugin:2.6:resources (default-resources) @ baremaps-config ---
[INFO] Using 'UTF-8' encoding to copy filtered resources.
[INFO] skip non existing resourceDirectory /home/gabsko/breaking-updates/baremaps-config/src/main/resources
[INFO] 
[INFO] --- maven-compiler-plugin:3.1:compile (default-compile) @ baremaps-config ---
[INFO] Changes detected - recompiling the module!
[INFO] Compiling 10 source files to /home/gabsko/breaking-updates/baremaps-config/target/classes
[INFO] 
[INFO] --- maven-resources-plugin:2.6:testResources (default-testResources) @ baremaps-config ---
[INFO] Using 'UTF-8' encoding to copy filtered resources.
[INFO] Copying 4 resources
[INFO] 
[INFO] --- maven-compiler-plugin:3.1:testCompile (default-testCompile) @ baremaps-config ---
[INFO] Changes detected - recompiling the module!
[INFO] Compiling 2 source files to /home/gabsko/breaking-updates/baremaps-config/target/test-classes
[INFO] 
[INFO] --- maven-surefire-plugin:2.22.2:test (default-test) @ baremaps-config ---
[INFO] 
[INFO] -------------------------------------------------------
[INFO]  T E S T S
[INFO] -------------------------------------------------------
[INFO] Running com.baremaps.config.BlobMapperTest
[INFO] Tests run: 3, Failures: 0, Errors: 0, Skipped: 0, Time elapsed: 0.552 s - in com.baremaps.config.BlobMapperTest
[INFO] Running com.baremaps.config.MappingLoaderTest
[INFO] Tests run: 1, Failures: 0, Errors: 0, Skipped: 0, Time elapsed: 0 s - in com.baremaps.config.MappingLoaderTest
[INFO] 
[INFO] Results:
[INFO] 
[INFO] Tests run: 4, Failures: 0, Errors: 0, Skipped: 0
[INFO] 
[INFO] 
[INFO] --- jacoco-maven-plugin:0.8.7:report (report) @ baremaps-config ---
[INFO] Loading execution data file /home/gabsko/breaking-updates/baremaps-config/target/jacoco.exec
[INFO] Analyzed bundle 'baremaps-config' with 10 classes
[INFO] 
[INFO] --------------------< com.baremaps:baremaps-stream >--------------------
[INFO] Building baremaps-stream 0.5.16-SNAPSHOT                          [4/17]
[INFO] --------------------------------[ jar ]---------------------------------
[INFO] 
[INFO] --- maven-clean-plugin:2.5:clean (default-clean) @ baremaps-stream ---
[INFO] Deleting /home/gabsko/breaking-updates/baremaps-stream/target
[INFO] 
[INFO] --- jacoco-maven-plugin:0.8.7:prepare-agent (default) @ baremaps-stream ---
[INFO] argLine set to -javaagent:/home/gabsko/.m2/repository/org/jacoco/org.jacoco.agent/0.8.7/org.jacoco.agent-0.8.7-runtime.jar=destfile=/home/gabsko/breaking-updates/baremaps-stream/target/jacoco.exec
[INFO] 
[INFO] --- maven-resources-plugin:2.6:resources (default-resources) @ baremaps-stream ---
[INFO] Using 'UTF-8' encoding to copy filtered resources.
[INFO] skip non existing resourceDirectory /home/gabsko/breaking-updates/baremaps-stream/src/main/resources
[INFO] 
[INFO] --- maven-compiler-plugin:3.1:compile (default-compile) @ baremaps-stream ---
[INFO] Changes detected - recompiling the module!
[INFO] Compiling 10 source files to /home/gabsko/breaking-updates/baremaps-stream/target/classes
[WARNING] /home/gabsko/breaking-updates/baremaps-stream/src/main/java/com/baremaps/stream/SupplierUtils.java: /home/gabsko/breaking-updates/baremaps-stream/src/main/java/com/baremaps/stream/SupplierUtils.java uses unchecked or unsafe operations.
[WARNING] /home/gabsko/breaking-updates/baremaps-stream/src/main/java/com/baremaps/stream/SupplierUtils.java: Recompile with -Xlint:unchecked for details.
[INFO] 
[INFO] --- maven-resources-plugin:2.6:testResources (default-testResources) @ baremaps-stream ---
[INFO] Using 'UTF-8' encoding to copy filtered resources.
[INFO] skip non existing resourceDirectory /home/gabsko/breaking-updates/baremaps-stream/src/test/resources
[INFO] 
[INFO] --- maven-compiler-plugin:3.1:testCompile (default-testCompile) @ baremaps-stream ---
[INFO] Changes detected - recompiling the module!
[INFO] Compiling 3 source files to /home/gabsko/breaking-updates/baremaps-stream/target/test-classes
[INFO] 
[INFO] --- maven-surefire-plugin:2.22.2:test (default-test) @ baremaps-stream ---
[INFO] 
[INFO] -------------------------------------------------------
[INFO]  T E S T S
[INFO] -------------------------------------------------------
[INFO] Running com.baremaps.stream.BatchedSpliteratorTest
[INFO] Tests run: 4, Failures: 0, Errors: 0, Skipped: 0, Time elapsed: 0.038 s - in com.baremaps.stream.BatchedSpliteratorTest
[INFO] Running com.baremaps.stream.PartitionedSpliteratorTest
[INFO] Tests run: 4, Failures: 0, Errors: 0, Skipped: 0, Time elapsed: 0.003 s - in com.baremaps.stream.PartitionedSpliteratorTest
[INFO] Running com.baremaps.stream.StreamUtilsTest
[INFO] Tests run: 1, Failures: 0, Errors: 0, Skipped: 0, Time elapsed: 0 s - in com.baremaps.stream.StreamUtilsTest
[INFO] 
[INFO] Results:
[INFO] 
[INFO] Tests run: 9, Failures: 0, Errors: 0, Skipped: 0
[INFO] 
[INFO] 
[INFO] --- jacoco-maven-plugin:0.8.7:report (report) @ baremaps-stream ---
[INFO] Loading execution data file /home/gabsko/breaking-updates/baremaps-stream/target/jacoco.exec
[INFO] Analyzed bundle 'baremaps-stream' with 13 classes
[INFO] 
[INFO] ---------------------< com.baremaps:baremaps-tile >---------------------
[INFO] Building baremaps-tile 0.5.16-SNAPSHOT                            [5/17]
[INFO] --------------------------------[ jar ]---------------------------------
[INFO] 
[INFO] --- maven-clean-plugin:2.5:clean (default-clean) @ baremaps-tile ---
[INFO] Deleting /home/gabsko/breaking-updates/baremaps-tile/target
[INFO] 
[INFO] --- jacoco-maven-plugin:0.8.7:prepare-agent (default) @ baremaps-tile ---
[INFO] argLine set to -javaagent:/home/gabsko/.m2/repository/org/jacoco/org.jacoco.agent/0.8.7/org.jacoco.agent-0.8.7-runtime.jar=destfile=/home/gabsko/breaking-updates/baremaps-tile/target/jacoco.exec
[INFO] 
[INFO] --- protobuf-maven-plugin:0.6.1:compile (default) @ baremaps-tile ---
[INFO] /home/gabsko/breaking-updates/baremaps-tile/src/main/proto does not exist. Review the configuration or consider disabling the plugin.
[INFO] 
[INFO] --- maven-resources-plugin:2.6:resources (default-resources) @ baremaps-tile ---
[INFO] Using 'UTF-8' encoding to copy filtered resources.
[INFO] skip non existing resourceDirectory /home/gabsko/breaking-updates/baremaps-tile/src/main/resources
[INFO] 
[INFO] --- maven-compiler-plugin:3.1:compile (default-compile) @ baremaps-tile ---
[INFO] Changes detected - recompiling the module!
[INFO] Compiling 8 source files to /home/gabsko/breaking-updates/baremaps-tile/target/classes
[INFO] 
[INFO] --- protobuf-maven-plugin:0.6.1:test-compile (default) @ baremaps-tile ---
[INFO] /home/gabsko/breaking-updates/baremaps-tile/src/test/proto does not exist. Review the configuration or consider disabling the plugin.
[INFO] 
[INFO] --- maven-resources-plugin:2.6:testResources (default-testResources) @ baremaps-tile ---
[INFO] Using 'UTF-8' encoding to copy filtered resources.
[INFO] Copying 3 resources
[INFO] 
[INFO] --- maven-compiler-plugin:3.1:testCompile (default-testCompile) @ baremaps-tile ---
[INFO] Changes detected - recompiling the module!
[INFO] Compiling 5 source files to /home/gabsko/breaking-updates/baremaps-tile/target/test-classes
[INFO] 
[INFO] --- maven-surefire-plugin:2.22.2:test (default-test) @ baremaps-tile ---
[INFO] 
[INFO] -------------------------------------------------------
[INFO]  T E S T S
[INFO] -------------------------------------------------------
[INFO] Running com.baremaps.tile.TileBatcherTest
[INFO] Tests run: 1, Failures: 0, Errors: 0, Skipped: 0, Time elapsed: 0.034 s - in com.baremaps.tile.TileBatcherTest
[INFO] Running com.baremaps.tile.TileIteratorTest
[INFO] Tests run: 2, Failures: 0, Errors: 0, Skipped: 0, Time elapsed: 0 s - in com.baremaps.tile.TileIteratorTest
[INFO] Running com.baremaps.tile.TileTest
[INFO] Tests run: 3, Failures: 0, Errors: 0, Skipped: 0, Time elapsed: 0 s - in com.baremaps.tile.TileTest
[INFO] 
[INFO] Results:
[INFO] 
[INFO] Tests run: 6, Failures: 0, Errors: 0, Skipped: 0
[INFO] 
[INFO] 
[INFO] --- jacoco-maven-plugin:0.8.7:report (report) @ baremaps-tile ---
[INFO] Loading execution data file /home/gabsko/breaking-updates/baremaps-tile/target/jacoco.exec
[INFO] Analyzed bundle 'baremaps-tile' with 8 classes
[INFO] 
[INFO] -------------------< com.baremaps:baremaps-testing >--------------------
[INFO] Building baremaps-testing 0.5.16-SNAPSHOT                         [6/17]
[INFO] --------------------------------[ jar ]---------------------------------
[INFO] 
[INFO] --- maven-clean-plugin:2.5:clean (default-clean) @ baremaps-testing ---
[INFO] Deleting /home/gabsko/breaking-updates/baremaps-testing/target
[INFO] 
[INFO] --- jacoco-maven-plugin:0.8.7:prepare-agent (default) @ baremaps-testing ---
[INFO] argLine set to -javaagent:/home/gabsko/.m2/repository/org/jacoco/org.jacoco.agent/0.8.7/org.jacoco.agent-0.8.7-runtime.jar=destfile=/home/gabsko/breaking-updates/baremaps-testing/target/jacoco.exec
[INFO] 
[INFO] --- maven-resources-plugin:2.6:resources (default-resources) @ baremaps-testing ---
[INFO] Using 'UTF-8' encoding to copy filtered resources.
[INFO] Copying 31 resources
[INFO] 
[INFO] --- maven-compiler-plugin:3.1:compile (default-compile) @ baremaps-testing ---
[INFO] Changes detected - recompiling the module!
[INFO] Compiling 2 source files to /home/gabsko/breaking-updates/baremaps-testing/target/classes
[INFO] 
[INFO] --- maven-resources-plugin:2.6:testResources (default-testResources) @ baremaps-testing ---
[INFO] Using 'UTF-8' encoding to copy filtered resources.
[INFO] skip non existing resourceDirectory /home/gabsko/breaking-updates/baremaps-testing/src/test/resources
[INFO] 
[INFO] --- maven-compiler-plugin:3.1:testCompile (default-testCompile) @ baremaps-testing ---
[INFO] No sources to compile
[INFO] 
[INFO] --- maven-surefire-plugin:2.22.2:test (default-test) @ baremaps-testing ---
[INFO] No tests to run.
[INFO] 
[INFO] --- jacoco-maven-plugin:0.8.7:report (report) @ baremaps-testing ---
[INFO] Skipping JaCoCo execution due to missing execution data file.
[INFO] 
[INFO] ---------------------< com.baremaps:baremaps-osm >----------------------
[INFO] Building baremaps-osm 0.5.16-SNAPSHOT                             [7/17]
[INFO] --------------------------------[ jar ]---------------------------------
[INFO] 
[INFO] --- maven-clean-plugin:2.5:clean (default-clean) @ baremaps-osm ---
[INFO] Deleting /home/gabsko/breaking-updates/baremaps-osm/target
[INFO] 
[INFO] --- jacoco-maven-plugin:0.8.7:prepare-agent (default) @ baremaps-osm ---
[INFO] argLine set to -javaagent:/home/gabsko/.m2/repository/org/jacoco/org.jacoco.agent/0.8.7/org.jacoco.agent-0.8.7-runtime.jar=destfile=/home/gabsko/breaking-updates/baremaps-osm/target/jacoco.exec
[INFO] 
[INFO] --- protobuf-maven-plugin:0.6.1:compile (default) @ baremaps-osm ---
[INFO] Compiling 2 proto file(s) to /home/gabsko/breaking-updates/baremaps-osm/target/generated-sources/protobuf/java
[INFO] 
[INFO] --- maven-resources-plugin:2.6:resources (default-resources) @ baremaps-osm ---
[INFO] Using 'UTF-8' encoding to copy filtered resources.
[INFO] Copying 7 resources
[INFO] Copying 2 resources
[INFO] 
[INFO] --- maven-compiler-plugin:3.1:compile (default-compile) @ baremaps-osm ---
[INFO] Changes detected - recompiling the module!
[INFO] Compiling 63 source files to /home/gabsko/breaking-updates/baremaps-osm/target/classes
[WARNING] /home/gabsko/breaking-updates/baremaps-osm/target/generated-sources/protobuf/java/com/baremaps/osm/binary/Osmformat.java: Some input files use or override a deprecated API.
[WARNING] /home/gabsko/breaking-updates/baremaps-osm/target/generated-sources/protobuf/java/com/baremaps/osm/binary/Osmformat.java: Recompile with -Xlint:deprecation for details.
[WARNING] /home/gabsko/breaking-updates/baremaps-osm/src/main/java/com/baremaps/osm/geometry/CreateGeometryConsumer.java: /home/gabsko/breaking-updates/baremaps-osm/src/main/java/com/baremaps/osm/geometry/CreateGeometryConsumer.java uses unchecked or unsafe operations.
[WARNING] /home/gabsko/breaking-updates/baremaps-osm/src/main/java/com/baremaps/osm/geometry/CreateGeometryConsumer.java: Recompile with -Xlint:unchecked for details.
[INFO] 
[INFO] --- protobuf-maven-plugin:0.6.1:test-compile (default) @ baremaps-osm ---
[INFO] /home/gabsko/breaking-updates/baremaps-osm/src/test/proto does not exist. Review the configuration or consider disabling the plugin.
[INFO] 
[INFO] --- maven-resources-plugin:2.6:testResources (default-testResources) @ baremaps-osm ---
[INFO] Using 'UTF-8' encoding to copy filtered resources.
[INFO] skip non existing resourceDirectory /home/gabsko/breaking-updates/baremaps-osm/src/test/resources
[INFO] 
[INFO] --- maven-compiler-plugin:3.1:testCompile (default-testCompile) @ baremaps-osm ---
[INFO] Changes detected - recompiling the module!
[INFO] Compiling 7 source files to /home/gabsko/breaking-updates/baremaps-osm/target/test-classes
[WARNING] /home/gabsko/breaking-updates/baremaps-osm/src/test/java/com/baremaps/osm/geometry/GeometryHandlerTest.java: Some input files use unchecked or unsafe operations.
[WARNING] /home/gabsko/breaking-updates/baremaps-osm/src/test/java/com/baremaps/osm/geometry/GeometryHandlerTest.java: Recompile with -Xlint:unchecked for details.
[INFO] 
[INFO] --- maven-surefire-plugin:2.22.2:test (default-test) @ baremaps-osm ---
[INFO] 
[INFO] -------------------------------------------------------
[INFO]  T E S T S
[INFO] -------------------------------------------------------
[INFO] Running com.baremaps.osm.OpenStreetMapTest
[INFO] Tests run: 12, Failures: 0, Errors: 0, Skipped: 0, Time elapsed: 1.326 s - in com.baremaps.osm.OpenStreetMapTest
[INFO] Running com.baremaps.osm.cache.InMemoryCacheTest
[INFO] Tests run: 1, Failures: 0, Errors: 0, Skipped: 0, Time elapsed: 0 s - in com.baremaps.osm.cache.InMemoryCacheTest
[INFO] Running com.baremaps.osm.geometry.GeometryHandlerTest
[INFO] Tests run: 4, Failures: 0, Errors: 0, Skipped: 0, Time elapsed: 0.579 s - in com.baremaps.osm.geometry.GeometryHandlerTest
[INFO] Running com.baremaps.osm.geometry.RelationGeometryTest
[WARNING] Tests run: 9, Failures: 0, Errors: 0, Skipped: 6, Time elapsed: 1.828 s - in com.baremaps.osm.geometry.RelationGeometryTest
[INFO] Running com.baremaps.osm.xml.XmlEntitySpliteratorTest
[INFO] Tests run: 2, Failures: 0, Errors: 0, Skipped: 0, Time elapsed: 0.001 s - in com.baremaps.osm.xml.XmlEntitySpliteratorTest
[INFO] Running com.baremaps.osm.xml.XmlChangeSpliteratorTest
[INFO] Tests run: 2, Failures: 0, Errors: 0, Skipped: 0, Time elapsed: 0 s - in com.baremaps.osm.xml.XmlChangeSpliteratorTest
[INFO] 
[INFO] Results:
[INFO] 
[WARNING] Tests run: 30, Failures: 0, Errors: 0, Skipped: 6
[INFO] 
[INFO] 
[INFO] --- jacoco-maven-plugin:0.8.7:report (report) @ baremaps-osm ---
[INFO] Loading execution data file /home/gabsko/breaking-updates/baremaps-osm/target/jacoco.exec
[INFO] Analyzed bundle 'baremaps-osm' with 106 classes
[INFO] 
[INFO] ------------------< com.baremaps:baremaps-benchmarks >------------------
[INFO] Building baremaps-benchmarks 0.5.16-SNAPSHOT                      [8/17]
[INFO] --------------------------------[ jar ]---------------------------------
[INFO] 
[INFO] --- maven-clean-plugin:2.5:clean (default-clean) @ baremaps-benchmarks ---
[INFO] Deleting /home/gabsko/breaking-updates/baremaps-benchmarks/target
[INFO] 
[INFO] --- jacoco-maven-plugin:0.8.7:prepare-agent (default) @ baremaps-benchmarks ---
[INFO] argLine set to -javaagent:/home/gabsko/.m2/repository/org/jacoco/org.jacoco.agent/0.8.7/org.jacoco.agent-0.8.7-runtime.jar=destfile=/home/gabsko/breaking-updates/baremaps-benchmarks/target/jacoco.exec
[INFO] 
[INFO] --- maven-resources-plugin:2.6:resources (default-resources) @ baremaps-benchmarks ---
[INFO] Using 'UTF-8' encoding to copy filtered resources.
[INFO] skip non existing resourceDirectory /home/gabsko/breaking-updates/baremaps-benchmarks/src/main/resources
[INFO] 
[INFO] --- maven-compiler-plugin:3.8.1:compile (default-compile) @ baremaps-benchmarks ---
[INFO] Changes detected - recompiling the module!
[INFO] Compiling 2 source files to /home/gabsko/breaking-updates/baremaps-benchmarks/target/classes
[INFO] 
[INFO] --- maven-resources-plugin:2.6:testResources (default-testResources) @ baremaps-benchmarks ---
[INFO] Using 'UTF-8' encoding to copy filtered resources.
[INFO] skip non existing resourceDirectory /home/gabsko/breaking-updates/baremaps-benchmarks/src/test/resources
[INFO] 
[INFO] --- maven-compiler-plugin:3.8.1:testCompile (default-testCompile) @ baremaps-benchmarks ---
[INFO] No sources to compile
[INFO] 
[INFO] --- maven-surefire-plugin:2.22.2:test (default-test) @ baremaps-benchmarks ---
[INFO] No tests to run.
[INFO] 
[INFO] --- jacoco-maven-plugin:0.8.7:report (report) @ baremaps-benchmarks ---
[INFO] Skipping JaCoCo execution due to missing execution data file.
[INFO] 
[INFO] -------------------< com.baremaps:baremaps-blob-s3 >--------------------
[INFO] Building baremaps-blob-s3 0.5.16-SNAPSHOT                         [9/17]
[INFO] --------------------------------[ jar ]---------------------------------
[INFO] 
[INFO] --- maven-clean-plugin:2.5:clean (default-clean) @ baremaps-blob-s3 ---
[INFO] Deleting /home/gabsko/breaking-updates/baremaps-blob-s3/target
[INFO] 
[INFO] --- jacoco-maven-plugin:0.8.7:prepare-agent (default) @ baremaps-blob-s3 ---
[INFO] argLine set to -javaagent:/home/gabsko/.m2/repository/org/jacoco/org.jacoco.agent/0.8.7/org.jacoco.agent-0.8.7-runtime.jar=destfile=/home/gabsko/breaking-updates/baremaps-blob-s3/target/jacoco.exec
[INFO] 
[INFO] --- maven-resources-plugin:2.6:resources (default-resources) @ baremaps-blob-s3 ---
[INFO] Using 'UTF-8' encoding to copy filtered resources.
[INFO] skip non existing resourceDirectory /home/gabsko/breaking-updates/baremaps-blob-s3/src/main/resources
[INFO] 
[INFO] --- maven-compiler-plugin:3.1:compile (default-compile) @ baremaps-blob-s3 ---
[INFO] Changes detected - recompiling the module!
[INFO] Compiling 1 source file to /home/gabsko/breaking-updates/baremaps-blob-s3/target/classes
[INFO] 
[INFO] --- maven-resources-plugin:2.6:testResources (default-testResources) @ baremaps-blob-s3 ---
[INFO] Using 'UTF-8' encoding to copy filtered resources.
[INFO] skip non existing resourceDirectory /home/gabsko/breaking-updates/baremaps-blob-s3/src/test/resources
[INFO] 
[INFO] --- maven-compiler-plugin:3.1:testCompile (default-testCompile) @ baremaps-blob-s3 ---
[INFO] Changes detected - recompiling the module!
[INFO] Compiling 1 source file to /home/gabsko/breaking-updates/baremaps-blob-s3/target/test-classes
[INFO] 
[INFO] --- maven-surefire-plugin:2.22.2:test (default-test) @ baremaps-blob-s3 ---
[INFO] 
[INFO] -------------------------------------------------------
[INFO]  T E S T S
[INFO] -------------------------------------------------------
[INFO] 
[INFO] Results:
[INFO] 
[INFO] Tests run: 0, Failures: 0, Errors: 0, Skipped: 0
[INFO] 
[INFO] 
[INFO] --- jacoco-maven-plugin:0.8.7:report (report) @ baremaps-blob-s3 ---
[INFO] Loading execution data file /home/gabsko/breaking-updates/baremaps-blob-s3/target/jacoco.exec
[INFO] Analyzed bundle 'baremaps-blob-s3' with 1 classes
[INFO] 
[INFO] -------------------< com.baremaps:baremaps-postgres >-------------------
[INFO] Building baremaps-postgres 0.5.16-SNAPSHOT                       [10/17]
[INFO] --------------------------------[ jar ]---------------------------------
[INFO] 
[INFO] --- maven-clean-plugin:2.5:clean (default-clean) @ baremaps-postgres ---
[INFO] Deleting /home/gabsko/breaking-updates/baremaps-postgres/target
[INFO] 
[INFO] --- jacoco-maven-plugin:0.8.7:prepare-agent (default) @ baremaps-postgres ---
[INFO] argLine set to -javaagent:/home/gabsko/.m2/repository/org/jacoco/org.jacoco.agent/0.8.7/org.jacoco.agent-0.8.7-runtime.jar=destfile=/home/gabsko/breaking-updates/baremaps-postgres/target/jacoco.exec
[INFO] 
[INFO] --- maven-resources-plugin:2.6:resources (default-resources) @ baremaps-postgres ---
[INFO] Using 'UTF-8' encoding to copy filtered resources.
[INFO] skip non existing resourceDirectory /home/gabsko/breaking-updates/baremaps-postgres/src/main/resources
[INFO] 
[INFO] --- maven-compiler-plugin:3.1:compile (default-compile) @ baremaps-postgres ---
[INFO] Changes detected - recompiling the module!
[INFO] Compiling 25 source files to /home/gabsko/breaking-updates/baremaps-postgres/target/classes
[WARNING] /home/gabsko/breaking-updates/baremaps-postgres/src/main/java/com/baremaps/postgres/jdbi/BaseColumnMapper.java: /home/gabsko/breaking-updates/baremaps-postgres/src/main/java/com/baremaps/postgres/jdbi/BaseColumnMapper.java uses unchecked or unsafe operations.
[WARNING] /home/gabsko/breaking-updates/baremaps-postgres/src/main/java/com/baremaps/postgres/jdbi/BaseColumnMapper.java: Recompile with -Xlint:unchecked for details.
[INFO] 
[INFO] --- maven-resources-plugin:2.6:testResources (default-testResources) @ baremaps-postgres ---
[INFO] Using 'UTF-8' encoding to copy filtered resources.
[INFO] skip non existing resourceDirectory /home/gabsko/breaking-updates/baremaps-postgres/src/test/resources
[INFO] 
[INFO] --- maven-compiler-plugin:3.1:testCompile (default-testCompile) @ baremaps-postgres ---
[INFO] Changes detected - recompiling the module!
[INFO] Compiling 3 source files to /home/gabsko/breaking-updates/baremaps-postgres/target/test-classes
[INFO] 
[INFO] --- maven-surefire-plugin:2.22.2:test (default-test) @ baremaps-postgres ---
[INFO] 
[INFO] -------------------------------------------------------
[INFO]  T E S T S
[INFO] -------------------------------------------------------
[INFO] 
[INFO] Results:
[INFO] 
[INFO] Tests run: 0, Failures: 0, Errors: 0, Skipped: 0
[INFO] 
[INFO] 
[INFO] --- jacoco-maven-plugin:0.8.7:report (report) @ baremaps-postgres ---
[INFO] Loading execution data file /home/gabsko/breaking-updates/baremaps-postgres/target/jacoco.exec
[INFO] Analyzed bundle 'baremaps-postgres' with 24 classes
[INFO] 
[INFO] ----------------< com.baremaps:baremaps-tile-postgres >-----------------
[INFO] Building baremaps-tile-postgres 0.5.16-SNAPSHOT                  [11/17]
[INFO] --------------------------------[ jar ]---------------------------------
[INFO] 
[INFO] --- maven-clean-plugin:2.5:clean (default-clean) @ baremaps-tile-postgres ---
[INFO] Deleting /home/gabsko/breaking-updates/baremaps-tile-postgres/target
[INFO] 
[INFO] --- jacoco-maven-plugin:0.8.7:prepare-agent (default) @ baremaps-tile-postgres ---
[INFO] argLine set to -javaagent:/home/gabsko/.m2/repository/org/jacoco/org.jacoco.agent/0.8.7/org.jacoco.agent-0.8.7-runtime.jar=destfile=/home/gabsko/breaking-updates/baremaps-tile-postgres/target/jacoco.exec
[INFO] 
[INFO] --- maven-resources-plugin:2.6:resources (default-resources) @ baremaps-tile-postgres ---
[INFO] Using 'UTF-8' encoding to copy filtered resources.
[INFO] skip non existing resourceDirectory /home/gabsko/breaking-updates/baremaps-tile-postgres/src/main/resources
[INFO] 
[INFO] --- maven-compiler-plugin:3.1:compile (default-compile) @ baremaps-tile-postgres ---
[INFO] Changes detected - recompiling the module!
[INFO] Compiling 4 source files to /home/gabsko/breaking-updates/baremaps-tile-postgres/target/classes
[INFO] 
[INFO] --- maven-resources-plugin:2.6:testResources (default-testResources) @ baremaps-tile-postgres ---
[INFO] Using 'UTF-8' encoding to copy filtered resources.
[INFO] skip non existing resourceDirectory /home/gabsko/breaking-updates/baremaps-tile-postgres/src/test/resources
[INFO] 
[INFO] --- maven-compiler-plugin:3.1:testCompile (default-testCompile) @ baremaps-tile-postgres ---
[INFO] Changes detected - recompiling the module!
[INFO] Compiling 3 source files to /home/gabsko/breaking-updates/baremaps-tile-postgres/target/test-classes
[INFO] 
[INFO] --- maven-surefire-plugin:2.22.2:test (default-test) @ baremaps-tile-postgres ---
[INFO] 
[INFO] -------------------------------------------------------
[INFO]  T E S T S
[INFO] -------------------------------------------------------
[INFO] Running com.baremaps.tile.postgres.JSQLParserTest
[a AS (SELECT c FROM t)]
null
a
SELECT c FROM t
null
SELECT c FROM a
[INFO] Tests run: 4, Failures: 0, Errors: 0, Skipped: 0, Time elapsed: 0.186 s - in com.baremaps.tile.postgres.JSQLParserTest
[INFO] Running com.baremaps.tile.postgres.PostgresTileStoreTest
[INFO] Tests run: 2, Failures: 0, Errors: 0, Skipped: 0, Time elapsed: 0.472 s - in com.baremaps.tile.postgres.PostgresTileStoreTest
[INFO] Running com.baremaps.tile.postgres.PostgisQueryParserTest
[INFO] Tests run: 12, Failures: 0, Errors: 0, Skipped: 0, Time elapsed: 0.042 s - in com.baremaps.tile.postgres.PostgisQueryParserTest
[INFO] 
[INFO] Results:
[INFO] 
[INFO] Tests run: 18, Failures: 0, Errors: 0, Skipped: 0
[INFO] 
[INFO] 
[INFO] --- jacoco-maven-plugin:0.8.7:report (report) @ baremaps-tile-postgres ---
[INFO] Loading execution data file /home/gabsko/breaking-updates/baremaps-tile-postgres/target/jacoco.exec
[INFO] Analyzed bundle 'baremaps-tile-postgres' with 5 classes
[INFO] 
[INFO] --------------------< com.baremaps:baremaps-server >--------------------
[INFO] Building baremaps-server 0.5.16-SNAPSHOT                         [12/17]
[INFO] --------------------------------[ jar ]---------------------------------
[INFO] 
[INFO] --- maven-clean-plugin:2.5:clean (default-clean) @ baremaps-server ---
[INFO] Deleting /home/gabsko/breaking-updates/baremaps-server/target
[INFO] 
[INFO] --- jacoco-maven-plugin:0.8.7:prepare-agent (default) @ baremaps-server ---
[INFO] argLine set to -javaagent:/home/gabsko/.m2/repository/org/jacoco/org.jacoco.agent/0.8.7/org.jacoco.agent-0.8.7-runtime.jar=destfile=/home/gabsko/breaking-updates/baremaps-server/target/jacoco.exec
[INFO] 
[INFO] --- maven-resources-plugin:3.2.0:resources (default-resources) @ baremaps-server ---
[INFO] Using 'UTF-8' encoding to copy filtered resources.
[INFO] Using 'UTF-8' encoding to copy filtered properties files.
[INFO] Copying 2 resources
[INFO] 
[INFO] --- maven-compiler-plugin:3.1:compile (default-compile) @ baremaps-server ---
[INFO] Changes detected - recompiling the module!
[INFO] Compiling 5 source files to /home/gabsko/breaking-updates/baremaps-server/target/classes
[INFO] 
[INFO] --- maven-resources-plugin:3.2.0:testResources (default-testResources) @ baremaps-server ---
[INFO] Using 'UTF-8' encoding to copy filtered resources.
[INFO] Using 'UTF-8' encoding to copy filtered properties files.
[INFO] skip non existing resourceDirectory /home/gabsko/breaking-updates/baremaps-server/src/test/resources
[INFO] 
[INFO] --- maven-compiler-plugin:3.1:testCompile (default-testCompile) @ baremaps-server ---
[INFO] No sources to compile
[INFO] 
[INFO] --- maven-surefire-plugin:2.22.2:test (default-test) @ baremaps-server ---
[INFO] No tests to run.
[INFO] 
[INFO] --- jacoco-maven-plugin:0.8.7:report (report) @ baremaps-server ---
[INFO] Skipping JaCoCo execution due to missing execution data file.
[INFO] 
[INFO] -------------------< com.baremaps:baremaps-osm-lmdb >-------------------
[INFO] Building baremaps-osm-lmdb 0.5.16-SNAPSHOT                       [13/17]
[INFO] --------------------------------[ jar ]---------------------------------
[INFO] 
[INFO] --- maven-clean-plugin:2.5:clean (default-clean) @ baremaps-osm-lmdb ---
[INFO] Deleting /home/gabsko/breaking-updates/baremaps-osm-lmdb/target
[INFO] 
[INFO] --- jacoco-maven-plugin:0.8.7:prepare-agent (default) @ baremaps-osm-lmdb ---
[INFO] argLine set to -javaagent:/home/gabsko/.m2/repository/org/jacoco/org.jacoco.agent/0.8.7/org.jacoco.agent-0.8.7-runtime.jar=destfile=/home/gabsko/breaking-updates/baremaps-osm-lmdb/target/jacoco.exec
[INFO] 
[INFO] --- maven-resources-plugin:2.6:resources (default-resources) @ baremaps-osm-lmdb ---
[INFO] Using 'UTF-8' encoding to copy filtered resources.
[INFO] skip non existing resourceDirectory /home/gabsko/breaking-updates/baremaps-osm-lmdb/src/main/resources
[INFO] 
[INFO] --- maven-compiler-plugin:3.1:compile (default-compile) @ baremaps-osm-lmdb ---
[INFO] Changes detected - recompiling the module!
[INFO] Compiling 3 source files to /home/gabsko/breaking-updates/baremaps-osm-lmdb/target/classes
[INFO] 
[INFO] --- maven-resources-plugin:2.6:testResources (default-testResources) @ baremaps-osm-lmdb ---
[INFO] Using 'UTF-8' encoding to copy filtered resources.
[INFO] skip non existing resourceDirectory /home/gabsko/breaking-updates/baremaps-osm-lmdb/src/test/resources
[INFO] 
[INFO] --- maven-compiler-plugin:3.1:testCompile (default-testCompile) @ baremaps-osm-lmdb ---
[INFO] No sources to compile
[INFO] 
[INFO] --- maven-surefire-plugin:2.22.2:test (default-test) @ baremaps-osm-lmdb ---
[INFO] No tests to run.
[INFO] 
[INFO] --- jacoco-maven-plugin:0.8.7:report (report) @ baremaps-osm-lmdb ---
[INFO] Skipping JaCoCo execution due to missing execution data file.
[INFO] 
[INFO] -----------------< com.baremaps:baremaps-osm-postgres >-----------------
[INFO] Building baremaps-osm-postgres 0.5.16-SNAPSHOT                   [14/17]
[INFO] --------------------------------[ jar ]---------------------------------
[INFO] 
[INFO] --- maven-clean-plugin:2.5:clean (default-clean) @ baremaps-osm-postgres ---
[INFO] Deleting /home/gabsko/breaking-updates/baremaps-osm-postgres/target
[INFO] 
[INFO] --- jacoco-maven-plugin:0.8.7:prepare-agent (default) @ baremaps-osm-postgres ---
[INFO] argLine set to -javaagent:/home/gabsko/.m2/repository/org/jacoco/org.jacoco.agent/0.8.7/org.jacoco.agent-0.8.7-runtime.jar=destfile=/home/gabsko/breaking-updates/baremaps-osm-postgres/target/jacoco.exec
[INFO] 
[INFO] --- maven-resources-plugin:2.6:resources (default-resources) @ baremaps-osm-postgres ---
[INFO] Using 'UTF-8' encoding to copy filtered resources.
[INFO] skip non existing resourceDirectory /home/gabsko/breaking-updates/baremaps-osm-postgres/src/main/resources
[INFO] 
[INFO] --- maven-compiler-plugin:3.1:compile (default-compile) @ baremaps-osm-postgres ---
[INFO] Changes detected - recompiling the module!
[INFO] Compiling 6 source files to /home/gabsko/breaking-updates/baremaps-osm-postgres/target/classes
[WARNING] /home/gabsko/breaking-updates/baremaps-osm-postgres/src/main/java/com/baremaps/osm/postgres/PostgresWayTable.java: Some input files use unchecked or unsafe operations.
[WARNING] /home/gabsko/breaking-updates/baremaps-osm-postgres/src/main/java/com/baremaps/osm/postgres/PostgresWayTable.java: Recompile with -Xlint:unchecked for details.
[INFO] 
[INFO] --- maven-resources-plugin:2.6:testResources (default-testResources) @ baremaps-osm-postgres ---
[INFO] Using 'UTF-8' encoding to copy filtered resources.
[INFO] skip non existing resourceDirectory /home/gabsko/breaking-updates/baremaps-osm-postgres/src/test/resources
[INFO] 
[INFO] --- maven-compiler-plugin:3.1:testCompile (default-testCompile) @ baremaps-osm-postgres ---
[INFO] Changes detected - recompiling the module!
[INFO] Compiling 9 source files to /home/gabsko/breaking-updates/baremaps-osm-postgres/target/test-classes
[INFO] 
[INFO] --- maven-surefire-plugin:2.22.2:test (default-test) @ baremaps-osm-postgres ---
[INFO] 
[INFO] -------------------------------------------------------
[INFO]  T E S T S
[INFO] -------------------------------------------------------
[INFO] 
[INFO] Results:
[INFO] 
[INFO] Tests run: 0, Failures: 0, Errors: 0, Skipped: 0
[INFO] 
[INFO] 
[INFO] --- jacoco-maven-plugin:0.8.7:report (report) @ baremaps-osm-postgres ---
[INFO] Loading execution data file /home/gabsko/breaking-updates/baremaps-osm-postgres/target/jacoco.exec
[INFO] Analyzed bundle 'baremaps-osm-postgres' with 6 classes
[INFO] 
[INFO] -----------------< com.baremaps:baremaps-tile-mbtiles >-----------------
[INFO] Building baremaps-tile-mbtiles 0.5.16-SNAPSHOT                   [15/17]
[INFO] --------------------------------[ jar ]---------------------------------
[INFO] 
[INFO] --- maven-clean-plugin:2.5:clean (default-clean) @ baremaps-tile-mbtiles ---
[INFO] Deleting /home/gabsko/breaking-updates/baremaps-tile-mbtiles/target
[INFO] 
[INFO] --- jacoco-maven-plugin:0.8.7:prepare-agent (default) @ baremaps-tile-mbtiles ---
[INFO] argLine set to -javaagent:/home/gabsko/.m2/repository/org/jacoco/org.jacoco.agent/0.8.7/org.jacoco.agent-0.8.7-runtime.jar=destfile=/home/gabsko/breaking-updates/baremaps-tile-mbtiles/target/jacoco.exec
[INFO] 
[INFO] --- maven-resources-plugin:2.6:resources (default-resources) @ baremaps-tile-mbtiles ---
[INFO] Using 'UTF-8' encoding to copy filtered resources.
[INFO] skip non existing resourceDirectory /home/gabsko/breaking-updates/baremaps-tile-mbtiles/src/main/resources
[INFO] 
[INFO] --- maven-compiler-plugin:3.1:compile (default-compile) @ baremaps-tile-mbtiles ---
[INFO] Changes detected - recompiling the module!
[INFO] Compiling 1 source file to /home/gabsko/breaking-updates/baremaps-tile-mbtiles/target/classes
[INFO] 
[INFO] --- maven-resources-plugin:2.6:testResources (default-testResources) @ baremaps-tile-mbtiles ---
[INFO] Using 'UTF-8' encoding to copy filtered resources.
[INFO] skip non existing resourceDirectory /home/gabsko/breaking-updates/baremaps-tile-mbtiles/src/test/resources
[INFO] 
[INFO] --- maven-compiler-plugin:3.1:testCompile (default-testCompile) @ baremaps-tile-mbtiles ---
[INFO] Changes detected - recompiling the module!
[INFO] Compiling 2 source files to /home/gabsko/breaking-updates/baremaps-tile-mbtiles/target/test-classes
[INFO] 
[INFO] --- maven-surefire-plugin:2.22.2:test (default-test) @ baremaps-tile-mbtiles ---
[INFO] 
[INFO] -------------------------------------------------------
[INFO]  T E S T S
[INFO] -------------------------------------------------------
[INFO] Running com.baremaps.tile.mbtiles.MBTilesTest
[INFO] Tests run: 1, Failures: 0, Errors: 0, Skipped: 0, Time elapsed: 0.826 s - in com.baremaps.tile.mbtiles.MBTilesTest
[INFO] 
[INFO] Results:
[INFO] 
[INFO] Tests run: 1, Failures: 0, Errors: 0, Skipped: 0
[INFO] 
[INFO] 
[INFO] --- jacoco-maven-plugin:0.8.7:report (report) @ baremaps-tile-mbtiles ---
[INFO] Loading execution data file /home/gabsko/breaking-updates/baremaps-tile-mbtiles/target/jacoco.exec
[INFO] Analyzed bundle 'baremaps-tile-mbtiles' with 1 classes
[INFO] 
[INFO] ---------------------< com.baremaps:baremaps-cli >----------------------
[INFO] Building baremaps-cli 0.5.16-SNAPSHOT                            [16/17]
[INFO] --------------------------------[ jar ]---------------------------------
[INFO] 
[INFO] --- maven-clean-plugin:2.5:clean (default-clean) @ baremaps-cli ---
[INFO] Deleting /home/gabsko/breaking-updates/baremaps-cli/target
[INFO] 
[INFO] --- jacoco-maven-plugin:0.8.7:prepare-agent (default) @ baremaps-cli ---
[INFO] argLine set to -javaagent:/home/gabsko/.m2/repository/org/jacoco/org.jacoco.agent/0.8.7/org.jacoco.agent-0.8.7-runtime.jar=destfile=/home/gabsko/breaking-updates/baremaps-cli/target/jacoco.exec
[INFO] 
[INFO] --- maven-resources-plugin:2.6:resources (default-resources) @ baremaps-cli ---
[INFO] Using 'UTF-8' encoding to copy filtered resources.
[INFO] Copying 2 resources
[INFO] 
[INFO] --- maven-compiler-plugin:3.8.1:compile (default-compile) @ baremaps-cli ---
[INFO] Changes detected - recompiling the module!
[INFO] Compiling 10 source files to /home/gabsko/breaking-updates/baremaps-cli/target/classes
[INFO] 
[INFO] --- maven-resources-plugin:2.6:testResources (default-testResources) @ baremaps-cli ---
[INFO] Using 'UTF-8' encoding to copy filtered resources.
[INFO] skip non existing resourceDirectory /home/gabsko/breaking-updates/baremaps-cli/src/test/resources
[INFO] 
[INFO] --- maven-compiler-plugin:3.8.1:testCompile (default-testCompile) @ baremaps-cli ---
[INFO] Changes detected - recompiling the module!
[INFO] Compiling 1 source file to /home/gabsko/breaking-updates/baremaps-cli/target/test-classes
[INFO] 
[INFO] --- maven-surefire-plugin:2.22.2:test (default-test) @ baremaps-cli ---
[INFO] 
[INFO] -------------------------------------------------------
[INFO]  T E S T S
[INFO] -------------------------------------------------------
[INFO] 
[INFO] Results:
[INFO] 
[INFO] Tests run: 0, Failures: 0, Errors: 0, Skipped: 0
[INFO] 
[INFO] 
[INFO] --- jacoco-maven-plugin:0.8.7:report (report) @ baremaps-cli ---
[INFO] Loading execution data file /home/gabsko/breaking-updates/baremaps-cli/target/jacoco.exec
[INFO] Analyzed bundle 'baremaps-cli' with 15 classes
[INFO] 
[INFO] -------------------< com.baremaps:baremaps-openapi >--------------------
[INFO] Building baremaps-openapi 0.5.16-SNAPSHOT                        [17/17]
[INFO] --------------------------------[ jar ]---------------------------------
[INFO] 
[INFO] --- maven-clean-plugin:2.5:clean (default-clean) @ baremaps-openapi ---
[INFO] Deleting /home/gabsko/breaking-updates/baremaps-openapi/target
[INFO] 
[INFO] --- jacoco-maven-plugin:0.8.7:prepare-agent (default) @ baremaps-openapi ---
[INFO] argLine set to -javaagent:/home/gabsko/.m2/repository/org/jacoco/org.jacoco.agent/0.8.7/org.jacoco.agent-0.8.7-runtime.jar=destfile=/home/gabsko/breaking-updates/baremaps-openapi/target/jacoco.exec
[INFO] 
[INFO] --- openapi-generator-maven-plugin:5.1.0:generate (default) @ baremaps-openapi ---
[INFO] Generating with dryRun=false
[INFO] Output directory (/home/gabsko/breaking-updates/baremaps-openapi/target/generated-sources/openapi) does not exist, or is inaccessible. No file (.openapi-generator-ignore) will be evaluated.
[INFO] OpenAPI Generator: jaxrs-spec (server)
[INFO] Generator 'jaxrs-spec' is considered stable.
[INFO] Environment variable JAVA_POST_PROCESS_FILE not defined so the Java code may not be properly formatted. To define it, try 'export JAVA_POST_PROCESS_FILE="/usr/local/bin/clang-format -i"' (Linux/Mac)
[INFO] NOTE: To enable file post-processing, 'enablePostProcessFile' must be set to `true` (--enable-post-process-file for CLI).
[INFO] Invoker Package Name, originally not set, is now derived from api package name: com.baremaps
[INFO] Processing operation getLandingPage
[INFO] Processing operation getConformanceDeclaration
[INFO] Processing operation getCollections
[INFO] Processing operation addCollection
[INFO] Processing operation getCollection
[INFO] Processing operation updateCollection
[INFO] Processing operation deleteCollection
[INFO] Processing operation getStyleSet
[INFO] Processing operation addStyle
[INFO] Processing operation getStyle
[INFO] Processing operation updateStyle
[INFO] Processing operation deleteStyle
[INFO] Processing operation describeTilesCollections
[INFO] Processing operation getTileSQL
[INFO] Model mb-sprite-index not generated since it's an alias to map (without property) and `generateAliasAsModel` is set to false (default)
[INFO] writing file /home/gabsko/breaking-updates/baremaps-openapi/target/generated-sources/openapi/src/gen/java/main/com/baremaps/model/Collection.java
[INFO] writing file /home/gabsko/breaking-updates/baremaps-openapi/target/generated-sources/openapi/src/gen/java/main/com/baremaps/model/Collections.java
[INFO] writing file /home/gabsko/breaking-updates/baremaps-openapi/target/generated-sources/openapi/src/gen/java/main/com/baremaps/model/ConfClasses.java
[INFO] writing file /home/gabsko/breaking-updates/baremaps-openapi/target/generated-sources/openapi/src/gen/java/main/com/baremaps/model/Exception.java
[INFO] writing file /home/gabsko/breaking-updates/baremaps-openapi/target/generated-sources/openapi/src/gen/java/main/com/baremaps/model/Extent.java
[INFO] writing file /home/gabsko/breaking-updates/baremaps-openapi/target/generated-sources/openapi/src/gen/java/main/com/baremaps/model/ExtentSpatial.java
[INFO] writing file /home/gabsko/breaking-updates/baremaps-openapi/target/generated-sources/openapi/src/gen/java/main/com/baremaps/model/ExtentTemporal.java
[INFO] writing file /home/gabsko/breaking-updates/baremaps-openapi/target/generated-sources/openapi/src/gen/java/main/com/baremaps/model/LandingPage.java
[INFO] writing file /home/gabsko/breaking-updates/baremaps-openapi/target/generated-sources/openapi/src/gen/java/main/com/baremaps/model/LayersArray.java
[INFO] writing file /home/gabsko/breaking-updates/baremaps-openapi/target/generated-sources/openapi/src/gen/java/main/com/baremaps/model/LayersArrayPaint.java
[INFO] writing file /home/gabsko/breaking-updates/baremaps-openapi/target/generated-sources/openapi/src/gen/java/main/com/baremaps/model/Link.java
[INFO] writing file /home/gabsko/breaking-updates/baremaps-openapi/target/generated-sources/openapi/src/gen/java/main/com/baremaps/model/MbSpriteIndexSymbol.java
[INFO] writing file /home/gabsko/breaking-updates/baremaps-openapi/target/generated-sources/openapi/src/gen/java/main/com/baremaps/model/MbStyle.java
[INFO] writing file /home/gabsko/breaking-updates/baremaps-openapi/target/generated-sources/openapi/src/gen/java/main/com/baremaps/model/MbStyleSources.java
[INFO] writing file /home/gabsko/breaking-updates/baremaps-openapi/target/generated-sources/openapi/src/gen/java/main/com/baremaps/model/MbStyleSourcesDaraa.java
[INFO] writing file /home/gabsko/breaking-updates/baremaps-openapi/target/generated-sources/openapi/src/gen/java/main/com/baremaps/model/StyleSet.java
[INFO] writing file /home/gabsko/breaking-updates/baremaps-openapi/target/generated-sources/openapi/src/gen/java/main/com/baremaps/model/StyleSetEntry.java
[INFO] writing file /home/gabsko/breaking-updates/baremaps-openapi/target/generated-sources/openapi/src/gen/java/main/com/baremaps/model/Stylesheet.java
[INFO] writing file /home/gabsko/breaking-updates/baremaps-openapi/target/generated-sources/openapi/src/gen/java/main/com/baremaps/model/TileSetsDescription.java
[INFO] writing file /home/gabsko/breaking-updates/baremaps-openapi/target/generated-sources/openapi/src/gen/java/main/com/baremaps/api/CollectionsApi.java
[INFO] writing file /home/gabsko/breaking-updates/baremaps-openapi/target/generated-sources/openapi/src/gen/java/main/com/baremaps/api/ConformanceApi.java
[INFO] writing file /home/gabsko/breaking-updates/baremaps-openapi/target/generated-sources/openapi/src/gen/java/main/com/baremaps/api/DefaultApi.java
[INFO] writing file /home/gabsko/breaking-updates/baremaps-openapi/target/generated-sources/openapi/src/gen/java/main/com/baremaps/api/StylesApi.java
[INFO] writing file /home/gabsko/breaking-updates/baremaps-openapi/target/generated-sources/openapi/src/gen/java/main/com/baremaps/api/TilesApi.java
[INFO] writing file /home/gabsko/breaking-updates/baremaps-openapi/target/generated-sources/openapi/README.md
[INFO] writing file /home/gabsko/breaking-updates/baremaps-openapi/target/generated-sources/openapi/pom.xml
[INFO] writing file /home/gabsko/breaking-updates/baremaps-openapi/target/generated-sources/openapi/src/main/openapi/openapi.yaml
[INFO] writing file /home/gabsko/breaking-updates/baremaps-openapi/target/generated-sources/openapi/.openapi-generator-ignore
[INFO] writing file /home/gabsko/breaking-updates/baremaps-openapi/target/generated-sources/openapi/.openapi-generator/VERSION
[INFO] writing file /home/gabsko/breaking-updates/baremaps-openapi/target/generated-sources/openapi/.openapi-generator/FILES
################################################################################
# Thanks for using OpenAPI Generator.                                          #
# Please consider donation to help us maintain this project üôè                 #
# https://opencollective.com/openapi_generator/donate                          #
################################################################################
[INFO] 
[INFO] --- maven-resources-plugin:2.6:resources (default-resources) @ baremaps-openapi ---
[INFO] Using 'UTF-8' encoding to copy filtered resources.
[INFO] Copying 2 resources
[INFO] 
[INFO] --- maven-compiler-plugin:3.1:compile (default-compile) @ baremaps-openapi ---
[INFO] Changes detected - recompiling the module!
[INFO] Compiling 31 source files to /home/gabsko/breaking-updates/baremaps-openapi/target/classes
[INFO] 
[INFO] --- maven-resources-plugin:2.6:testResources (default-testResources) @ baremaps-openapi ---
[INFO] Using 'UTF-8' encoding to copy filtered resources.
[INFO] skip non existing resourceDirectory /home/gabsko/breaking-updates/baremaps-openapi/src/test/resources
[INFO] 
[INFO] --- maven-compiler-plugin:3.1:testCompile (default-testCompile) @ baremaps-openapi ---
[INFO] No sources to compile
[INFO] 
[INFO] --- maven-surefire-plugin:2.22.2:test (default-test) @ baremaps-openapi ---
[INFO] No tests to run.
[INFO] 
[INFO] --- jacoco-maven-plugin:0.8.7:report (report) @ baremaps-openapi ---
[INFO] Skipping JaCoCo execution due to missing execution data file.
[INFO] ------------------------------------------------------------------------
[INFO] Reactor Summary for baremaps 0.5.16-SNAPSHOT:
[INFO] 
[INFO] baremaps ........................................... SUCCESS [  0.624 s]
[INFO] baremaps-blob ...................................... SUCCESS [  2.532 s]
[INFO] baremaps-config .................................... SUCCESS [  2.251 s]
[INFO] baremaps-stream .................................... SUCCESS [  1.595 s]
[INFO] baremaps-tile ...................................... SUCCESS [  1.806 s]
[INFO] baremaps-testing ................................... SUCCESS [  0.068 s]
[INFO] baremaps-osm ....................................... SUCCESS [  6.958 s]
[INFO] baremaps-benchmarks ................................ SUCCESS [  0.249 s]
[INFO] baremaps-blob-s3 ................................... SUCCESS [  1.380 s]
[INFO] baremaps-postgres .................................. SUCCESS [  1.474 s]
[INFO] baremaps-tile-postgres ............................. SUCCESS [  2.143 s]
[INFO] baremaps-server .................................... SUCCESS [  0.218 s]
[INFO] baremaps-osm-lmdb .................................. SUCCESS [  0.081 s]
[INFO] baremaps-osm-postgres .............................. SUCCESS [  1.484 s]
[INFO] baremaps-tile-mbtiles .............................. SUCCESS [  2.178 s]
[INFO] baremaps-cli ....................................... SUCCESS [  1.704 s]
[INFO] baremaps-openapi ................................... SUCCESS [  1.119 s]
[INFO] ------------------------------------------------------------------------
[INFO] BUILD SUCCESS
[INFO] ------------------------------------------------------------------------
[INFO] Total time:  28.174 s
[INFO] Finished at: 2023-02-08T17:03:06Z
[INFO] ------------------------------------------------------------------------
